[0.023s] Invoking command in '/home/roamio42/Desktop/mic_control/build/audio_capture': AMENT_PREFIX_PATH=/home/roamio42/Desktop/mic_control/install/audio_common_msgs:${AMENT_PREFIX_PATH} CMAKE_PREFIX_PATH=/home/roamio42/Desktop/mic_control/install/audio_common_msgs:/opt/ros/jazzy/opt/gz_sim_vendor:/opt/ros/jazzy/opt/gz_sensors_vendor:/opt/ros/jazzy/opt/gz_physics_vendor:/opt/ros/jazzy/opt/sdformat_vendor:/opt/ros/jazzy/opt/gz_gui_vendor:/opt/ros/jazzy/opt/gz_transport_vendor:/opt/ros/jazzy/opt/gz_rendering_vendor:/opt/ros/jazzy/opt/gz_plugin_vendor:/opt/ros/jazzy/opt/gz_fuel_tools_vendor:/opt/ros/jazzy/opt/gz_msgs_vendor:/opt/ros/jazzy/opt/gz_common_vendor:/opt/ros/jazzy/opt/gz_math_vendor:/opt/ros/jazzy/opt/gz_utils_vendor:/opt/ros/jazzy/opt/gz_tools_vendor:/opt/ros/jazzy/opt/gz_ogre_next_vendor:/opt/ros/jazzy/opt/gz_dartsim_vendor:/opt/ros/jazzy/opt/gz_cmake_vendor:/opt/ros/jazzy DEBUGINFOD_URLS=https://debuginfod.ubuntu.com LD_LIBRARY_PATH=/home/roamio42/Desktop/mic_control/install/audio_common_msgs/lib:${LD_LIBRARY_PATH} PYTHONPATH=/home/roamio42/Desktop/mic_control/install/audio_common_msgs/lib/python3.12/site-packages:${PYTHONPATH} /usr/bin/cmake --build /home/roamio42/Desktop/mic_control/build/audio_capture -- -j4 -l4
[0.340s] [ 50%] Built target audio_capture_node
[0.561s] [100%] Built target audio_capture
[0.635s] Invoked command in '/home/roamio42/Desktop/mic_control/build/audio_capture' returned '0': AMENT_PREFIX_PATH=/home/roamio42/Desktop/mic_control/install/audio_common_msgs:${AMENT_PREFIX_PATH} CMAKE_PREFIX_PATH=/home/roamio42/Desktop/mic_control/install/audio_common_msgs:/opt/ros/jazzy/opt/gz_sim_vendor:/opt/ros/jazzy/opt/gz_sensors_vendor:/opt/ros/jazzy/opt/gz_physics_vendor:/opt/ros/jazzy/opt/sdformat_vendor:/opt/ros/jazzy/opt/gz_gui_vendor:/opt/ros/jazzy/opt/gz_transport_vendor:/opt/ros/jazzy/opt/gz_rendering_vendor:/opt/ros/jazzy/opt/gz_plugin_vendor:/opt/ros/jazzy/opt/gz_fuel_tools_vendor:/opt/ros/jazzy/opt/gz_msgs_vendor:/opt/ros/jazzy/opt/gz_common_vendor:/opt/ros/jazzy/opt/gz_math_vendor:/opt/ros/jazzy/opt/gz_utils_vendor:/opt/ros/jazzy/opt/gz_tools_vendor:/opt/ros/jazzy/opt/gz_ogre_next_vendor:/opt/ros/jazzy/opt/gz_dartsim_vendor:/opt/ros/jazzy/opt/gz_cmake_vendor:/opt/ros/jazzy DEBUGINFOD_URLS=https://debuginfod.ubuntu.com LD_LIBRARY_PATH=/home/roamio42/Desktop/mic_control/install/audio_common_msgs/lib:${LD_LIBRARY_PATH} PYTHONPATH=/home/roamio42/Desktop/mic_control/install/audio_common_msgs/lib/python3.12/site-packages:${PYTHONPATH} /usr/bin/cmake --build /home/roamio42/Desktop/mic_control/build/audio_capture -- -j4 -l4
[0.636s] Invoking command in '/home/roamio42/Desktop/mic_control/build/audio_capture': AMENT_PREFIX_PATH=/home/roamio42/Desktop/mic_control/install/audio_common_msgs:${AMENT_PREFIX_PATH} CMAKE_PREFIX_PATH=/home/roamio42/Desktop/mic_control/install/audio_common_msgs:/opt/ros/jazzy/opt/gz_sim_vendor:/opt/ros/jazzy/opt/gz_sensors_vendor:/opt/ros/jazzy/opt/gz_physics_vendor:/opt/ros/jazzy/opt/sdformat_vendor:/opt/ros/jazzy/opt/gz_gui_vendor:/opt/ros/jazzy/opt/gz_transport_vendor:/opt/ros/jazzy/opt/gz_rendering_vendor:/opt/ros/jazzy/opt/gz_plugin_vendor:/opt/ros/jazzy/opt/gz_fuel_tools_vendor:/opt/ros/jazzy/opt/gz_msgs_vendor:/opt/ros/jazzy/opt/gz_common_vendor:/opt/ros/jazzy/opt/gz_math_vendor:/opt/ros/jazzy/opt/gz_utils_vendor:/opt/ros/jazzy/opt/gz_tools_vendor:/opt/ros/jazzy/opt/gz_ogre_next_vendor:/opt/ros/jazzy/opt/gz_dartsim_vendor:/opt/ros/jazzy/opt/gz_cmake_vendor:/opt/ros/jazzy DEBUGINFOD_URLS=https://debuginfod.ubuntu.com LD_LIBRARY_PATH=/home/roamio42/Desktop/mic_control/install/audio_common_msgs/lib:${LD_LIBRARY_PATH} PYTHONPATH=/home/roamio42/Desktop/mic_control/install/audio_common_msgs/lib/python3.12/site-packages:${PYTHONPATH} /usr/bin/cmake --install /home/roamio42/Desktop/mic_control/build/audio_capture
[0.674s] -- Install configuration: ""
[0.674s] -- Installing: /home/roamio42/Desktop/mic_control/install/audio_capture/lib/audio_capture/audio_capture_node
[0.675s] -- Set non-toolchain portion of runtime path of "/home/roamio42/Desktop/mic_control/install/audio_capture/lib/audio_capture/audio_capture_node" to ""
[0.675s] -- Installing: /home/roamio42/Desktop/mic_control/install/audio_capture/bin/audio_capture_node
[0.676s] -- Set non-toolchain portion of runtime path of "/home/roamio42/Desktop/mic_control/install/audio_capture/bin/audio_capture_node" to ""
[0.677s] -- Installing: /home/roamio42/Desktop/mic_control/install/audio_capture/lib/libaudio_capture.so
[0.771s] -- Set non-toolchain portion of runtime path of "/home/roamio42/Desktop/mic_control/install/audio_capture/lib/libaudio_capture.so" to ""
[0.772s] -- Installing: /home/roamio42/Desktop/mic_control/install/audio_capture/share/audio_capture/launch
[0.772s] -- Installing: /home/roamio42/Desktop/mic_control/install/audio_capture/share/audio_capture/launch/capture.launch.py
[0.772s] -- Installing: /home/roamio42/Desktop/mic_control/install/audio_capture/share/audio_capture/launch/capture_to_file.launch.py
[0.772s] -- Installing: /home/roamio42/Desktop/mic_control/install/audio_capture/share/audio_capture/launch/capture_wave.launch.py
[0.772s] -- Installing: /home/roamio42/Desktop/mic_control/install/audio_capture/share/audio_capture/launch/capture_to_file.launch.xml
[0.772s] -- Installing: /home/roamio42/Desktop/mic_control/install/audio_capture/share/audio_capture/launch/capture.launch.xml
[0.772s] -- Installing: /home/roamio42/Desktop/mic_control/install/audio_capture/share/audio_capture/launch/capture_wave.launch.xml
[0.776s] -- Installing: /home/roamio42/Desktop/mic_control/install/audio_capture/share/audio_capture/environment/library_path.sh
[0.788s] -- Installing: /home/roamio42/Desktop/mic_control/install/audio_capture/share/audio_capture/environment/library_path.dsv
[0.788s] -- Installing: /home/roamio42/Desktop/mic_control/install/audio_capture/share/ament_index/resource_index/package_run_dependencies/audio_capture
[0.788s] -- Installing: /home/roamio42/Desktop/mic_control/install/audio_capture/share/ament_index/resource_index/parent_prefix_path/audio_capture
[0.788s] -- Installing: /home/roamio42/Desktop/mic_control/install/audio_capture/share/audio_capture/environment/ament_prefix_path.sh
[0.794s] -- Installing: /home/roamio42/Desktop/mic_control/install/audio_capture/share/audio_capture/environment/ament_prefix_path.dsv
[0.795s] -- Installing: /home/roamio42/Desktop/mic_control/install/audio_capture/share/audio_capture/environment/path.sh
[0.801s] -- Installing: /home/roamio42/Desktop/mic_control/install/audio_capture/share/audio_capture/environment/path.dsv
[0.803s] -- Installing: /home/roamio42/Desktop/mic_control/install/audio_capture/share/audio_capture/local_setup.bash
[0.804s] -- Installing: /home/roamio42/Desktop/mic_control/install/audio_capture/share/audio_capture/local_setup.sh
[0.804s] -- Installing: /home/roamio42/Desktop/mic_control/install/audio_capture/share/audio_capture/local_setup.zsh
[0.804s] -- Installing: /home/roamio42/Desktop/mic_control/install/audio_capture/share/audio_capture/local_setup.dsv
[0.804s] -- Installing: /home/roamio42/Desktop/mic_control/install/audio_capture/share/audio_capture/package.dsv
[0.806s] -- Installing: /home/roamio42/Desktop/mic_control/install/audio_capture/share/ament_index/resource_index/packages/audio_capture
[0.814s] -- Installing: /home/roamio42/Desktop/mic_control/install/audio_capture/share/ament_index/resource_index/rclcpp_components/audio_capture
[0.814s] -- Installing: /home/roamio42/Desktop/mic_control/install/audio_capture/share/audio_capture/cmake/ament_cmake_export_libraries-extras.cmake
[0.814s] -- Installing: /home/roamio42/Desktop/mic_control/install/audio_capture/share/audio_capture/cmake/audio_captureConfig.cmake
[0.814s] -- Installing: /home/roamio42/Desktop/mic_control/install/audio_capture/share/audio_capture/cmake/audio_captureConfig-version.cmake
[0.815s] -- Installing: /home/roamio42/Desktop/mic_control/install/audio_capture/share/audio_capture/package.xml
[0.835s] Invoked command in '/home/roamio42/Desktop/mic_control/build/audio_capture' returned '0': AMENT_PREFIX_PATH=/home/roamio42/Desktop/mic_control/install/audio_common_msgs:${AMENT_PREFIX_PATH} CMAKE_PREFIX_PATH=/home/roamio42/Desktop/mic_control/install/audio_common_msgs:/opt/ros/jazzy/opt/gz_sim_vendor:/opt/ros/jazzy/opt/gz_sensors_vendor:/opt/ros/jazzy/opt/gz_physics_vendor:/opt/ros/jazzy/opt/sdformat_vendor:/opt/ros/jazzy/opt/gz_gui_vendor:/opt/ros/jazzy/opt/gz_transport_vendor:/opt/ros/jazzy/opt/gz_rendering_vendor:/opt/ros/jazzy/opt/gz_plugin_vendor:/opt/ros/jazzy/opt/gz_fuel_tools_vendor:/opt/ros/jazzy/opt/gz_msgs_vendor:/opt/ros/jazzy/opt/gz_common_vendor:/opt/ros/jazzy/opt/gz_math_vendor:/opt/ros/jazzy/opt/gz_utils_vendor:/opt/ros/jazzy/opt/gz_tools_vendor:/opt/ros/jazzy/opt/gz_ogre_next_vendor:/opt/ros/jazzy/opt/gz_dartsim_vendor:/opt/ros/jazzy/opt/gz_cmake_vendor:/opt/ros/jazzy DEBUGINFOD_URLS=https://debuginfod.ubuntu.com LD_LIBRARY_PATH=/home/roamio42/Desktop/mic_control/install/audio_common_msgs/lib:${LD_LIBRARY_PATH} PYTHONPATH=/home/roamio42/Desktop/mic_control/install/audio_common_msgs/lib/python3.12/site-packages:${PYTHONPATH} /usr/bin/cmake --install /home/roamio42/Desktop/mic_control/build/audio_capture
