/home/roamio42/Desktop/mic_control/install/respeaker_ros/lib/python3.12/site-packages/respeaker_ros/util.py
/home/roamio42/Desktop/mic_control/install/respeaker_ros/lib/python3.12/site-packages/respeaker_ros/parameters.py
/home/roamio42/Desktop/mic_control/install/respeaker_ros/lib/python3.12/site-packages/respeaker_ros/mpu6050_driver.py
/home/roamio42/Desktop/mic_control/install/respeaker_ros/lib/python3.12/site-packages/respeaker_ros/respeaker_node.py
/home/roamio42/Desktop/mic_control/install/respeaker_ros/lib/python3.12/site-packages/respeaker_ros/doa_listener.py
/home/roamio42/Desktop/mic_control/install/respeaker_ros/lib/python3.12/site-packages/respeaker_ros/__init__.py
/home/roamio42/Desktop/mic_control/install/respeaker_ros/lib/python3.12/site-packages/respeaker_ros/audio.py
/home/roamio42/Desktop/mic_control/install/respeaker_ros/lib/python3.12/site-packages/respeaker_ros/interface.py
/home/roamio42/Desktop/mic_control/install/respeaker_ros/lib/python3.12/site-packages/scripts/__init__.py
/home/roamio42/Desktop/mic_control/install/respeaker_ros/lib/python3.12/site-packages/respeaker_ros/__pycache__/util.cpython-312.pyc
/home/roamio42/Desktop/mic_control/install/respeaker_ros/lib/python3.12/site-packages/respeaker_ros/__pycache__/parameters.cpython-312.pyc
/home/roamio42/Desktop/mic_control/install/respeaker_ros/lib/python3.12/site-packages/respeaker_ros/__pycache__/mpu6050_driver.cpython-312.pyc
/home/roamio42/Desktop/mic_control/install/respeaker_ros/lib/python3.12/site-packages/respeaker_ros/__pycache__/respeaker_node.cpython-312.pyc
/home/roamio42/Desktop/mic_control/install/respeaker_ros/lib/python3.12/site-packages/respeaker_ros/__pycache__/doa_listener.cpython-312.pyc
/home/roamio42/Desktop/mic_control/install/respeaker_ros/lib/python3.12/site-packages/respeaker_ros/__pycache__/__init__.cpython-312.pyc
/home/roamio42/Desktop/mic_control/install/respeaker_ros/lib/python3.12/site-packages/respeaker_ros/__pycache__/audio.cpython-312.pyc
/home/roamio42/Desktop/mic_control/install/respeaker_ros/lib/python3.12/site-packages/respeaker_ros/__pycache__/interface.cpython-312.pyc
/home/roamio42/Desktop/mic_control/install/respeaker_ros/lib/python3.12/site-packages/scripts/__pycache__/__init__.cpython-312.pyc
/home/roamio42/Desktop/mic_control/install/respeaker_ros/share/respeaker_ros/package.xml
/home/roamio42/Desktop/mic_control/install/respeaker_ros/share/ament_index/resource_index/packages/respeaker_ros
/home/roamio42/Desktop/mic_control/install/respeaker_ros/share/respeaker_ros/launch/respeaker_doa.launch.py
/home/roamio42/Desktop/mic_control/install/respeaker_ros/lib/python3.12/site-packages/respeaker_ros-1.0.0-py3.12.egg-info/dependency_links.txt
/home/roamio42/Desktop/mic_control/install/respeaker_ros/lib/python3.12/site-packages/respeaker_ros-1.0.0-py3.12.egg-info/PKG-INFO
/home/roamio42/Desktop/mic_control/install/respeaker_ros/lib/python3.12/site-packages/respeaker_ros-1.0.0-py3.12.egg-info/entry_points.txt
/home/roamio42/Desktop/mic_control/install/respeaker_ros/lib/python3.12/site-packages/respeaker_ros-1.0.0-py3.12.egg-info/requires.txt
/home/roamio42/Desktop/mic_control/install/respeaker_ros/lib/python3.12/site-packages/respeaker_ros-1.0.0-py3.12.egg-info/top_level.txt
/home/roamio42/Desktop/mic_control/install/respeaker_ros/lib/python3.12/site-packages/respeaker_ros-1.0.0-py3.12.egg-info/SOURCES.txt
/home/roamio42/Desktop/mic_control/install/respeaker_ros/lib/respeaker_ros/doa_listener
/home/roamio42/Desktop/mic_control/install/respeaker_ros/lib/respeaker_ros/mpu6050_driver
/home/roamio42/Desktop/mic_control/install/respeaker_ros/lib/respeaker_ros/respeaker_node
