[4.236s] Invoking command in '/home/roamio42/Desktop/mic_control/src/pixel_ring': DEBUGINFOD_URLS=https://debuginfod.ubuntu.com PYTHONPATH=/home/roamio42/Desktop/mic_control/build/pixel-ring/prefix_override:/usr/lib/python3/dist-packages/colcon_core/task/python/colcon_distutils_commands:/home/roamio42/Desktop/mic_control/install/pixel-ring/lib/python3.12/site-packages:${PYTHONPATH} /usr/bin/python3 -W ignore:setup.py install is deprecated -W ignore:easy_install command is deprecated setup.py egg_info --egg-base ../../build/pixel-ring build --build-base /home/roamio42/Desktop/mic_control/build/pixel-ring/build install --record /home/roamio42/Desktop/mic_control/build/pixel-ring/install.log --single-version-externally-managed
[5.035s] running egg_info
[5.090s] writing ../../build/pixel-ring/pixel_ring.egg-info/PKG-INFO
[5.090s] writing dependency_links to ../../build/pixel-ring/pixel_ring.egg-info/dependency_links.txt
[5.091s] writing entry points to ../../build/pixel-ring/pixel_ring.egg-info/entry_points.txt
[5.091s] writing requirements to ../../build/pixel-ring/pixel_ring.egg-info/requires.txt
[5.091s] writing top-level names to ../../build/pixel-ring/pixel_ring.egg-info/top_level.txt
[5.184s] reading manifest file '../../build/pixel-ring/pixel_ring.egg-info/SOURCES.txt'
[5.185s] writing manifest file '../../build/pixel-ring/pixel_ring.egg-info/SOURCES.txt'
[5.186s] running build
[5.186s] running build_py
[5.192s] running install
[5.198s] running install_lib
[5.255s] running install_egg_info
[5.296s] removing '/home/roamio42/Desktop/mic_control/install/pixel-ring/lib/python3.12/site-packages/pixel_ring-0.1.0-py3.12.egg-info' (and everything under it)
[5.296s] Copying ../../build/pixel-ring/pixel_ring.egg-info to /home/roamio42/Desktop/mic_control/install/pixel-ring/lib/python3.12/site-packages/pixel_ring-0.1.0-py3.12.egg-info
[5.299s] running install_scripts
[5.593s] Installing pixel_ring_check script to /home/roamio42/Desktop/mic_control/install/pixel-ring/bin
[5.594s] writing list of installed files to '/home/roamio42/Desktop/mic_control/build/pixel-ring/install.log'
[5.976s] Invoked command in '/home/roamio42/Desktop/mic_control/src/pixel_ring' returned '0': DEBUGINFOD_URLS=https://debuginfod.ubuntu.com PYTHONPATH=/home/roamio42/Desktop/mic_control/build/pixel-ring/prefix_override:/usr/lib/python3/dist-packages/colcon_core/task/python/colcon_distutils_commands:/home/roamio42/Desktop/mic_control/install/pixel-ring/lib/python3.12/site-packages:${PYTHONPATH} /usr/bin/python3 -W ignore:setup.py install is deprecated -W ignore:easy_install command is deprecated setup.py egg_info --egg-base ../../build/pixel-ring build --build-base /home/roamio42/Desktop/mic_control/build/pixel-ring/build install --record /home/roamio42/Desktop/mic_control/build/pixel-ring/install.log --single-version-externally-managed
