running egg_info
creating ../../build/imu/imu.egg-info
writing ../../build/imu/imu.egg-info/PKG-INFO
writing dependency_links to ../../build/imu/imu.egg-info/dependency_links.txt
writing entry points to ../../build/imu/imu.egg-info/entry_points.txt
writing requirements to ../../build/imu/imu.egg-info/requires.txt
writing top-level names to ../../build/imu/imu.egg-info/top_level.txt
writing manifest file '../../build/imu/imu.egg-info/SOURCES.txt'
reading manifest file '../../build/imu/imu.egg-info/SOURCES.txt'
writing manifest file '../../build/imu/imu.egg-info/SOURCES.txt'
running build
running build_py
creating /home/roamio42/Desktop/mic_control/build/imu/build
creating /home/roamio42/Desktop/mic_control/build/imu/build/lib
creating /home/roamio42/Desktop/mic_control/build/imu/build/lib/imu
copying imu/mpu6050_driver.py -> /home/roamio42/Desktop/mic_control/build/imu/build/lib/imu
copying imu/__init__.py -> /home/roamio42/Desktop/mic_control/build/imu/build/lib/imu
running install
running install_lib
creating /home/roamio42/Desktop/mic_control/install/imu/lib/python3.12/site-packages/imu
copying /home/roamio42/Desktop/mic_control/build/imu/build/lib/imu/mpu6050_driver.py -> /home/roamio42/Desktop/mic_control/install/imu/lib/python3.12/site-packages/imu
copying /home/roamio42/Desktop/mic_control/build/imu/build/lib/imu/__init__.py -> /home/roamio42/Desktop/mic_control/install/imu/lib/python3.12/site-packages/imu
byte-compiling /home/roamio42/Desktop/mic_control/install/imu/lib/python3.12/site-packages/imu/mpu6050_driver.py to mpu6050_driver.cpython-312.pyc
byte-compiling /home/roamio42/Desktop/mic_control/install/imu/lib/python3.12/site-packages/imu/__init__.py to __init__.cpython-312.pyc
running install_data
creating /home/roamio42/Desktop/mic_control/install/imu/share/ament_index
creating /home/roamio42/Desktop/mic_control/install/imu/share/ament_index/resource_index
creating /home/roamio42/Desktop/mic_control/install/imu/share/ament_index/resource_index/packages
copying resource/imu -> /home/roamio42/Desktop/mic_control/install/imu/share/ament_index/resource_index/packages
copying package.xml -> /home/roamio42/Desktop/mic_control/install/imu/share/imu
running install_egg_info
Copying ../../build/imu/imu.egg-info to /home/roamio42/Desktop/mic_control/install/imu/lib/python3.12/site-packages/imu-0.0.0-py3.12.egg-info
running install_scripts
Installing imu_node script to /home/roamio42/Desktop/mic_control/install/imu/lib/imu
writing list of installed files to '/home/roamio42/Desktop/mic_control/build/imu/install.log'
