[0.029s] Invoking command in '/home/roamio42/Desktop/mic_control/build/audio_common_msgs': CMAKE_PREFIX_PATH=${CMAKE_PREFIX_PATH}:/opt/ros/jazzy DEBUGINFOD_URLS=https://debuginfod.ubuntu.com /usr/bin/cmake /home/roamio42/Desktop/mic_control/src/audio_common/audio_common_msgs -DCMAKE_INSTALL_PREFIX=/home/roamio42/Desktop/mic_control/install/audio_common_msgs
[0.693s] -- The C compiler identification is GNU 13.3.0
[1.142s] -- The CXX compiler identification is GNU 13.3.0
[1.189s] -- Detecting C compiler ABI info
[1.419s] -- Detecting C compiler ABI info - done
[1.436s] -- Check for working C compiler: /usr/bin/cc - skipped
[1.436s] -- Detecting C compile features
[1.437s] -- Detecting C compile features - done
[1.461s] -- Detecting CXX compiler ABI info
[1.668s] -- Detecting CXX compiler ABI info - done
[1.683s] -- Check for working CXX compiler: /usr/bin/c++ - skipped
[1.684s] -- Detecting CXX compile features
[1.684s] -- Detecting CXX compile features - done
[1.701s] -- Found ament_cmake: 2.5.4 (/opt/ros/jazzy/share/ament_cmake/cmake)
[1.928s] -- Found Python3: /opt/venv/bin/python3 (found version "3.12.3") found components: Interpreter 
[2.281s] -- Found rosidl_default_generators: 1.6.0 (/opt/ros/jazzy/share/rosidl_default_generators/cmake)
[2.301s] -- Using all available rosidl_typesupport_c: rosidl_typesupport_fastrtps_c;rosidl_typesupport_introspection_c
[2.462s] -- Using all available rosidl_typesupport_cpp: rosidl_typesupport_fastrtps_cpp;rosidl_typesupport_introspection_cpp
[2.593s] -- Found rosidl_adapter: 4.6.5 (/opt/ros/jazzy/share/rosidl_adapter/cmake)
[2.611s] -- Found std_msgs: 5.3.6 (/opt/ros/jazzy/share/std_msgs/cmake)
[3.824s] -- Found ament_cmake_ros: 0.12.0 (/opt/ros/jazzy/share/ament_cmake_ros/cmake)
[4.530s] -- Using all available rosidl_typesupport_c: rosidl_typesupport_fastrtps_c;rosidl_typesupport_introspection_c
[5.435s] -- Using all available rosidl_typesupport_cpp: rosidl_typesupport_fastrtps_cpp;rosidl_typesupport_introspection_cpp
[5.450s] -- Found python_cmake_module: 0.11.1 (/opt/ros/jazzy/share/python_cmake_module/cmake)
[5.637s] -- Found PythonExtra: /opt/venv/bin/python3  
[6.547s] -- Found Python3: /opt/venv/bin/python3 (found version "3.12.3") found components: Interpreter Development NumPy Development.Module Development.Embed 
[6.650s] -- Configuring done (6.5s)
[6.724s] -- Generating done (0.1s)
[6.742s] -- Build files have been written to: /home/roamio42/Desktop/mic_control/build/audio_common_msgs
[6.759s] Invoked command in '/home/roamio42/Desktop/mic_control/build/audio_common_msgs' returned '0': CMAKE_PREFIX_PATH=${CMAKE_PREFIX_PATH}:/opt/ros/jazzy DEBUGINFOD_URLS=https://debuginfod.ubuntu.com /usr/bin/cmake /home/roamio42/Desktop/mic_control/src/audio_common/audio_common_msgs -DCMAKE_INSTALL_PREFIX=/home/roamio42/Desktop/mic_control/install/audio_common_msgs
[6.761s] Invoking command in '/home/roamio42/Desktop/mic_control/build/audio_common_msgs': CMAKE_PREFIX_PATH=${CMAKE_PREFIX_PATH}:/opt/ros/jazzy DEBUGINFOD_URLS=https://debuginfod.ubuntu.com /usr/bin/cmake --build /home/roamio42/Desktop/mic_control/build/audio_common_msgs -- -j4 -l4
[6.866s] [  1%] [34m[1mGenerating type hashes for ROS interfaces[0m
[6.885s] [  1%] Built target ament_cmake_python_copy_audio_common_msgs
[7.425s] [  1%] Built target audio_common_msgs__rosidl_generator_type_description
[7.448s] [  3%] [34m[1mGenerating C code for ROS interfaces[0m
[7.471s] [  5%] [34m[1mGenerating C++ code for ROS interfaces[0m
[7.570s] running egg_info
[7.599s] creating audio_common_msgs.egg-info
[7.599s] writing audio_common_msgs.egg-info/PKG-INFO
[7.602s] writing dependency_links to audio_common_msgs.egg-info/dependency_links.txt
[7.602s] writing top-level names to audio_common_msgs.egg-info/top_level.txt
[7.602s] writing manifest file 'audio_common_msgs.egg-info/SOURCES.txt'
[7.700s] reading manifest file 'audio_common_msgs.egg-info/SOURCES.txt'
[7.706s] writing manifest file 'audio_common_msgs.egg-info/SOURCES.txt'
[7.857s] [  5%] Built target ament_cmake_python_build_audio_common_msgs_egg
[8.358s] [  5%] Built target audio_common_msgs__cpp
[8.508s] [ 12%] [32mBuilding C object CMakeFiles/audio_common_msgs__rosidl_generator_c.dir/rosidl_generator_c/audio_common_msgs/msg/detail/audio_data_stamped__description.c.o[0m
[8.509s] [ 12%] [32mBuilding C object CMakeFiles/audio_common_msgs__rosidl_generator_c.dir/rosidl_generator_c/audio_common_msgs/msg/detail/audio_data__functions.c.o[0m
[8.509s] [ 12%] [32mBuilding C object CMakeFiles/audio_common_msgs__rosidl_generator_c.dir/rosidl_generator_c/audio_common_msgs/msg/detail/audio_data__type_support.c.o[0m
[8.509s] [ 12%] [32mBuilding C object CMakeFiles/audio_common_msgs__rosidl_generator_c.dir/rosidl_generator_c/audio_common_msgs/msg/detail/audio_data__description.c.o[0m
[8.678s] [ 14%] [32mBuilding C object CMakeFiles/audio_common_msgs__rosidl_generator_c.dir/rosidl_generator_c/audio_common_msgs/msg/detail/audio_data_stamped__functions.c.o[0m
[8.694s] [ 16%] [32mBuilding C object CMakeFiles/audio_common_msgs__rosidl_generator_c.dir/rosidl_generator_c/audio_common_msgs/msg/detail/audio_data_stamped__type_support.c.o[0m
[8.715s] [ 18%] [32mBuilding C object CMakeFiles/audio_common_msgs__rosidl_generator_c.dir/rosidl_generator_c/audio_common_msgs/msg/detail/audio_info__description.c.o[0m
[8.774s] [ 20%] [32mBuilding C object CMakeFiles/audio_common_msgs__rosidl_generator_c.dir/rosidl_generator_c/audio_common_msgs/msg/detail/audio_info__functions.c.o[0m
[8.786s] [ 22%] [32mBuilding C object CMakeFiles/audio_common_msgs__rosidl_generator_c.dir/rosidl_generator_c/audio_common_msgs/msg/detail/audio_info__type_support.c.o[0m
[8.889s] [ 24%] [32m[1mLinking C shared library libaudio_common_msgs__rosidl_generator_c.so[0m
[9.004s] [ 24%] Built target audio_common_msgs__rosidl_generator_c
[9.033s] [ 31%] [34m[1mGenerating C introspection for ROS interfaces[0m
[9.033s] [ 31%] [34m[1mGenerating C++ introspection for ROS interfaces[0m
[9.034s] [ 31%] [34m[1mGenerating C++ type support dispatch for ROS interfaces[0m
[9.034s] [ 31%] [34m[1mGenerating C type support for eProsima Fast-RTPS[0m
[9.934s] [ 33%] [32mBuilding CXX object CMakeFiles/audio_common_msgs__rosidl_typesupport_cpp.dir/rosidl_typesupport_cpp/audio_common_msgs/msg/audio_data__type_support.cpp.o[0m
[10.083s] [ 37%] [32mBuilding CXX object CMakeFiles/audio_common_msgs__rosidl_typesupport_introspection_cpp.dir/rosidl_typesupport_introspection_cpp/audio_common_msgs/msg/detail/audio_data__type_support.cpp.o[0m
[10.085s] [ 37%] [32mBuilding C object CMakeFiles/audio_common_msgs__rosidl_typesupport_introspection_c.dir/rosidl_typesupport_introspection_c/audio_common_msgs/msg/detail/audio_data__type_support.c.o[0m
[10.187s] [ 38%] [32mBuilding C object CMakeFiles/audio_common_msgs__rosidl_typesupport_introspection_c.dir/rosidl_typesupport_introspection_c/audio_common_msgs/msg/detail/audio_data_stamped__type_support.c.o[0m
[10.189s] [ 40%] [32mBuilding CXX object CMakeFiles/audio_common_msgs__rosidl_typesupport_fastrtps_c.dir/rosidl_typesupport_fastrtps_c/audio_common_msgs/msg/detail/audio_data__type_support_c.cpp.o[0m
[10.288s] [ 42%] [32mBuilding C object CMakeFiles/audio_common_msgs__rosidl_typesupport_introspection_c.dir/rosidl_typesupport_introspection_c/audio_common_msgs/msg/detail/audio_info__type_support.c.o[0m
[10.391s] [ 44%] [32m[1mLinking C shared library libaudio_common_msgs__rosidl_typesupport_introspection_c.so[0m
[10.507s] [ 44%] Built target audio_common_msgs__rosidl_typesupport_introspection_c
[10.538s] [ 46%] [34m[1mGenerating C type support dispatch for ROS interfaces[0m
[11.066s] [ 48%] [32mBuilding CXX object CMakeFiles/audio_common_msgs__rosidl_typesupport_cpp.dir/rosidl_typesupport_cpp/audio_common_msgs/msg/audio_data_stamped__type_support.cpp.o[0m
[11.205s] [ 50%] [32mBuilding CXX object CMakeFiles/audio_common_msgs__rosidl_typesupport_introspection_cpp.dir/rosidl_typesupport_introspection_cpp/audio_common_msgs/msg/detail/audio_data_stamped__type_support.cpp.o[0m
[11.600s] [ 51%] [32mBuilding CXX object CMakeFiles/audio_common_msgs__rosidl_typesupport_c.dir/rosidl_typesupport_c/audio_common_msgs/msg/audio_data__type_support.cpp.o[0m
[11.625s] [ 53%] [32mBuilding CXX object CMakeFiles/audio_common_msgs__rosidl_typesupport_fastrtps_c.dir/rosidl_typesupport_fastrtps_c/audio_common_msgs/msg/detail/audio_data_stamped__type_support_c.cpp.o[0m
[11.723s] [ 55%] [32mBuilding CXX object CMakeFiles/audio_common_msgs__rosidl_typesupport_c.dir/rosidl_typesupport_c/audio_common_msgs/msg/audio_data_stamped__type_support.cpp.o[0m
[11.846s] [ 57%] [32mBuilding CXX object CMakeFiles/audio_common_msgs__rosidl_typesupport_c.dir/rosidl_typesupport_c/audio_common_msgs/msg/audio_info__type_support.cpp.o[0m
[11.965s] [ 59%] [32m[1mLinking CXX shared library libaudio_common_msgs__rosidl_typesupport_c.so[0m
[12.100s] [ 61%] [32mBuilding CXX object CMakeFiles/audio_common_msgs__rosidl_typesupport_cpp.dir/rosidl_typesupport_cpp/audio_common_msgs/msg/audio_info__type_support.cpp.o[0m
[12.106s] [ 61%] Built target audio_common_msgs__rosidl_typesupport_c
[12.136s] [ 62%] [32mBuilding CXX object CMakeFiles/audio_common_msgs__rosidl_typesupport_fastrtps_c.dir/rosidl_typesupport_fastrtps_c/audio_common_msgs/msg/detail/audio_info__type_support_c.cpp.o[0m
[12.280s] [ 64%] [32mBuilding CXX object CMakeFiles/audio_common_msgs__rosidl_typesupport_introspection_cpp.dir/rosidl_typesupport_introspection_cpp/audio_common_msgs/msg/detail/audio_info__type_support.cpp.o[0m
[13.063s] [ 66%] [34m[1mGenerating C++ type support for eProsima Fast-RTPS[0m
[13.126s] [ 68%] [32m[1mLinking CXX shared library libaudio_common_msgs__rosidl_typesupport_cpp.so[0m
[13.275s] [ 70%] [32m[1mLinking CXX shared library libaudio_common_msgs__rosidl_typesupport_introspection_cpp.so[0m
[13.351s] [ 70%] Built target audio_common_msgs__rosidl_typesupport_cpp
[13.565s] [ 70%] Built target audio_common_msgs__rosidl_typesupport_introspection_cpp
[13.590s] [ 72%] [32m[1mLinking CXX shared library libaudio_common_msgs__rosidl_typesupport_fastrtps_c.so[0m
[13.800s] [ 72%] Built target audio_common_msgs__rosidl_typesupport_fastrtps_c
[14.075s] [ 77%] [32mBuilding CXX object CMakeFiles/audio_common_msgs__rosidl_typesupport_fastrtps_cpp.dir/rosidl_typesupport_fastrtps_cpp/audio_common_msgs/msg/detail/dds_fastrtps/audio_data__type_support.cpp.o[0m
[14.075s] [ 77%] [32mBuilding CXX object CMakeFiles/audio_common_msgs__rosidl_typesupport_fastrtps_cpp.dir/rosidl_typesupport_fastrtps_cpp/audio_common_msgs/msg/detail/dds_fastrtps/audio_info__type_support.cpp.o[0m
[14.075s] [ 77%] [32mBuilding CXX object CMakeFiles/audio_common_msgs__rosidl_typesupport_fastrtps_cpp.dir/rosidl_typesupport_fastrtps_cpp/audio_common_msgs/msg/detail/dds_fastrtps/audio_data_stamped__type_support.cpp.o[0m
[15.289s] [ 79%] [32m[1mLinking CXX shared library libaudio_common_msgs__rosidl_typesupport_fastrtps_cpp.so[0m
[15.492s] [ 79%] Built target audio_common_msgs__rosidl_typesupport_fastrtps_cpp
[15.536s] [ 79%] Built target audio_common_msgs
[15.580s] [ 81%] [34m[1mGenerating Python code for ROS interfaces[0m
[16.564s] [ 81%] Built target audio_common_msgs__py
[16.608s] [ 87%] [32mBuilding C object CMakeFiles/audio_common_msgs__rosidl_generator_py.dir/rosidl_generator_py/audio_common_msgs/msg/_audio_data_stamped_s.c.o[0m
[16.609s] [ 87%] [32mBuilding C object CMakeFiles/audio_common_msgs__rosidl_generator_py.dir/rosidl_generator_py/audio_common_msgs/msg/_audio_data_s.c.o[0m
[16.609s] [ 87%] [32mBuilding C object CMakeFiles/audio_common_msgs__rosidl_generator_py.dir/rosidl_generator_py/audio_common_msgs/msg/_audio_info_s.c.o[0m
[17.094s] [ 88%] [32m[1mLinking C shared library libaudio_common_msgs__rosidl_generator_py.so[0m
[17.203s] [ 88%] Built target audio_common_msgs__rosidl_generator_py
[17.252s] [ 94%] [32mBuilding C object CMakeFiles/audio_common_msgs_s__rosidl_typesupport_introspection_c.dir/rosidl_generator_py/audio_common_msgs/_audio_common_msgs_s.ep.rosidl_typesupport_introspection_c.c.o[0m
[17.252s] [ 94%] [32mBuilding C object CMakeFiles/audio_common_msgs_s__rosidl_typesupport_fastrtps_c.dir/rosidl_generator_py/audio_common_msgs/_audio_common_msgs_s.ep.rosidl_typesupport_fastrtps_c.c.o[0m
[17.252s] [ 94%] [32mBuilding C object CMakeFiles/audio_common_msgs_s__rosidl_typesupport_c.dir/rosidl_generator_py/audio_common_msgs/_audio_common_msgs_s.ep.rosidl_typesupport_c.c.o[0m
[17.480s] [ 98%] [32m[1mLinking C shared module rosidl_generator_py/audio_common_msgs/audio_common_msgs_s__rosidl_typesupport_c.so[0m
[17.480s] [ 98%] [32m[1mLinking C shared module rosidl_generator_py/audio_common_msgs/audio_common_msgs_s__rosidl_typesupport_introspection_c.so[0m
[17.492s] [100%] [32m[1mLinking C shared module rosidl_generator_py/audio_common_msgs/audio_common_msgs_s__rosidl_typesupport_fastrtps_c.so[0m
[17.552s] [100%] Built target audio_common_msgs_s__rosidl_typesupport_c
[17.560s] [100%] Built target audio_common_msgs_s__rosidl_typesupport_introspection_c
[17.568s] [100%] Built target audio_common_msgs_s__rosidl_typesupport_fastrtps_c
[17.593s] Invoked command in '/home/roamio42/Desktop/mic_control/build/audio_common_msgs' returned '0': CMAKE_PREFIX_PATH=${CMAKE_PREFIX_PATH}:/opt/ros/jazzy DEBUGINFOD_URLS=https://debuginfod.ubuntu.com /usr/bin/cmake --build /home/roamio42/Desktop/mic_control/build/audio_common_msgs -- -j4 -l4
[17.615s] Invoking command in '/home/roamio42/Desktop/mic_control/build/audio_common_msgs': CMAKE_PREFIX_PATH=${CMAKE_PREFIX_PATH}:/opt/ros/jazzy DEBUGINFOD_URLS=https://debuginfod.ubuntu.com /usr/bin/cmake --install /home/roamio42/Desktop/mic_control/build/audio_common_msgs
[17.633s] -- Install configuration: ""
[17.633s] -- Installing: /home/roamio42/Desktop/mic_control/install/audio_common_msgs/share/ament_index/resource_index/rosidl_interfaces/audio_common_msgs
[17.633s] -- Installing: /home/roamio42/Desktop/mic_control/install/audio_common_msgs/share/audio_common_msgs/msg/AudioData.json
[17.633s] -- Installing: /home/roamio42/Desktop/mic_control/install/audio_common_msgs/share/audio_common_msgs/msg/AudioDataStamped.json
[17.634s] -- Installing: /home/roamio42/Desktop/mic_control/install/audio_common_msgs/share/audio_common_msgs/msg/AudioInfo.json
[17.634s] -- Installing: /home/roamio42/Desktop/mic_control/install/audio_common_msgs/include/audio_common_msgs/audio_common_msgs
[17.634s] -- Installing: /home/roamio42/Desktop/mic_control/install/audio_common_msgs/include/audio_common_msgs/audio_common_msgs/msg
[17.634s] -- Installing: /home/roamio42/Desktop/mic_control/install/audio_common_msgs/include/audio_common_msgs/audio_common_msgs/msg/audio_data.h
[17.634s] -- Installing: /home/roamio42/Desktop/mic_control/install/audio_common_msgs/include/audio_common_msgs/audio_common_msgs/msg/audio_data_stamped.h
[17.634s] -- Installing: /home/roamio42/Desktop/mic_control/install/audio_common_msgs/include/audio_common_msgs/audio_common_msgs/msg/rosidl_generator_c__visibility_control.h
[17.635s] -- Installing: /home/roamio42/Desktop/mic_control/install/audio_common_msgs/include/audio_common_msgs/audio_common_msgs/msg/detail
[17.635s] -- Installing: /home/roamio42/Desktop/mic_control/install/audio_common_msgs/include/audio_common_msgs/audio_common_msgs/msg/detail/audio_data__functions.c
[17.635s] -- Installing: /home/roamio42/Desktop/mic_control/install/audio_common_msgs/include/audio_common_msgs/audio_common_msgs/msg/detail/audio_info__description.c
[17.635s] -- Installing: /home/roamio42/Desktop/mic_control/install/audio_common_msgs/include/audio_common_msgs/audio_common_msgs/msg/detail/audio_data__struct.h
[17.635s] -- Installing: /home/roamio42/Desktop/mic_control/install/audio_common_msgs/include/audio_common_msgs/audio_common_msgs/msg/detail/audio_data_stamped__functions.h
[17.635s] -- Installing: /home/roamio42/Desktop/mic_control/install/audio_common_msgs/include/audio_common_msgs/audio_common_msgs/msg/detail/audio_info__struct.h
[17.635s] -- Installing: /home/roamio42/Desktop/mic_control/install/audio_common_msgs/include/audio_common_msgs/audio_common_msgs/msg/detail/audio_data_stamped__description.c
[17.636s] -- Installing: /home/roamio42/Desktop/mic_control/install/audio_common_msgs/include/audio_common_msgs/audio_common_msgs/msg/detail/audio_data_stamped__functions.c
[17.636s] -- Installing: /home/roamio42/Desktop/mic_control/install/audio_common_msgs/include/audio_common_msgs/audio_common_msgs/msg/detail/audio_data__description.c
[17.636s] -- Installing: /home/roamio42/Desktop/mic_control/install/audio_common_msgs/include/audio_common_msgs/audio_common_msgs/msg/detail/audio_info__type_support.c
[17.636s] -- Installing: /home/roamio42/Desktop/mic_control/install/audio_common_msgs/include/audio_common_msgs/audio_common_msgs/msg/detail/audio_info__type_support.h
[17.636s] -- Installing: /home/roamio42/Desktop/mic_control/install/audio_common_msgs/include/audio_common_msgs/audio_common_msgs/msg/detail/audio_data_stamped__type_support.c
[17.636s] -- Installing: /home/roamio42/Desktop/mic_control/install/audio_common_msgs/include/audio_common_msgs/audio_common_msgs/msg/detail/audio_data__type_support.h
[17.636s] -- Installing: /home/roamio42/Desktop/mic_control/install/audio_common_msgs/include/audio_common_msgs/audio_common_msgs/msg/detail/audio_info__functions.h
[17.637s] -- Installing: /home/roamio42/Desktop/mic_control/install/audio_common_msgs/include/audio_common_msgs/audio_common_msgs/msg/detail/audio_data__functions.h
[17.637s] -- Installing: /home/roamio42/Desktop/mic_control/install/audio_common_msgs/include/audio_common_msgs/audio_common_msgs/msg/detail/audio_data_stamped__type_support.h
[17.637s] -- Installing: /home/roamio42/Desktop/mic_control/install/audio_common_msgs/include/audio_common_msgs/audio_common_msgs/msg/detail/audio_info__functions.c
[17.637s] -- Installing: /home/roamio42/Desktop/mic_control/install/audio_common_msgs/include/audio_common_msgs/audio_common_msgs/msg/detail/audio_data__type_support.c
[17.637s] -- Installing: /home/roamio42/Desktop/mic_control/install/audio_common_msgs/include/audio_common_msgs/audio_common_msgs/msg/detail/audio_data_stamped__struct.h
[17.637s] -- Installing: /home/roamio42/Desktop/mic_control/install/audio_common_msgs/include/audio_common_msgs/audio_common_msgs/msg/audio_info.h
[17.638s] -- Installing: /home/roamio42/Desktop/mic_control/install/audio_common_msgs/share/audio_common_msgs/environment/library_path.sh
[17.638s] -- Installing: /home/roamio42/Desktop/mic_control/install/audio_common_msgs/share/audio_common_msgs/environment/library_path.dsv
[17.638s] -- Installing: /home/roamio42/Desktop/mic_control/install/audio_common_msgs/lib/libaudio_common_msgs__rosidl_generator_c.so
[17.639s] -- Set non-toolchain portion of runtime path of "/home/roamio42/Desktop/mic_control/install/audio_common_msgs/lib/libaudio_common_msgs__rosidl_generator_c.so" to ""
[17.639s] -- Up-to-date: /home/roamio42/Desktop/mic_control/install/audio_common_msgs/include/audio_common_msgs/audio_common_msgs
[17.639s] -- Up-to-date: /home/roamio42/Desktop/mic_control/install/audio_common_msgs/include/audio_common_msgs/audio_common_msgs/msg
[17.639s] -- Installing: /home/roamio42/Desktop/mic_control/install/audio_common_msgs/include/audio_common_msgs/audio_common_msgs/msg/rosidl_typesupport_fastrtps_c__visibility_control.h
[17.639s] -- Up-to-date: /home/roamio42/Desktop/mic_control/install/audio_common_msgs/include/audio_common_msgs/audio_common_msgs/msg/detail
[17.639s] -- Installing: /home/roamio42/Desktop/mic_control/install/audio_common_msgs/include/audio_common_msgs/audio_common_msgs/msg/detail/audio_info__rosidl_typesupport_fastrtps_c.h
[17.639s] -- Installing: /home/roamio42/Desktop/mic_control/install/audio_common_msgs/include/audio_common_msgs/audio_common_msgs/msg/detail/audio_data_stamped__rosidl_typesupport_fastrtps_c.h
[17.639s] -- Installing: /home/roamio42/Desktop/mic_control/install/audio_common_msgs/include/audio_common_msgs/audio_common_msgs/msg/detail/audio_data__rosidl_typesupport_fastrtps_c.h
[17.640s] -- Installing: /home/roamio42/Desktop/mic_control/install/audio_common_msgs/lib/libaudio_common_msgs__rosidl_typesupport_fastrtps_c.so
[17.640s] -- Set non-toolchain portion of runtime path of "/home/roamio42/Desktop/mic_control/install/audio_common_msgs/lib/libaudio_common_msgs__rosidl_typesupport_fastrtps_c.so" to ""
[17.640s] -- Up-to-date: /home/roamio42/Desktop/mic_control/install/audio_common_msgs/include/audio_common_msgs/audio_common_msgs
[17.640s] -- Up-to-date: /home/roamio42/Desktop/mic_control/install/audio_common_msgs/include/audio_common_msgs/audio_common_msgs/msg
[17.641s] -- Up-to-date: /home/roamio42/Desktop/mic_control/install/audio_common_msgs/include/audio_common_msgs/audio_common_msgs/msg/detail
[17.641s] -- Installing: /home/roamio42/Desktop/mic_control/install/audio_common_msgs/include/audio_common_msgs/audio_common_msgs/msg/detail/audio_info__rosidl_typesupport_introspection_c.h
[17.641s] -- Installing: /home/roamio42/Desktop/mic_control/install/audio_common_msgs/include/audio_common_msgs/audio_common_msgs/msg/detail/audio_info__type_support.c
[17.641s] -- Installing: /home/roamio42/Desktop/mic_control/install/audio_common_msgs/include/audio_common_msgs/audio_common_msgs/msg/detail/audio_data_stamped__type_support.c
[17.641s] -- Installing: /home/roamio42/Desktop/mic_control/install/audio_common_msgs/include/audio_common_msgs/audio_common_msgs/msg/detail/audio_data_stamped__rosidl_typesupport_introspection_c.h
[17.641s] -- Installing: /home/roamio42/Desktop/mic_control/install/audio_common_msgs/include/audio_common_msgs/audio_common_msgs/msg/detail/audio_data__rosidl_typesupport_introspection_c.h
[17.641s] -- Installing: /home/roamio42/Desktop/mic_control/install/audio_common_msgs/include/audio_common_msgs/audio_common_msgs/msg/detail/audio_data__type_support.c
[17.641s] -- Installing: /home/roamio42/Desktop/mic_control/install/audio_common_msgs/include/audio_common_msgs/audio_common_msgs/msg/rosidl_typesupport_introspection_c__visibility_control.h
[17.641s] -- Installing: /home/roamio42/Desktop/mic_control/install/audio_common_msgs/lib/libaudio_common_msgs__rosidl_typesupport_introspection_c.so
[17.642s] -- Set non-toolchain portion of runtime path of "/home/roamio42/Desktop/mic_control/install/audio_common_msgs/lib/libaudio_common_msgs__rosidl_typesupport_introspection_c.so" to ""
[17.642s] -- Installing: /home/roamio42/Desktop/mic_control/install/audio_common_msgs/lib/libaudio_common_msgs__rosidl_typesupport_c.so
[17.643s] -- Set non-toolchain portion of runtime path of "/home/roamio42/Desktop/mic_control/install/audio_common_msgs/lib/libaudio_common_msgs__rosidl_typesupport_c.so" to ""
[17.643s] -- Up-to-date: /home/roamio42/Desktop/mic_control/install/audio_common_msgs/include/audio_common_msgs/audio_common_msgs
[17.643s] -- Up-to-date: /home/roamio42/Desktop/mic_control/install/audio_common_msgs/include/audio_common_msgs/audio_common_msgs/msg
[17.643s] -- Installing: /home/roamio42/Desktop/mic_control/install/audio_common_msgs/include/audio_common_msgs/audio_common_msgs/msg/audio_data.hpp
[17.643s] -- Up-to-date: /home/roamio42/Desktop/mic_control/install/audio_common_msgs/include/audio_common_msgs/audio_common_msgs/msg/detail
[17.643s] -- Installing: /home/roamio42/Desktop/mic_control/install/audio_common_msgs/include/audio_common_msgs/audio_common_msgs/msg/detail/audio_data_stamped__struct.hpp
[17.643s] -- Installing: /home/roamio42/Desktop/mic_control/install/audio_common_msgs/include/audio_common_msgs/audio_common_msgs/msg/detail/audio_data__builder.hpp
[17.643s] -- Installing: /home/roamio42/Desktop/mic_control/install/audio_common_msgs/include/audio_common_msgs/audio_common_msgs/msg/detail/audio_info__type_support.hpp
[17.643s] -- Installing: /home/roamio42/Desktop/mic_control/install/audio_common_msgs/include/audio_common_msgs/audio_common_msgs/msg/detail/audio_data_stamped__type_support.hpp
[17.644s] -- Installing: /home/roamio42/Desktop/mic_control/install/audio_common_msgs/include/audio_common_msgs/audio_common_msgs/msg/detail/audio_info__struct.hpp
[17.644s] -- Installing: /home/roamio42/Desktop/mic_control/install/audio_common_msgs/include/audio_common_msgs/audio_common_msgs/msg/detail/audio_data__type_support.hpp
[17.644s] -- Installing: /home/roamio42/Desktop/mic_control/install/audio_common_msgs/include/audio_common_msgs/audio_common_msgs/msg/detail/audio_info__traits.hpp
[17.644s] -- Installing: /home/roamio42/Desktop/mic_control/install/audio_common_msgs/include/audio_common_msgs/audio_common_msgs/msg/detail/audio_data_stamped__builder.hpp
[17.644s] -- Installing: /home/roamio42/Desktop/mic_control/install/audio_common_msgs/include/audio_common_msgs/audio_common_msgs/msg/detail/audio_data__struct.hpp
[17.644s] -- Installing: /home/roamio42/Desktop/mic_control/install/audio_common_msgs/include/audio_common_msgs/audio_common_msgs/msg/detail/audio_data__traits.hpp
[17.644s] -- Installing: /home/roamio42/Desktop/mic_control/install/audio_common_msgs/include/audio_common_msgs/audio_common_msgs/msg/detail/audio_info__builder.hpp
[17.645s] -- Installing: /home/roamio42/Desktop/mic_control/install/audio_common_msgs/include/audio_common_msgs/audio_common_msgs/msg/detail/audio_data_stamped__traits.hpp
[17.645s] -- Installing: /home/roamio42/Desktop/mic_control/install/audio_common_msgs/include/audio_common_msgs/audio_common_msgs/msg/audio_data_stamped.hpp
[17.645s] -- Installing: /home/roamio42/Desktop/mic_control/install/audio_common_msgs/include/audio_common_msgs/audio_common_msgs/msg/rosidl_generator_cpp__visibility_control.hpp
[17.645s] -- Installing: /home/roamio42/Desktop/mic_control/install/audio_common_msgs/include/audio_common_msgs/audio_common_msgs/msg/audio_info.hpp
[17.645s] -- Up-to-date: /home/roamio42/Desktop/mic_control/install/audio_common_msgs/include/audio_common_msgs/audio_common_msgs
[17.645s] -- Up-to-date: /home/roamio42/Desktop/mic_control/install/audio_common_msgs/include/audio_common_msgs/audio_common_msgs/msg
[17.645s] -- Up-to-date: /home/roamio42/Desktop/mic_control/install/audio_common_msgs/include/audio_common_msgs/audio_common_msgs/msg/detail
[17.645s] -- Installing: /home/roamio42/Desktop/mic_control/install/audio_common_msgs/include/audio_common_msgs/audio_common_msgs/msg/detail/audio_data__rosidl_typesupport_fastrtps_cpp.hpp
[17.646s] -- Installing: /home/roamio42/Desktop/mic_control/install/audio_common_msgs/include/audio_common_msgs/audio_common_msgs/msg/detail/dds_fastrtps
[17.646s] -- Installing: /home/roamio42/Desktop/mic_control/install/audio_common_msgs/include/audio_common_msgs/audio_common_msgs/msg/detail/audio_data_stamped__rosidl_typesupport_fastrtps_cpp.hpp
[17.646s] -- Installing: /home/roamio42/Desktop/mic_control/install/audio_common_msgs/include/audio_common_msgs/audio_common_msgs/msg/detail/audio_info__rosidl_typesupport_fastrtps_cpp.hpp
[17.646s] -- Installing: /home/roamio42/Desktop/mic_control/install/audio_common_msgs/include/audio_common_msgs/audio_common_msgs/msg/rosidl_typesupport_fastrtps_cpp__visibility_control.h
[17.646s] -- Installing: /home/roamio42/Desktop/mic_control/install/audio_common_msgs/lib/libaudio_common_msgs__rosidl_typesupport_fastrtps_cpp.so
[17.647s] -- Set non-toolchain portion of runtime path of "/home/roamio42/Desktop/mic_control/install/audio_common_msgs/lib/libaudio_common_msgs__rosidl_typesupport_fastrtps_cpp.so" to ""
[17.647s] -- Up-to-date: /home/roamio42/Desktop/mic_control/install/audio_common_msgs/include/audio_common_msgs/audio_common_msgs
[17.647s] -- Up-to-date: /home/roamio42/Desktop/mic_control/install/audio_common_msgs/include/audio_common_msgs/audio_common_msgs/msg
[17.647s] -- Up-to-date: /home/roamio42/Desktop/mic_control/install/audio_common_msgs/include/audio_common_msgs/audio_common_msgs/msg/detail
[17.647s] -- Installing: /home/roamio42/Desktop/mic_control/install/audio_common_msgs/include/audio_common_msgs/audio_common_msgs/msg/detail/audio_data__rosidl_typesupport_introspection_cpp.hpp
[17.647s] -- Installing: /home/roamio42/Desktop/mic_control/install/audio_common_msgs/include/audio_common_msgs/audio_common_msgs/msg/detail/audio_data_stamped__rosidl_typesupport_introspection_cpp.hpp
[17.647s] -- Installing: /home/roamio42/Desktop/mic_control/install/audio_common_msgs/include/audio_common_msgs/audio_common_msgs/msg/detail/audio_info__rosidl_typesupport_introspection_cpp.hpp
[17.647s] -- Installing: /home/roamio42/Desktop/mic_control/install/audio_common_msgs/include/audio_common_msgs/audio_common_msgs/msg/detail/audio_info__type_support.cpp
[17.648s] -- Installing: /home/roamio42/Desktop/mic_control/install/audio_common_msgs/include/audio_common_msgs/audio_common_msgs/msg/detail/audio_data_stamped__type_support.cpp
[17.648s] -- Installing: /home/roamio42/Desktop/mic_control/install/audio_common_msgs/include/audio_common_msgs/audio_common_msgs/msg/detail/audio_data__type_support.cpp
[17.648s] -- Installing: /home/roamio42/Desktop/mic_control/install/audio_common_msgs/lib/libaudio_common_msgs__rosidl_typesupport_introspection_cpp.so
[17.649s] -- Set non-toolchain portion of runtime path of "/home/roamio42/Desktop/mic_control/install/audio_common_msgs/lib/libaudio_common_msgs__rosidl_typesupport_introspection_cpp.so" to ""
[17.649s] -- Installing: /home/roamio42/Desktop/mic_control/install/audio_common_msgs/lib/libaudio_common_msgs__rosidl_typesupport_cpp.so
[17.649s] -- Set non-toolchain portion of runtime path of "/home/roamio42/Desktop/mic_control/install/audio_common_msgs/lib/libaudio_common_msgs__rosidl_typesupport_cpp.so" to ""
[17.649s] -- Installing: /home/roamio42/Desktop/mic_control/install/audio_common_msgs/share/audio_common_msgs/environment/pythonpath.sh
[17.649s] -- Installing: /home/roamio42/Desktop/mic_control/install/audio_common_msgs/share/audio_common_msgs/environment/pythonpath.dsv
[17.650s] -- Installing: /home/roamio42/Desktop/mic_control/install/audio_common_msgs/lib/python3.12/site-packages/audio_common_msgs-0.3.12-py3.12.egg-info
[17.650s] -- Installing: /home/roamio42/Desktop/mic_control/install/audio_common_msgs/lib/python3.12/site-packages/audio_common_msgs-0.3.12-py3.12.egg-info/dependency_links.txt
[17.650s] -- Installing: /home/roamio42/Desktop/mic_control/install/audio_common_msgs/lib/python3.12/site-packages/audio_common_msgs-0.3.12-py3.12.egg-info/PKG-INFO
[17.650s] -- Installing: /home/roamio42/Desktop/mic_control/install/audio_common_msgs/lib/python3.12/site-packages/audio_common_msgs-0.3.12-py3.12.egg-info/top_level.txt
[17.650s] -- Installing: /home/roamio42/Desktop/mic_control/install/audio_common_msgs/lib/python3.12/site-packages/audio_common_msgs-0.3.12-py3.12.egg-info/SOURCES.txt
[17.650s] -- Installing: /home/roamio42/Desktop/mic_control/install/audio_common_msgs/lib/python3.12/site-packages/audio_common_msgs
[17.650s] -- Installing: /home/roamio42/Desktop/mic_control/install/audio_common_msgs/lib/python3.12/site-packages/audio_common_msgs/audio_common_msgs_s__rosidl_typesupport_fastrtps_c.so
[17.651s] -- Installing: /home/roamio42/Desktop/mic_control/install/audio_common_msgs/lib/python3.12/site-packages/audio_common_msgs/_audio_common_msgs_s.ep.rosidl_typesupport_fastrtps_c.c
[17.651s] -- Installing: /home/roamio42/Desktop/mic_control/install/audio_common_msgs/lib/python3.12/site-packages/audio_common_msgs/__init__.py
[17.651s] -- Installing: /home/roamio42/Desktop/mic_control/install/audio_common_msgs/lib/python3.12/site-packages/audio_common_msgs/msg
[17.651s] -- Installing: /home/roamio42/Desktop/mic_control/install/audio_common_msgs/lib/python3.12/site-packages/audio_common_msgs/msg/_audio_info.py
[17.651s] -- Installing: /home/roamio42/Desktop/mic_control/install/audio_common_msgs/lib/python3.12/site-packages/audio_common_msgs/msg/_audio_data_stamped.py
[17.651s] -- Installing: /home/roamio42/Desktop/mic_control/install/audio_common_msgs/lib/python3.12/site-packages/audio_common_msgs/msg/_audio_data_s.c
[17.652s] -- Installing: /home/roamio42/Desktop/mic_control/install/audio_common_msgs/lib/python3.12/site-packages/audio_common_msgs/msg/_audio_data.py
[17.652s] -- Installing: /home/roamio42/Desktop/mic_control/install/audio_common_msgs/lib/python3.12/site-packages/audio_common_msgs/msg/__init__.py
[17.652s] -- Installing: /home/roamio42/Desktop/mic_control/install/audio_common_msgs/lib/python3.12/site-packages/audio_common_msgs/msg/_audio_info_s.c
[17.652s] -- Installing: /home/roamio42/Desktop/mic_control/install/audio_common_msgs/lib/python3.12/site-packages/audio_common_msgs/msg/_audio_data_stamped_s.c
[17.652s] -- Installing: /home/roamio42/Desktop/mic_control/install/audio_common_msgs/lib/python3.12/site-packages/audio_common_msgs/_audio_common_msgs_s.ep.rosidl_typesupport_introspection_c.c
[17.652s] -- Installing: /home/roamio42/Desktop/mic_control/install/audio_common_msgs/lib/python3.12/site-packages/audio_common_msgs/audio_common_msgs_s__rosidl_typesupport_introspection_c.so
[17.653s] -- Installing: /home/roamio42/Desktop/mic_control/install/audio_common_msgs/lib/python3.12/site-packages/audio_common_msgs/_audio_common_msgs_s.ep.rosidl_typesupport_c.c
[17.653s] -- Installing: /home/roamio42/Desktop/mic_control/install/audio_common_msgs/lib/python3.12/site-packages/audio_common_msgs/audio_common_msgs_s__rosidl_typesupport_c.so
[17.732s] Listing '/home/roamio42/Desktop/mic_control/install/audio_common_msgs/lib/python3.12/site-packages/audio_common_msgs'...
[17.732s] Compiling '/home/roamio42/Desktop/mic_control/install/audio_common_msgs/lib/python3.12/site-packages/audio_common_msgs/__init__.py'...
[17.732s] Listing '/home/roamio42/Desktop/mic_control/install/audio_common_msgs/lib/python3.12/site-packages/audio_common_msgs/msg'...
[17.733s] Compiling '/home/roamio42/Desktop/mic_control/install/audio_common_msgs/lib/python3.12/site-packages/audio_common_msgs/msg/__init__.py'...
[17.733s] Compiling '/home/roamio42/Desktop/mic_control/install/audio_common_msgs/lib/python3.12/site-packages/audio_common_msgs/msg/_audio_data.py'...
[17.733s] Compiling '/home/roamio42/Desktop/mic_control/install/audio_common_msgs/lib/python3.12/site-packages/audio_common_msgs/msg/_audio_data_stamped.py'...
[17.733s] Compiling '/home/roamio42/Desktop/mic_control/install/audio_common_msgs/lib/python3.12/site-packages/audio_common_msgs/msg/_audio_info.py'...
[17.753s] -- Installing: /home/roamio42/Desktop/mic_control/install/audio_common_msgs/lib/python3.12/site-packages/audio_common_msgs/audio_common_msgs_s__rosidl_typesupport_fastrtps_c.so
[17.753s] -- Set non-toolchain portion of runtime path of "/home/roamio42/Desktop/mic_control/install/audio_common_msgs/lib/python3.12/site-packages/audio_common_msgs/audio_common_msgs_s__rosidl_typesupport_fastrtps_c.so" to ""
[17.753s] -- Installing: /home/roamio42/Desktop/mic_control/install/audio_common_msgs/lib/python3.12/site-packages/audio_common_msgs/audio_common_msgs_s__rosidl_typesupport_introspection_c.so
[17.754s] -- Set non-toolchain portion of runtime path of "/home/roamio42/Desktop/mic_control/install/audio_common_msgs/lib/python3.12/site-packages/audio_common_msgs/audio_common_msgs_s__rosidl_typesupport_introspection_c.so" to ""
[17.754s] -- Installing: /home/roamio42/Desktop/mic_control/install/audio_common_msgs/lib/python3.12/site-packages/audio_common_msgs/audio_common_msgs_s__rosidl_typesupport_c.so
[17.755s] -- Set non-toolchain portion of runtime path of "/home/roamio42/Desktop/mic_control/install/audio_common_msgs/lib/python3.12/site-packages/audio_common_msgs/audio_common_msgs_s__rosidl_typesupport_c.so" to ""
[17.755s] -- Installing: /home/roamio42/Desktop/mic_control/install/audio_common_msgs/lib/libaudio_common_msgs__rosidl_generator_py.so
[17.756s] -- Set non-toolchain portion of runtime path of "/home/roamio42/Desktop/mic_control/install/audio_common_msgs/lib/libaudio_common_msgs__rosidl_generator_py.so" to ""
[17.756s] -- Installing: /home/roamio42/Desktop/mic_control/install/audio_common_msgs/share/audio_common_msgs/msg/AudioData.idl
[17.756s] -- Installing: /home/roamio42/Desktop/mic_control/install/audio_common_msgs/share/audio_common_msgs/msg/AudioDataStamped.idl
[17.756s] -- Installing: /home/roamio42/Desktop/mic_control/install/audio_common_msgs/share/audio_common_msgs/msg/AudioInfo.idl
[17.756s] -- Installing: /home/roamio42/Desktop/mic_control/install/audio_common_msgs/share/audio_common_msgs/msg/AudioData.msg
[17.756s] -- Installing: /home/roamio42/Desktop/mic_control/install/audio_common_msgs/share/audio_common_msgs/msg/AudioDataStamped.msg
[17.757s] -- Installing: /home/roamio42/Desktop/mic_control/install/audio_common_msgs/share/audio_common_msgs/msg/AudioInfo.msg
[17.757s] -- Installing: /home/roamio42/Desktop/mic_control/install/audio_common_msgs/share/ament_index/resource_index/package_run_dependencies/audio_common_msgs
[17.757s] -- Installing: /home/roamio42/Desktop/mic_control/install/audio_common_msgs/share/ament_index/resource_index/parent_prefix_path/audio_common_msgs
[17.757s] -- Installing: /home/roamio42/Desktop/mic_control/install/audio_common_msgs/share/audio_common_msgs/environment/ament_prefix_path.sh
[17.758s] -- Installing: /home/roamio42/Desktop/mic_control/install/audio_common_msgs/share/audio_common_msgs/environment/ament_prefix_path.dsv
[17.758s] -- Installing: /home/roamio42/Desktop/mic_control/install/audio_common_msgs/share/audio_common_msgs/environment/path.sh
[17.758s] -- Installing: /home/roamio42/Desktop/mic_control/install/audio_common_msgs/share/audio_common_msgs/environment/path.dsv
[17.758s] -- Installing: /home/roamio42/Desktop/mic_control/install/audio_common_msgs/share/audio_common_msgs/local_setup.bash
[17.758s] -- Installing: /home/roamio42/Desktop/mic_control/install/audio_common_msgs/share/audio_common_msgs/local_setup.sh
[17.758s] -- Installing: /home/roamio42/Desktop/mic_control/install/audio_common_msgs/share/audio_common_msgs/local_setup.zsh
[17.759s] -- Installing: /home/roamio42/Desktop/mic_control/install/audio_common_msgs/share/audio_common_msgs/local_setup.dsv
[17.759s] -- Installing: /home/roamio42/Desktop/mic_control/install/audio_common_msgs/share/audio_common_msgs/package.dsv
[17.759s] -- Installing: /home/roamio42/Desktop/mic_control/install/audio_common_msgs/share/ament_index/resource_index/packages/audio_common_msgs
[17.759s] -- Installing: /home/roamio42/Desktop/mic_control/install/audio_common_msgs/share/audio_common_msgs/cmake/export_audio_common_msgs__rosidl_generator_cExport.cmake
[17.760s] -- Installing: /home/roamio42/Desktop/mic_control/install/audio_common_msgs/share/audio_common_msgs/cmake/export_audio_common_msgs__rosidl_generator_cExport-noconfig.cmake
[17.760s] -- Installing: /home/roamio42/Desktop/mic_control/install/audio_common_msgs/share/audio_common_msgs/cmake/export_audio_common_msgs__rosidl_typesupport_fastrtps_cExport.cmake
[17.760s] -- Installing: /home/roamio42/Desktop/mic_control/install/audio_common_msgs/share/audio_common_msgs/cmake/export_audio_common_msgs__rosidl_typesupport_fastrtps_cExport-noconfig.cmake
[17.760s] -- Installing: /home/roamio42/Desktop/mic_control/install/audio_common_msgs/share/audio_common_msgs/cmake/audio_common_msgs__rosidl_typesupport_introspection_cExport.cmake
[17.760s] -- Installing: /home/roamio42/Desktop/mic_control/install/audio_common_msgs/share/audio_common_msgs/cmake/audio_common_msgs__rosidl_typesupport_introspection_cExport-noconfig.cmake
[17.761s] -- Installing: /home/roamio42/Desktop/mic_control/install/audio_common_msgs/share/audio_common_msgs/cmake/audio_common_msgs__rosidl_typesupport_cExport.cmake
[17.761s] -- Installing: /home/roamio42/Desktop/mic_control/install/audio_common_msgs/share/audio_common_msgs/cmake/audio_common_msgs__rosidl_typesupport_cExport-noconfig.cmake
[17.761s] -- Installing: /home/roamio42/Desktop/mic_control/install/audio_common_msgs/share/audio_common_msgs/cmake/export_audio_common_msgs__rosidl_generator_cppExport.cmake
[17.761s] -- Installing: /home/roamio42/Desktop/mic_control/install/audio_common_msgs/share/audio_common_msgs/cmake/export_audio_common_msgs__rosidl_typesupport_fastrtps_cppExport.cmake
[17.761s] -- Installing: /home/roamio42/Desktop/mic_control/install/audio_common_msgs/share/audio_common_msgs/cmake/export_audio_common_msgs__rosidl_typesupport_fastrtps_cppExport-noconfig.cmake
[17.762s] -- Installing: /home/roamio42/Desktop/mic_control/install/audio_common_msgs/share/audio_common_msgs/cmake/audio_common_msgs__rosidl_typesupport_introspection_cppExport.cmake
[17.762s] -- Installing: /home/roamio42/Desktop/mic_control/install/audio_common_msgs/share/audio_common_msgs/cmake/audio_common_msgs__rosidl_typesupport_introspection_cppExport-noconfig.cmake
[17.762s] -- Installing: /home/roamio42/Desktop/mic_control/install/audio_common_msgs/share/audio_common_msgs/cmake/audio_common_msgs__rosidl_typesupport_cppExport.cmake
[17.762s] -- Installing: /home/roamio42/Desktop/mic_control/install/audio_common_msgs/share/audio_common_msgs/cmake/audio_common_msgs__rosidl_typesupport_cppExport-noconfig.cmake
[17.763s] -- Installing: /home/roamio42/Desktop/mic_control/install/audio_common_msgs/share/audio_common_msgs/cmake/export_audio_common_msgs__rosidl_generator_pyExport.cmake
[17.763s] -- Installing: /home/roamio42/Desktop/mic_control/install/audio_common_msgs/share/audio_common_msgs/cmake/export_audio_common_msgs__rosidl_generator_pyExport-noconfig.cmake
[17.763s] -- Installing: /home/roamio42/Desktop/mic_control/install/audio_common_msgs/share/audio_common_msgs/cmake/rosidl_cmake-extras.cmake
[17.763s] -- Installing: /home/roamio42/Desktop/mic_control/install/audio_common_msgs/share/audio_common_msgs/cmake/ament_cmake_export_dependencies-extras.cmake
[17.763s] -- Installing: /home/roamio42/Desktop/mic_control/install/audio_common_msgs/share/audio_common_msgs/cmake/ament_cmake_export_include_directories-extras.cmake
[17.763s] -- Installing: /home/roamio42/Desktop/mic_control/install/audio_common_msgs/share/audio_common_msgs/cmake/ament_cmake_export_libraries-extras.cmake
[17.764s] -- Installing: /home/roamio42/Desktop/mic_control/install/audio_common_msgs/share/audio_common_msgs/cmake/ament_cmake_export_targets-extras.cmake
[17.764s] -- Installing: /home/roamio42/Desktop/mic_control/install/audio_common_msgs/share/audio_common_msgs/cmake/rosidl_cmake_export_typesupport_targets-extras.cmake
[17.764s] -- Installing: /home/roamio42/Desktop/mic_control/install/audio_common_msgs/share/audio_common_msgs/cmake/rosidl_cmake_export_typesupport_libraries-extras.cmake
[17.764s] -- Installing: /home/roamio42/Desktop/mic_control/install/audio_common_msgs/share/audio_common_msgs/cmake/audio_common_msgsConfig.cmake
[17.764s] -- Installing: /home/roamio42/Desktop/mic_control/install/audio_common_msgs/share/audio_common_msgs/cmake/audio_common_msgsConfig-version.cmake
[17.765s] -- Installing: /home/roamio42/Desktop/mic_control/install/audio_common_msgs/share/audio_common_msgs/package.xml
[17.769s] Invoked command in '/home/roamio42/Desktop/mic_control/build/audio_common_msgs' returned '0': CMAKE_PREFIX_PATH=${CMAKE_PREFIX_PATH}:/opt/ros/jazzy DEBUGINFOD_URLS=https://debuginfod.ubuntu.com /usr/bin/cmake --install /home/roamio42/Desktop/mic_control/build/audio_common_msgs
