[1.559s] Invoking command in '/home/roamio42/Desktop/mic_control/src/respeaker_ros': AMENT_PREFIX_PATH=/home/roamio42/Desktop/mic_control/install/audio_common_msgs:${AMENT_PREFIX_PATH} CMAKE_PREFIX_PATH=/home/roamio42/Desktop/mic_control/install/audio_common_msgs:${CMAKE_PREFIX_PATH} DEBUGINFOD_URLS=https://debuginfod.ubuntu.com LD_LIBRARY_PATH=/home/roamio42/Desktop/mic_control/install/audio_common_msgs/lib:${LD_LIBRARY_PATH} PYTHONPATH=/home/roamio42/Desktop/mic_control/build/respeaker_ros/prefix_override:/usr/lib/python3/dist-packages/colcon_core/task/python/colcon_distutils_commands:/home/roamio42/Desktop/mic_control/install/respeaker_ros/lib/python3.12/site-packages:/home/roamio42/Desktop/mic_control/install/audio_common_msgs/lib/python3.12/site-packages:${PYTHONPATH} /usr/bin/python3 -W ignore:setup.py install is deprecated -W ignore:easy_install command is deprecated setup.py egg_info --egg-base ../../build/respeaker_ros build --build-base /home/roamio42/Desktop/mic_control/build/respeaker_ros/build install --record /home/roamio42/Desktop/mic_control/build/respeaker_ros/install.log --single-version-externally-managed install_data
[2.001s] running egg_info
[2.034s] writing ../../build/respeaker_ros/respeaker_ros.egg-info/PKG-INFO
[2.034s] writing dependency_links to ../../build/respeaker_ros/respeaker_ros.egg-info/dependency_links.txt
[2.040s] writing entry points to ../../build/respeaker_ros/respeaker_ros.egg-info/entry_points.txt
[2.041s] writing requirements to ../../build/respeaker_ros/respeaker_ros.egg-info/requires.txt
[2.042s] writing top-level names to ../../build/respeaker_ros/respeaker_ros.egg-info/top_level.txt
[2.113s] reading manifest file '../../build/respeaker_ros/respeaker_ros.egg-info/SOURCES.txt'
[2.113s] adding license file 'LICENSE'
[2.114s] writing manifest file '../../build/respeaker_ros/respeaker_ros.egg-info/SOURCES.txt'
[2.114s] running build
[2.114s] running build_py
[2.115s] copying respeaker_ros/mpu6050_driver.py -> /home/roamio42/Desktop/mic_control/build/respeaker_ros/build/lib/respeaker_ros
[2.115s] running install
[2.125s] running install_lib
[2.158s] copying /home/roamio42/Desktop/mic_control/build/respeaker_ros/build/lib/respeaker_ros/mpu6050_driver.py -> /home/roamio42/Desktop/mic_control/install/respeaker_ros/lib/python3.12/site-packages/respeaker_ros
[2.159s] byte-compiling /home/roamio42/Desktop/mic_control/install/respeaker_ros/lib/python3.12/site-packages/respeaker_ros/mpu6050_driver.py to mpu6050_driver.cpython-312.pyc
[2.163s] running install_data
[2.163s] running install_egg_info
[2.199s] removing '/home/roamio42/Desktop/mic_control/install/respeaker_ros/lib/python3.12/site-packages/respeaker_ros-1.0.0-py3.12.egg-info' (and everything under it)
[2.199s] Copying ../../build/respeaker_ros/respeaker_ros.egg-info to /home/roamio42/Desktop/mic_control/install/respeaker_ros/lib/python3.12/site-packages/respeaker_ros-1.0.0-py3.12.egg-info
[2.201s] running install_scripts
[2.421s] Installing doa_listener script to /home/roamio42/Desktop/mic_control/install/respeaker_ros/lib/respeaker_ros
[2.421s] Installing respeaker_node script to /home/roamio42/Desktop/mic_control/install/respeaker_ros/lib/respeaker_ros
[2.428s] writing list of installed files to '/home/roamio42/Desktop/mic_control/build/respeaker_ros/install.log'
[2.536s] Invoked command in '/home/roamio42/Desktop/mic_control/src/respeaker_ros' returned '0': AMENT_PREFIX_PATH=/home/roamio42/Desktop/mic_control/install/audio_common_msgs:${AMENT_PREFIX_PATH} CMAKE_PREFIX_PATH=/home/roamio42/Desktop/mic_control/install/audio_common_msgs:${CMAKE_PREFIX_PATH} DEBUGINFOD_URLS=https://debuginfod.ubuntu.com LD_LIBRARY_PATH=/home/roamio42/Desktop/mic_control/install/audio_common_msgs/lib:${LD_LIBRARY_PATH} PYTHONPATH=/home/roamio42/Desktop/mic_control/build/respeaker_ros/prefix_override:/usr/lib/python3/dist-packages/colcon_core/task/python/colcon_distutils_commands:/home/roamio42/Desktop/mic_control/install/respeaker_ros/lib/python3.12/site-packages:/home/roamio42/Desktop/mic_control/install/audio_common_msgs/lib/python3.12/site-packages:${PYTHONPATH} /usr/bin/python3 -W ignore:setup.py install is deprecated -W ignore:easy_install command is deprecated setup.py egg_info --egg-base ../../build/respeaker_ros build --build-base /home/roamio42/Desktop/mic_control/build/respeaker_ros/build install --record /home/roamio42/Desktop/mic_control/build/respeaker_ros/install.log --single-version-externally-managed install_data
