/home/roamio42/Desktop/mic_control/install/pixel-ring/lib/python3.12/site-packages/pixel_ring/apa102_pixel_ring.py
/home/roamio42/Desktop/mic_control/install/pixel-ring/lib/python3.12/site-packages/pixel_ring/pixel_ring.py
/home/roamio42/Desktop/mic_control/install/pixel-ring/lib/python3.12/site-packages/pixel_ring/pattern.py
/home/roamio42/Desktop/mic_control/install/pixel-ring/lib/python3.12/site-packages/pixel_ring/usb_pixel_ring_v2.py
/home/roamio42/Desktop/mic_control/install/pixel-ring/lib/python3.12/site-packages/pixel_ring/usb_pixel_ring_v1.py
/home/roamio42/Desktop/mic_control/install/pixel-ring/lib/python3.12/site-packages/pixel_ring/__init__.py
/home/roamio42/Desktop/mic_control/install/pixel-ring/lib/python3.12/site-packages/pixel_ring/apa102.py
/home/roamio42/Desktop/mic_control/install/pixel-ring/lib/python3.12/site-packages/pixel_ring/__pycache__/apa102_pixel_ring.cpython-312.pyc
/home/roamio42/Desktop/mic_control/install/pixel-ring/lib/python3.12/site-packages/pixel_ring/__pycache__/pixel_ring.cpython-312.pyc
/home/roamio42/Desktop/mic_control/install/pixel-ring/lib/python3.12/site-packages/pixel_ring/__pycache__/pattern.cpython-312.pyc
/home/roamio42/Desktop/mic_control/install/pixel-ring/lib/python3.12/site-packages/pixel_ring/__pycache__/usb_pixel_ring_v2.cpython-312.pyc
/home/roamio42/Desktop/mic_control/install/pixel-ring/lib/python3.12/site-packages/pixel_ring/__pycache__/usb_pixel_ring_v1.cpython-312.pyc
/home/roamio42/Desktop/mic_control/install/pixel-ring/lib/python3.12/site-packages/pixel_ring/__pycache__/__init__.cpython-312.pyc
/home/roamio42/Desktop/mic_control/install/pixel-ring/lib/python3.12/site-packages/pixel_ring/__pycache__/apa102.cpython-312.pyc
/home/roamio42/Desktop/mic_control/install/pixel-ring/lib/python3.12/site-packages/pixel_ring-0.1.0-py3.12.egg-info/dependency_links.txt
/home/roamio42/Desktop/mic_control/install/pixel-ring/lib/python3.12/site-packages/pixel_ring-0.1.0-py3.12.egg-info/PKG-INFO
/home/roamio42/Desktop/mic_control/install/pixel-ring/lib/python3.12/site-packages/pixel_ring-0.1.0-py3.12.egg-info/entry_points.txt
/home/roamio42/Desktop/mic_control/install/pixel-ring/lib/python3.12/site-packages/pixel_ring-0.1.0-py3.12.egg-info/requires.txt
/home/roamio42/Desktop/mic_control/install/pixel-ring/lib/python3.12/site-packages/pixel_ring-0.1.0-py3.12.egg-info/top_level.txt
/home/roamio42/Desktop/mic_control/install/pixel-ring/lib/python3.12/site-packages/pixel_ring-0.1.0-py3.12.egg-info/not-zip-safe
/home/roamio42/Desktop/mic_control/install/pixel-ring/lib/python3.12/site-packages/pixel_ring-0.1.0-py3.12.egg-info/SOURCES.txt
/home/roamio42/Desktop/mic_control/install/pixel-ring/bin/pixel_ring_check
