[0.155s] DEBUG:colcon:Command line arguments: ['/usr/bin/colcon', 'build', '--packages-select', 'respeaker_ros']
[0.155s] DEBUG:colcon:Parsed command line arguments: Namespace(log_base=None, log_level=None, verb_name='build', build_base='build', install_base='install', merge_install=False, symlink_install=False, test_result_base=None, continue_on_error=False, executor='parallel', parallel_workers=4, event_handlers=None, ignore_user_meta=False, metas=['./colcon.meta'], base_paths=['.'], packages_ignore=None, packages_ignore_regex=None, paths=None, packages_up_to=None, packages_up_to_regex=None, packages_above=None, packages_above_and_dependencies=None, packages_above_depth=None, packages_select_by_dep=None, packages_skip_by_dep=None, packages_skip_up_to=None, packages_select_build_failed=False, packages_skip_build_finished=False, packages_select_test_failures=False, packages_skip_test_passed=False, packages_select=['respeaker_ros'], packages_skip=None, packages_select_regex=None, packages_skip_regex=None, packages_start=None, packages_end=None, allow_overriding=[], cmake_args=None, cmake_target=None, cmake_target_skip_unavailable=False, cmake_clean_cache=False, cmake_clean_first=False, cmake_force_configure=False, ament_cmake_args=None, catkin_cmake_args=None, catkin_skip_building_tests=False, mixin_files=None, mixin=None, verb_parser=<colcon_mixin.mixin.mixin_argument.MixinArgumentDecorator object at 0xffffa1f4d040>, verb_extension=<colcon_core.verb.build.BuildVerb object at 0xffffa212a300>, main=<bound method BuildVerb.main of <colcon_core.verb.build.BuildVerb object at 0xffffa212a300>>, mixin_verb=('build',))
[0.211s] Level 1:colcon.colcon_core.package_discovery:discover_packages(colcon_meta) check parameters
[0.211s] Level 1:colcon.colcon_core.package_discovery:discover_packages(recursive) check parameters
[0.211s] Level 1:colcon.colcon_core.package_discovery:discover_packages(ignore) check parameters
[0.211s] Level 1:colcon.colcon_core.package_discovery:discover_packages(path) check parameters
[0.211s] Level 1:colcon.colcon_core.package_discovery:discover_packages(colcon_meta) discover
[0.211s] Level 1:colcon.colcon_core.package_discovery:discover_packages(recursive) discover
[0.211s] INFO:colcon.colcon_core.package_discovery:Crawling recursively for packages in '/home/roamio42/Desktop/mic_control'
[0.211s] Level 1:colcon.colcon_core.package_identification:_identify(.) by extensions ['ignore', 'ignore_ament_install']
[0.211s] Level 1:colcon.colcon_core.package_identification:_identify(.) by extension 'ignore'
[0.211s] Level 1:colcon.colcon_core.package_identification:_identify(.) by extension 'ignore_ament_install'
[0.212s] Level 1:colcon.colcon_core.package_identification:_identify(.) by extensions ['colcon_pkg']
[0.212s] Level 1:colcon.colcon_core.package_identification:_identify(.) by extension 'colcon_pkg'
[0.212s] Level 1:colcon.colcon_core.package_identification:_identify(.) by extensions ['colcon_meta']
[0.212s] Level 1:colcon.colcon_core.package_identification:_identify(.) by extension 'colcon_meta'
[0.212s] Level 1:colcon.colcon_core.package_identification:_identify(.) by extensions ['ros']
[0.212s] Level 1:colcon.colcon_core.package_identification:_identify(.) by extension 'ros'
[0.249s] Level 1:colcon.colcon_core.package_identification:_identify(.) by extensions ['cmake', 'python']
[0.249s] Level 1:colcon.colcon_core.package_identification:_identify(.) by extension 'cmake'
[0.249s] Level 1:colcon.colcon_core.package_identification:_identify(.) by extension 'python'
[0.249s] Level 1:colcon.colcon_core.package_identification:_identify(.) by extensions ['python_setup_py']
[0.250s] Level 1:colcon.colcon_core.package_identification:_identify(.) by extension 'python_setup_py'
[0.250s] Level 1:colcon.colcon_core.package_identification:_identify(arduino_upload) by extensions ['ignore', 'ignore_ament_install']
[0.250s] Level 1:colcon.colcon_core.package_identification:_identify(arduino_upload) by extension 'ignore'
[0.250s] Level 1:colcon.colcon_core.package_identification:_identify(arduino_upload) by extension 'ignore_ament_install'
[0.250s] Level 1:colcon.colcon_core.package_identification:_identify(arduino_upload) by extensions ['colcon_pkg']
[0.250s] Level 1:colcon.colcon_core.package_identification:_identify(arduino_upload) by extension 'colcon_pkg'
[0.250s] Level 1:colcon.colcon_core.package_identification:_identify(arduino_upload) by extensions ['colcon_meta']
[0.250s] Level 1:colcon.colcon_core.package_identification:_identify(arduino_upload) by extension 'colcon_meta'
[0.250s] Level 1:colcon.colcon_core.package_identification:_identify(arduino_upload) by extensions ['ros']
[0.250s] Level 1:colcon.colcon_core.package_identification:_identify(arduino_upload) by extension 'ros'
[0.250s] Level 1:colcon.colcon_core.package_identification:_identify(arduino_upload) by extensions ['cmake', 'python']
[0.250s] Level 1:colcon.colcon_core.package_identification:_identify(arduino_upload) by extension 'cmake'
[0.250s] Level 1:colcon.colcon_core.package_identification:_identify(arduino_upload) by extension 'python'
[0.250s] Level 1:colcon.colcon_core.package_identification:_identify(arduino_upload) by extensions ['python_setup_py']
[0.250s] Level 1:colcon.colcon_core.package_identification:_identify(arduino_upload) by extension 'python_setup_py'
[0.251s] Level 1:colcon.colcon_core.package_identification:_identify(build) by extensions ['ignore', 'ignore_ament_install']
[0.251s] Level 1:colcon.colcon_core.package_identification:_identify(build) by extension 'ignore'
[0.251s] Level 1:colcon.colcon_core.package_identification:_identify(build) ignored
[0.251s] Level 1:colcon.colcon_core.package_identification:_identify(install) by extensions ['ignore', 'ignore_ament_install']
[0.251s] Level 1:colcon.colcon_core.package_identification:_identify(install) by extension 'ignore'
[0.251s] Level 1:colcon.colcon_core.package_identification:_identify(install) ignored
[0.251s] Level 1:colcon.colcon_core.package_identification:_identify(log) by extensions ['ignore', 'ignore_ament_install']
[0.251s] Level 1:colcon.colcon_core.package_identification:_identify(log) by extension 'ignore'
[0.251s] Level 1:colcon.colcon_core.package_identification:_identify(log) ignored
[0.251s] Level 1:colcon.colcon_core.package_identification:_identify(src) by extensions ['ignore', 'ignore_ament_install']
[0.251s] Level 1:colcon.colcon_core.package_identification:_identify(src) by extension 'ignore'
[0.251s] Level 1:colcon.colcon_core.package_identification:_identify(src) by extension 'ignore_ament_install'
[0.252s] Level 1:colcon.colcon_core.package_identification:_identify(src) by extensions ['colcon_pkg']
[0.252s] Level 1:colcon.colcon_core.package_identification:_identify(src) by extension 'colcon_pkg'
[0.252s] Level 1:colcon.colcon_core.package_identification:_identify(src) by extensions ['colcon_meta']
[0.252s] Level 1:colcon.colcon_core.package_identification:_identify(src) by extension 'colcon_meta'
[0.252s] Level 1:colcon.colcon_core.package_identification:_identify(src) by extensions ['ros']
[0.252s] Level 1:colcon.colcon_core.package_identification:_identify(src) by extension 'ros'
[0.252s] Level 1:colcon.colcon_core.package_identification:_identify(src) by extensions ['cmake', 'python']
[0.252s] Level 1:colcon.colcon_core.package_identification:_identify(src) by extension 'cmake'
[0.252s] Level 1:colcon.colcon_core.package_identification:_identify(src) by extension 'python'
[0.252s] Level 1:colcon.colcon_core.package_identification:_identify(src) by extensions ['python_setup_py']
[0.252s] Level 1:colcon.colcon_core.package_identification:_identify(src) by extension 'python_setup_py'
[0.252s] Level 1:colcon.colcon_core.package_identification:_identify(src/audio_common) by extensions ['ignore', 'ignore_ament_install']
[0.252s] Level 1:colcon.colcon_core.package_identification:_identify(src/audio_common) by extension 'ignore'
[0.252s] Level 1:colcon.colcon_core.package_identification:_identify(src/audio_common) by extension 'ignore_ament_install'
[0.252s] Level 1:colcon.colcon_core.package_identification:_identify(src/audio_common) by extensions ['colcon_pkg']
[0.252s] Level 1:colcon.colcon_core.package_identification:_identify(src/audio_common) by extension 'colcon_pkg'
[0.252s] Level 1:colcon.colcon_core.package_identification:_identify(src/audio_common) by extensions ['colcon_meta']
[0.252s] Level 1:colcon.colcon_core.package_identification:_identify(src/audio_common) by extension 'colcon_meta'
[0.252s] Level 1:colcon.colcon_core.package_identification:_identify(src/audio_common) by extensions ['ros']
[0.252s] Level 1:colcon.colcon_core.package_identification:_identify(src/audio_common) by extension 'ros'
[0.253s] Level 1:colcon.colcon_core.package_identification:_identify(src/audio_common) by extensions ['cmake', 'python']
[0.253s] Level 1:colcon.colcon_core.package_identification:_identify(src/audio_common) by extension 'cmake'
[0.253s] Level 1:colcon.colcon_core.package_identification:_identify(src/audio_common) by extension 'python'
[0.253s] Level 1:colcon.colcon_core.package_identification:_identify(src/audio_common) by extensions ['python_setup_py']
[0.253s] Level 1:colcon.colcon_core.package_identification:_identify(src/audio_common) by extension 'python_setup_py'
[0.253s] Level 1:colcon.colcon_core.package_identification:_identify(src/audio_common/audio_capture) by extensions ['ignore', 'ignore_ament_install']
[0.253s] Level 1:colcon.colcon_core.package_identification:_identify(src/audio_common/audio_capture) by extension 'ignore'
[0.253s] Level 1:colcon.colcon_core.package_identification:_identify(src/audio_common/audio_capture) by extension 'ignore_ament_install'
[0.253s] Level 1:colcon.colcon_core.package_identification:_identify(src/audio_common/audio_capture) by extensions ['colcon_pkg']
[0.253s] Level 1:colcon.colcon_core.package_identification:_identify(src/audio_common/audio_capture) by extension 'colcon_pkg'
[0.253s] Level 1:colcon.colcon_core.package_identification:_identify(src/audio_common/audio_capture) by extensions ['colcon_meta']
[0.253s] Level 1:colcon.colcon_core.package_identification:_identify(src/audio_common/audio_capture) by extension 'colcon_meta'
[0.253s] Level 1:colcon.colcon_core.package_identification:_identify(src/audio_common/audio_capture) by extensions ['ros']
[0.253s] Level 1:colcon.colcon_core.package_identification:_identify(src/audio_common/audio_capture) by extension 'ros'
[0.257s] DEBUG:colcon.colcon_core.package_identification:Package 'src/audio_common/audio_capture' with type 'ros.ament_cmake' and name 'audio_capture'
[0.257s] Level 1:colcon.colcon_core.package_identification:_identify(src/audio_common/audio_common) by extensions ['ignore', 'ignore_ament_install']
[0.257s] Level 1:colcon.colcon_core.package_identification:_identify(src/audio_common/audio_common) by extension 'ignore'
[0.257s] Level 1:colcon.colcon_core.package_identification:_identify(src/audio_common/audio_common) by extension 'ignore_ament_install'
[0.257s] Level 1:colcon.colcon_core.package_identification:_identify(src/audio_common/audio_common) by extensions ['colcon_pkg']
[0.257s] Level 1:colcon.colcon_core.package_identification:_identify(src/audio_common/audio_common) by extension 'colcon_pkg'
[0.257s] Level 1:colcon.colcon_core.package_identification:_identify(src/audio_common/audio_common) by extensions ['colcon_meta']
[0.257s] Level 1:colcon.colcon_core.package_identification:_identify(src/audio_common/audio_common) by extension 'colcon_meta'
[0.257s] Level 1:colcon.colcon_core.package_identification:_identify(src/audio_common/audio_common) by extensions ['ros']
[0.257s] Level 1:colcon.colcon_core.package_identification:_identify(src/audio_common/audio_common) by extension 'ros'
[0.258s] DEBUG:colcon.colcon_core.package_identification:Package 'src/audio_common/audio_common' with type 'ros.ament_cmake' and name 'audio_common'
[0.258s] Level 1:colcon.colcon_core.package_identification:_identify(src/audio_common/audio_common_msgs) by extensions ['ignore', 'ignore_ament_install']
[0.259s] Level 1:colcon.colcon_core.package_identification:_identify(src/audio_common/audio_common_msgs) by extension 'ignore'
[0.259s] Level 1:colcon.colcon_core.package_identification:_identify(src/audio_common/audio_common_msgs) by extension 'ignore_ament_install'
[0.259s] Level 1:colcon.colcon_core.package_identification:_identify(src/audio_common/audio_common_msgs) by extensions ['colcon_pkg']
[0.259s] Level 1:colcon.colcon_core.package_identification:_identify(src/audio_common/audio_common_msgs) by extension 'colcon_pkg'
[0.259s] Level 1:colcon.colcon_core.package_identification:_identify(src/audio_common/audio_common_msgs) by extensions ['colcon_meta']
[0.259s] Level 1:colcon.colcon_core.package_identification:_identify(src/audio_common/audio_common_msgs) by extension 'colcon_meta'
[0.259s] Level 1:colcon.colcon_core.package_identification:_identify(src/audio_common/audio_common_msgs) by extensions ['ros']
[0.259s] Level 1:colcon.colcon_core.package_identification:_identify(src/audio_common/audio_common_msgs) by extension 'ros'
[0.260s] DEBUG:colcon.colcon_core.package_identification:Package 'src/audio_common/audio_common_msgs' with type 'ros.ament_cmake' and name 'audio_common_msgs'
[0.260s] Level 1:colcon.colcon_core.package_identification:_identify(src/audio_common/audio_play) by extensions ['ignore', 'ignore_ament_install']
[0.260s] Level 1:colcon.colcon_core.package_identification:_identify(src/audio_common/audio_play) by extension 'ignore'
[0.260s] Level 1:colcon.colcon_core.package_identification:_identify(src/audio_common/audio_play) by extension 'ignore_ament_install'
[0.260s] Level 1:colcon.colcon_core.package_identification:_identify(src/audio_common/audio_play) by extensions ['colcon_pkg']
[0.260s] Level 1:colcon.colcon_core.package_identification:_identify(src/audio_common/audio_play) by extension 'colcon_pkg'
[0.260s] Level 1:colcon.colcon_core.package_identification:_identify(src/audio_common/audio_play) by extensions ['colcon_meta']
[0.261s] Level 1:colcon.colcon_core.package_identification:_identify(src/audio_common/audio_play) by extension 'colcon_meta'
[0.261s] Level 1:colcon.colcon_core.package_identification:_identify(src/audio_common/audio_play) by extensions ['ros']
[0.261s] Level 1:colcon.colcon_core.package_identification:_identify(src/audio_common/audio_play) by extension 'ros'
[0.261s] DEBUG:colcon.colcon_core.package_identification:Package 'src/audio_common/audio_play' with type 'ros.ament_cmake' and name 'audio_play'
[0.261s] Level 1:colcon.colcon_core.package_identification:_identify(src/audio_common/sound_play) by extensions ['ignore', 'ignore_ament_install']
[0.262s] Level 1:colcon.colcon_core.package_identification:_identify(src/audio_common/sound_play) by extension 'ignore'
[0.262s] Level 1:colcon.colcon_core.package_identification:_identify(src/audio_common/sound_play) by extension 'ignore_ament_install'
[0.262s] Level 1:colcon.colcon_core.package_identification:_identify(src/audio_common/sound_play) by extensions ['colcon_pkg']
[0.262s] Level 1:colcon.colcon_core.package_identification:_identify(src/audio_common/sound_play) by extension 'colcon_pkg'
[0.262s] Level 1:colcon.colcon_core.package_identification:_identify(src/audio_common/sound_play) by extensions ['colcon_meta']
[0.262s] Level 1:colcon.colcon_core.package_identification:_identify(src/audio_common/sound_play) by extension 'colcon_meta'
[0.262s] Level 1:colcon.colcon_core.package_identification:_identify(src/audio_common/sound_play) by extensions ['ros']
[0.262s] Level 1:colcon.colcon_core.package_identification:_identify(src/audio_common/sound_play) by extension 'ros'
[0.263s] DEBUG:colcon.colcon_core.package_identification:Package 'src/audio_common/sound_play' with type 'ros.ament_cmake' and name 'sound_play'
[0.263s] Level 1:colcon.colcon_core.package_identification:_identify(src/build) by extensions ['ignore', 'ignore_ament_install']
[0.263s] Level 1:colcon.colcon_core.package_identification:_identify(src/build) by extension 'ignore'
[0.263s] Level 1:colcon.colcon_core.package_identification:_identify(src/build) ignored
[0.263s] Level 1:colcon.colcon_core.package_identification:_identify(src/install) by extensions ['ignore', 'ignore_ament_install']
[0.263s] Level 1:colcon.colcon_core.package_identification:_identify(src/install) by extension 'ignore'
[0.263s] Level 1:colcon.colcon_core.package_identification:_identify(src/install) ignored
[0.263s] Level 1:colcon.colcon_core.package_identification:_identify(src/keyboard_control) by extensions ['ignore', 'ignore_ament_install']
[0.263s] Level 1:colcon.colcon_core.package_identification:_identify(src/keyboard_control) by extension 'ignore'
[0.264s] Level 1:colcon.colcon_core.package_identification:_identify(src/keyboard_control) by extension 'ignore_ament_install'
[0.264s] Level 1:colcon.colcon_core.package_identification:_identify(src/keyboard_control) by extensions ['colcon_pkg']
[0.264s] Level 1:colcon.colcon_core.package_identification:_identify(src/keyboard_control) by extension 'colcon_pkg'
[0.264s] Level 1:colcon.colcon_core.package_identification:_identify(src/keyboard_control) by extensions ['colcon_meta']
[0.264s] Level 1:colcon.colcon_core.package_identification:_identify(src/keyboard_control) by extension 'colcon_meta'
[0.264s] Level 1:colcon.colcon_core.package_identification:_identify(src/keyboard_control) by extensions ['ros']
[0.264s] Level 1:colcon.colcon_core.package_identification:_identify(src/keyboard_control) by extension 'ros'
[0.264s] DEBUG:colcon.colcon_core.package_identification:Package 'src/keyboard_control' with type 'ros.ament_python' and name 'keyboard_control'
[0.264s] Level 1:colcon.colcon_core.package_identification:_identify(src/log) by extensions ['ignore', 'ignore_ament_install']
[0.264s] Level 1:colcon.colcon_core.package_identification:_identify(src/log) by extension 'ignore'
[0.265s] Level 1:colcon.colcon_core.package_identification:_identify(src/log) ignored
[0.265s] Level 1:colcon.colcon_core.package_identification:_identify(src/pixel_ring) by extensions ['ignore', 'ignore_ament_install']
[0.265s] Level 1:colcon.colcon_core.package_identification:_identify(src/pixel_ring) by extension 'ignore'
[0.265s] Level 1:colcon.colcon_core.package_identification:_identify(src/pixel_ring) by extension 'ignore_ament_install'
[0.265s] Level 1:colcon.colcon_core.package_identification:_identify(src/pixel_ring) by extensions ['colcon_pkg']
[0.265s] Level 1:colcon.colcon_core.package_identification:_identify(src/pixel_ring) by extension 'colcon_pkg'
[0.265s] Level 1:colcon.colcon_core.package_identification:_identify(src/pixel_ring) by extensions ['colcon_meta']
[0.265s] Level 1:colcon.colcon_core.package_identification:_identify(src/pixel_ring) by extension 'colcon_meta'
[0.265s] Level 1:colcon.colcon_core.package_identification:_identify(src/pixel_ring) by extensions ['ros']
[0.265s] Level 1:colcon.colcon_core.package_identification:_identify(src/pixel_ring) by extension 'ros'
[0.265s] Level 1:colcon.colcon_core.package_identification:_identify(src/pixel_ring) by extensions ['cmake', 'python']
[0.265s] Level 1:colcon.colcon_core.package_identification:_identify(src/pixel_ring) by extension 'cmake'
[0.265s] Level 1:colcon.colcon_core.package_identification:_identify(src/pixel_ring) by extension 'python'
[0.265s] DEBUG:colcon.colcon_core.package_identification:Python package in 'src/pixel_ring' passes arguments to the setup() function which requires a different identification extension than 'python'
[0.265s] Level 1:colcon.colcon_core.package_identification:_identify(src/pixel_ring) by extensions ['python_setup_py']
[0.265s] Level 1:colcon.colcon_core.package_identification:_identify(src/pixel_ring) by extension 'python_setup_py'
[0.600s] DEBUG:colcon.colcon_core.package_identification:Package 'src/pixel_ring' with type 'python' and name 'pixel-ring'
[0.600s] Level 1:colcon.colcon_core.package_identification:_identify(src/respeaker_ros) by extensions ['ignore', 'ignore_ament_install']
[0.600s] Level 1:colcon.colcon_core.package_identification:_identify(src/respeaker_ros) by extension 'ignore'
[0.600s] Level 1:colcon.colcon_core.package_identification:_identify(src/respeaker_ros) by extension 'ignore_ament_install'
[0.601s] Level 1:colcon.colcon_core.package_identification:_identify(src/respeaker_ros) by extensions ['colcon_pkg']
[0.601s] Level 1:colcon.colcon_core.package_identification:_identify(src/respeaker_ros) by extension 'colcon_pkg'
[0.601s] Level 1:colcon.colcon_core.package_identification:_identify(src/respeaker_ros) by extensions ['colcon_meta']
[0.601s] Level 1:colcon.colcon_core.package_identification:_identify(src/respeaker_ros) by extension 'colcon_meta'
[0.601s] Level 1:colcon.colcon_core.package_identification:_identify(src/respeaker_ros) by extensions ['ros']
[0.601s] Level 1:colcon.colcon_core.package_identification:_identify(src/respeaker_ros) by extension 'ros'
[0.602s] DEBUG:colcon.colcon_core.package_identification:Package 'src/respeaker_ros' with type 'ros.ament_python' and name 'respeaker_ros'
[0.602s] Level 1:colcon.colcon_core.package_identification:_identify(src/script) by extensions ['ignore', 'ignore_ament_install']
[0.602s] Level 1:colcon.colcon_core.package_identification:_identify(src/script) by extension 'ignore'
[0.602s] Level 1:colcon.colcon_core.package_identification:_identify(src/script) by extension 'ignore_ament_install'
[0.602s] Level 1:colcon.colcon_core.package_identification:_identify(src/script) by extensions ['colcon_pkg']
[0.602s] Level 1:colcon.colcon_core.package_identification:_identify(src/script) by extension 'colcon_pkg'
[0.602s] Level 1:colcon.colcon_core.package_identification:_identify(src/script) by extensions ['colcon_meta']
[0.602s] Level 1:colcon.colcon_core.package_identification:_identify(src/script) by extension 'colcon_meta'
[0.602s] Level 1:colcon.colcon_core.package_identification:_identify(src/script) by extensions ['ros']
[0.602s] Level 1:colcon.colcon_core.package_identification:_identify(src/script) by extension 'ros'
[0.603s] Level 1:colcon.colcon_core.package_identification:_identify(src/script) by extensions ['cmake', 'python']
[0.603s] Level 1:colcon.colcon_core.package_identification:_identify(src/script) by extension 'cmake'
[0.603s] Level 1:colcon.colcon_core.package_identification:_identify(src/script) by extension 'python'
[0.603s] Level 1:colcon.colcon_core.package_identification:_identify(src/script) by extensions ['python_setup_py']
[0.603s] Level 1:colcon.colcon_core.package_identification:_identify(src/script) by extension 'python_setup_py'
[0.603s] Level 1:colcon.colcon_core.package_identification:_identify(src/script/keyboard) by extensions ['ignore', 'ignore_ament_install']
[0.603s] Level 1:colcon.colcon_core.package_identification:_identify(src/script/keyboard) by extension 'ignore'
[0.603s] Level 1:colcon.colcon_core.package_identification:_identify(src/script/keyboard) by extension 'ignore_ament_install'
[0.603s] Level 1:colcon.colcon_core.package_identification:_identify(src/script/keyboard) by extensions ['colcon_pkg']
[0.603s] Level 1:colcon.colcon_core.package_identification:_identify(src/script/keyboard) by extension 'colcon_pkg'
[0.603s] Level 1:colcon.colcon_core.package_identification:_identify(src/script/keyboard) by extensions ['colcon_meta']
[0.603s] Level 1:colcon.colcon_core.package_identification:_identify(src/script/keyboard) by extension 'colcon_meta'
[0.603s] Level 1:colcon.colcon_core.package_identification:_identify(src/script/keyboard) by extensions ['ros']
[0.603s] Level 1:colcon.colcon_core.package_identification:_identify(src/script/keyboard) by extension 'ros'
[0.603s] Level 1:colcon.colcon_core.package_identification:_identify(src/script/keyboard) by extensions ['cmake', 'python']
[0.603s] Level 1:colcon.colcon_core.package_identification:_identify(src/script/keyboard) by extension 'cmake'
[0.603s] Level 1:colcon.colcon_core.package_identification:_identify(src/script/keyboard) by extension 'python'
[0.603s] Level 1:colcon.colcon_core.package_identification:_identify(src/script/keyboard) by extensions ['python_setup_py']
[0.603s] Level 1:colcon.colcon_core.package_identification:_identify(src/script/keyboard) by extension 'python_setup_py'
[0.603s] Level 1:colcon.colcon_core.package_discovery:discover_packages(recursive) using defaults
[0.604s] Level 1:colcon.colcon_core.package_discovery:discover_packages(ignore) discover
[0.604s] Level 1:colcon.colcon_core.package_discovery:discover_packages(ignore) using defaults
[0.604s] Level 1:colcon.colcon_core.package_discovery:discover_packages(path) discover
[0.604s] Level 1:colcon.colcon_core.package_discovery:discover_packages(path) using defaults
[0.632s] INFO:colcon.colcon_core.package_selection:Skipping not selected package 'audio_common_msgs' in 'src/audio_common/audio_common_msgs'
[0.632s] INFO:colcon.colcon_core.package_selection:Skipping not selected package 'keyboard_control' in 'src/keyboard_control'
[0.632s] INFO:colcon.colcon_core.package_selection:Skipping not selected package 'pixel-ring' in 'src/pixel_ring'
[0.632s] INFO:colcon.colcon_core.package_selection:Skipping not selected package 'audio_capture' in 'src/audio_common/audio_capture'
[0.632s] INFO:colcon.colcon_core.package_selection:Skipping not selected package 'audio_play' in 'src/audio_common/audio_play'
[0.632s] INFO:colcon.colcon_core.package_selection:Skipping not selected package 'sound_play' in 'src/audio_common/sound_play'
[0.632s] INFO:colcon.colcon_core.package_selection:Skipping not selected package 'audio_common' in 'src/audio_common/audio_common'
[0.633s] Level 1:colcon.colcon_core.package_discovery:discover_packages(prefix_path) check parameters
[0.633s] Level 1:colcon.colcon_core.package_discovery:discover_packages(prefix_path) discover
[0.635s] DEBUG:colcon.colcon_installed_package_information.package_discovery:Found 5 installed packages in /home/roamio42/Desktop/mic_control/install
[0.638s] DEBUG:colcon.colcon_installed_package_information.package_discovery:Found 437 installed packages in /opt/ros/jazzy
[0.640s] Level 1:colcon.colcon_core.package_discovery:discover_packages(prefix_path) using defaults
[0.721s] Level 5:colcon.colcon_core.verb:set package 'respeaker_ros' build argument 'cmake_args' from command line to 'None'
[0.721s] Level 5:colcon.colcon_core.verb:set package 'respeaker_ros' build argument 'cmake_target' from command line to 'None'
[0.722s] Level 5:colcon.colcon_core.verb:set package 'respeaker_ros' build argument 'cmake_target_skip_unavailable' from command line to 'False'
[0.722s] Level 5:colcon.colcon_core.verb:set package 'respeaker_ros' build argument 'cmake_clean_cache' from command line to 'False'
[0.722s] Level 5:colcon.colcon_core.verb:set package 'respeaker_ros' build argument 'cmake_clean_first' from command line to 'False'
[0.722s] Level 5:colcon.colcon_core.verb:set package 'respeaker_ros' build argument 'cmake_force_configure' from command line to 'False'
[0.722s] Level 5:colcon.colcon_core.verb:set package 'respeaker_ros' build argument 'ament_cmake_args' from command line to 'None'
[0.722s] Level 5:colcon.colcon_core.verb:set package 'respeaker_ros' build argument 'catkin_cmake_args' from command line to 'None'
[0.722s] Level 5:colcon.colcon_core.verb:set package 'respeaker_ros' build argument 'catkin_skip_building_tests' from command line to 'False'
[0.722s] DEBUG:colcon.colcon_core.verb:Building package 'respeaker_ros' with the following arguments: {'ament_cmake_args': None, 'build_base': '/home/roamio42/Desktop/mic_control/build/respeaker_ros', 'catkin_cmake_args': None, 'catkin_skip_building_tests': False, 'cmake_args': None, 'cmake_clean_cache': False, 'cmake_clean_first': False, 'cmake_force_configure': False, 'cmake_target': None, 'cmake_target_skip_unavailable': False, 'install_base': '/home/roamio42/Desktop/mic_control/install/respeaker_ros', 'merge_install': False, 'path': '/home/roamio42/Desktop/mic_control/src/respeaker_ros', 'symlink_install': False, 'test_result_base': None}
[0.722s] INFO:colcon.colcon_core.executor:Executing jobs using 'parallel' executor
[0.723s] DEBUG:colcon.colcon_parallel_executor.executor.parallel:run_until_complete
[0.724s] INFO:colcon.colcon_ros.task.ament_python.build:Building ROS package in '/home/roamio42/Desktop/mic_control/src/respeaker_ros' with build type 'ament_python'
[0.724s] Level 1:colcon.colcon_core.shell:create_environment_hook('respeaker_ros', 'ament_prefix_path')
[0.727s] INFO:colcon.colcon_core.plugin_system:Skipping extension 'colcon_core.shell.bat': Not used on non-Windows systems
[0.727s] INFO:colcon.colcon_core.shell:Creating environment hook '/home/roamio42/Desktop/mic_control/install/respeaker_ros/share/respeaker_ros/hook/ament_prefix_path.ps1'
[0.728s] INFO:colcon.colcon_core.shell:Creating environment descriptor '/home/roamio42/Desktop/mic_control/install/respeaker_ros/share/respeaker_ros/hook/ament_prefix_path.dsv'
[0.734s] INFO:colcon.colcon_core.shell:Creating environment hook '/home/roamio42/Desktop/mic_control/install/respeaker_ros/share/respeaker_ros/hook/ament_prefix_path.sh'
[0.736s] INFO:colcon.colcon_core.shell:Skip shell extension 'powershell' for command environment: Not usable outside of PowerShell
[0.736s] DEBUG:colcon.colcon_core.shell:Skip shell extension 'dsv' for command environment
[1.106s] INFO:colcon.colcon_core.task.python.build:Building Python package in '/home/roamio42/Desktop/mic_control/src/respeaker_ros'
[1.107s] INFO:colcon.colcon_core.shell:Skip shell extension 'powershell' for command environment: Not usable outside of PowerShell
[1.107s] DEBUG:colcon.colcon_core.shell:Skip shell extension 'dsv' for command environment
[2.152s] DEBUG:colcon.colcon_core.event_handler.log_command:Invoking command in '/home/roamio42/Desktop/mic_control/src/respeaker_ros': DEBUGINFOD_URLS=https://debuginfod.ubuntu.com PYTHONPATH=/home/roamio42/Desktop/mic_control/build/respeaker_ros/prefix_override:/usr/lib/python3/dist-packages/colcon_core/task/python/colcon_distutils_commands:/home/roamio42/Desktop/mic_control/install/respeaker_ros/lib/python3.12/site-packages:/home/roamio42/Desktop/mic_control/install/audio_common_msgs/lib/python3.12/site-packages:/home/roamio42/Desktop/mic_control/install/respeaker_ros/lib/python3.12/site-packages:/home/roamio42/Desktop/mic_control/install/pixel-ring/lib/python3.12/site-packages:/home/roamio42/Desktop/mic_control/install/keyboard_control/lib/python3.12/site-packages:/opt/ros/jazzy/lib/python3.12/site-packages /usr/bin/python3 -W ignore:setup.py install is deprecated -W ignore:easy_install command is deprecated setup.py egg_info --egg-base ../../build/respeaker_ros build --build-base /home/roamio42/Desktop/mic_control/build/respeaker_ros/build install --record /home/roamio42/Desktop/mic_control/build/respeaker_ros/install.log --single-version-externally-managed install_data
[3.036s] DEBUG:colcon.colcon_core.event_handler.log_command:Invoked command in '/home/roamio42/Desktop/mic_control/src/respeaker_ros' returned '0': DEBUGINFOD_URLS=https://debuginfod.ubuntu.com PYTHONPATH=/home/roamio42/Desktop/mic_control/build/respeaker_ros/prefix_override:/usr/lib/python3/dist-packages/colcon_core/task/python/colcon_distutils_commands:/home/roamio42/Desktop/mic_control/install/respeaker_ros/lib/python3.12/site-packages:/home/roamio42/Desktop/mic_control/install/audio_common_msgs/lib/python3.12/site-packages:/home/roamio42/Desktop/mic_control/install/respeaker_ros/lib/python3.12/site-packages:/home/roamio42/Desktop/mic_control/install/pixel-ring/lib/python3.12/site-packages:/home/roamio42/Desktop/mic_control/install/keyboard_control/lib/python3.12/site-packages:/opt/ros/jazzy/lib/python3.12/site-packages /usr/bin/python3 -W ignore:setup.py install is deprecated -W ignore:easy_install command is deprecated setup.py egg_info --egg-base ../../build/respeaker_ros build --build-base /home/roamio42/Desktop/mic_control/build/respeaker_ros/build install --record /home/roamio42/Desktop/mic_control/build/respeaker_ros/install.log --single-version-externally-managed install_data
[3.039s] Level 1:colcon.colcon_core.environment:checking '/home/roamio42/Desktop/mic_control/install/respeaker_ros' for CMake module files
[3.039s] Level 1:colcon.colcon_core.environment:checking '/home/roamio42/Desktop/mic_control/install/respeaker_ros' for CMake config files
[3.040s] Level 1:colcon.colcon_core.environment:checking '/home/roamio42/Desktop/mic_control/install/respeaker_ros/lib'
[3.040s] Level 1:colcon.colcon_core.environment:checking '/home/roamio42/Desktop/mic_control/install/respeaker_ros/bin'
[3.041s] Level 1:colcon.colcon_core.environment:checking '/home/roamio42/Desktop/mic_control/install/respeaker_ros/lib/pkgconfig/respeaker_ros.pc'
[3.041s] Level 1:colcon.colcon_core.environment:checking '/home/roamio42/Desktop/mic_control/install/respeaker_ros/lib/python3.12/site-packages'
[3.041s] Level 1:colcon.colcon_core.shell:create_environment_hook('respeaker_ros', 'pythonpath')
[3.041s] INFO:colcon.colcon_core.shell:Creating environment hook '/home/roamio42/Desktop/mic_control/install/respeaker_ros/share/respeaker_ros/hook/pythonpath.ps1'
[3.042s] INFO:colcon.colcon_core.shell:Creating environment descriptor '/home/roamio42/Desktop/mic_control/install/respeaker_ros/share/respeaker_ros/hook/pythonpath.dsv'
[3.049s] INFO:colcon.colcon_core.shell:Creating environment hook '/home/roamio42/Desktop/mic_control/install/respeaker_ros/share/respeaker_ros/hook/pythonpath.sh'
[3.050s] Level 1:colcon.colcon_core.environment:checking '/home/roamio42/Desktop/mic_control/install/respeaker_ros/bin'
[3.050s] Level 1:colcon.colcon_core.environment:create_environment_scripts_only(respeaker_ros)
[3.051s] INFO:colcon.colcon_core.shell:Creating package script '/home/roamio42/Desktop/mic_control/install/respeaker_ros/share/respeaker_ros/package.ps1'
[3.052s] INFO:colcon.colcon_core.shell:Creating package descriptor '/home/roamio42/Desktop/mic_control/install/respeaker_ros/share/respeaker_ros/package.dsv'
[3.053s] INFO:colcon.colcon_core.shell:Creating package script '/home/roamio42/Desktop/mic_control/install/respeaker_ros/share/respeaker_ros/package.sh'
[3.054s] INFO:colcon.colcon_core.shell:Creating package script '/home/roamio42/Desktop/mic_control/install/respeaker_ros/share/respeaker_ros/package.bash'
[3.056s] INFO:colcon.colcon_core.shell:Creating package script '/home/roamio42/Desktop/mic_control/install/respeaker_ros/share/respeaker_ros/package.zsh'
[3.057s] Level 1:colcon.colcon_core.environment:create_file_with_runtime_dependencies(/home/roamio42/Desktop/mic_control/install/respeaker_ros/share/colcon-core/packages/respeaker_ros)
[3.058s] DEBUG:colcon.colcon_parallel_executor.executor.parallel:closing loop
[3.059s] DEBUG:colcon.colcon_parallel_executor.executor.parallel:loop closed
[3.059s] DEBUG:colcon.colcon_parallel_executor.executor.parallel:run_until_complete finished with '0'
[3.059s] DEBUG:colcon.colcon_core.event_reactor:joining thread
[3.099s] INFO:colcon.colcon_core.plugin_system:Skipping extension 'colcon_notification.desktop_notification.terminal_notifier': Not used on non-Darwin systems
[3.099s] INFO:colcon.colcon_core.plugin_system:Skipping extension 'colcon_notification.desktop_notification.win32': Not used on non-Windows systems
[3.099s] INFO:colcon.colcon_notification.desktop_notification:Sending desktop notification using 'notify2'
[3.122s] DEBUG:colcon.colcon_core.event_reactor:joined thread
[3.122s] INFO:colcon.colcon_core.shell:Creating prefix script '/home/roamio42/Desktop/mic_control/install/local_setup.ps1'
[3.124s] INFO:colcon.colcon_core.shell:Creating prefix util module '/home/roamio42/Desktop/mic_control/install/_local_setup_util_ps1.py'
[3.130s] INFO:colcon.colcon_core.shell:Creating prefix chain script '/home/roamio42/Desktop/mic_control/install/setup.ps1'
[3.132s] INFO:colcon.colcon_core.shell:Creating prefix script '/home/roamio42/Desktop/mic_control/install/local_setup.sh'
[3.133s] INFO:colcon.colcon_core.shell:Creating prefix util module '/home/roamio42/Desktop/mic_control/install/_local_setup_util_sh.py'
[3.134s] INFO:colcon.colcon_core.shell:Creating prefix chain script '/home/roamio42/Desktop/mic_control/install/setup.sh'
[3.136s] INFO:colcon.colcon_core.shell:Creating prefix script '/home/roamio42/Desktop/mic_control/install/local_setup.bash'
[3.137s] INFO:colcon.colcon_core.shell:Creating prefix chain script '/home/roamio42/Desktop/mic_control/install/setup.bash'
[3.138s] INFO:colcon.colcon_core.shell:Creating prefix script '/home/roamio42/Desktop/mic_control/install/local_setup.zsh'
[3.140s] INFO:colcon.colcon_core.shell:Creating prefix chain script '/home/roamio42/Desktop/mic_control/install/setup.zsh'
