[0.030s] Invoking command in '/home/roamio42/Desktop/mic_control/build/audio_play': AMENT_PREFIX_PATH=/home/roamio42/Desktop/mic_control/install/audio_common_msgs:${AMENT_PREFIX_PATH} CMAKE_PREFIX_PATH=/home/roamio42/Desktop/mic_control/install/audio_common_msgs:/opt/ros/jazzy/opt/gz_sim_vendor:/opt/ros/jazzy/opt/gz_sensors_vendor:/opt/ros/jazzy/opt/gz_physics_vendor:/opt/ros/jazzy/opt/sdformat_vendor:/opt/ros/jazzy/opt/gz_gui_vendor:/opt/ros/jazzy/opt/gz_transport_vendor:/opt/ros/jazzy/opt/gz_rendering_vendor:/opt/ros/jazzy/opt/gz_plugin_vendor:/opt/ros/jazzy/opt/gz_fuel_tools_vendor:/opt/ros/jazzy/opt/gz_msgs_vendor:/opt/ros/jazzy/opt/gz_common_vendor:/opt/ros/jazzy/opt/gz_math_vendor:/opt/ros/jazzy/opt/gz_utils_vendor:/opt/ros/jazzy/opt/gz_tools_vendor:/opt/ros/jazzy/opt/gz_ogre_next_vendor:/opt/ros/jazzy/opt/gz_dartsim_vendor:/opt/ros/jazzy/opt/gz_cmake_vendor:/opt/ros/jazzy DEBUGINFOD_URLS=https://debuginfod.ubuntu.com LD_LIBRARY_PATH=/home/roamio42/Desktop/mic_control/install/audio_common_msgs/lib:${LD_LIBRARY_PATH} PYTHONPATH=/home/roamio42/Desktop/mic_control/install/audio_common_msgs/lib/python3.12/site-packages:${PYTHONPATH} /usr/bin/cmake --build /home/roamio42/Desktop/mic_control/build/audio_play -- -j4 -l4
[0.245s] [ 50%] Built target audio_play_node
[0.320s] [100%] Built target audio_play
[0.369s] Invoked command in '/home/roamio42/Desktop/mic_control/build/audio_play' returned '0': AMENT_PREFIX_PATH=/home/roamio42/Desktop/mic_control/install/audio_common_msgs:${AMENT_PREFIX_PATH} CMAKE_PREFIX_PATH=/home/roamio42/Desktop/mic_control/install/audio_common_msgs:/opt/ros/jazzy/opt/gz_sim_vendor:/opt/ros/jazzy/opt/gz_sensors_vendor:/opt/ros/jazzy/opt/gz_physics_vendor:/opt/ros/jazzy/opt/sdformat_vendor:/opt/ros/jazzy/opt/gz_gui_vendor:/opt/ros/jazzy/opt/gz_transport_vendor:/opt/ros/jazzy/opt/gz_rendering_vendor:/opt/ros/jazzy/opt/gz_plugin_vendor:/opt/ros/jazzy/opt/gz_fuel_tools_vendor:/opt/ros/jazzy/opt/gz_msgs_vendor:/opt/ros/jazzy/opt/gz_common_vendor:/opt/ros/jazzy/opt/gz_math_vendor:/opt/ros/jazzy/opt/gz_utils_vendor:/opt/ros/jazzy/opt/gz_tools_vendor:/opt/ros/jazzy/opt/gz_ogre_next_vendor:/opt/ros/jazzy/opt/gz_dartsim_vendor:/opt/ros/jazzy/opt/gz_cmake_vendor:/opt/ros/jazzy DEBUGINFOD_URLS=https://debuginfod.ubuntu.com LD_LIBRARY_PATH=/home/roamio42/Desktop/mic_control/install/audio_common_msgs/lib:${LD_LIBRARY_PATH} PYTHONPATH=/home/roamio42/Desktop/mic_control/install/audio_common_msgs/lib/python3.12/site-packages:${PYTHONPATH} /usr/bin/cmake --build /home/roamio42/Desktop/mic_control/build/audio_play -- -j4 -l4
[0.369s] Invoking command in '/home/roamio42/Desktop/mic_control/build/audio_play': AMENT_PREFIX_PATH=/home/roamio42/Desktop/mic_control/install/audio_common_msgs:${AMENT_PREFIX_PATH} CMAKE_PREFIX_PATH=/home/roamio42/Desktop/mic_control/install/audio_common_msgs:/opt/ros/jazzy/opt/gz_sim_vendor:/opt/ros/jazzy/opt/gz_sensors_vendor:/opt/ros/jazzy/opt/gz_physics_vendor:/opt/ros/jazzy/opt/sdformat_vendor:/opt/ros/jazzy/opt/gz_gui_vendor:/opt/ros/jazzy/opt/gz_transport_vendor:/opt/ros/jazzy/opt/gz_rendering_vendor:/opt/ros/jazzy/opt/gz_plugin_vendor:/opt/ros/jazzy/opt/gz_fuel_tools_vendor:/opt/ros/jazzy/opt/gz_msgs_vendor:/opt/ros/jazzy/opt/gz_common_vendor:/opt/ros/jazzy/opt/gz_math_vendor:/opt/ros/jazzy/opt/gz_utils_vendor:/opt/ros/jazzy/opt/gz_tools_vendor:/opt/ros/jazzy/opt/gz_ogre_next_vendor:/opt/ros/jazzy/opt/gz_dartsim_vendor:/opt/ros/jazzy/opt/gz_cmake_vendor:/opt/ros/jazzy DEBUGINFOD_URLS=https://debuginfod.ubuntu.com LD_LIBRARY_PATH=/home/roamio42/Desktop/mic_control/install/audio_common_msgs/lib:${LD_LIBRARY_PATH} PYTHONPATH=/home/roamio42/Desktop/mic_control/install/audio_common_msgs/lib/python3.12/site-packages:${PYTHONPATH} /usr/bin/cmake --install /home/roamio42/Desktop/mic_control/build/audio_play
[0.401s] -- Install configuration: ""
[0.401s] -- Installing: /home/roamio42/Desktop/mic_control/install/audio_play/lib/audio_play/audio_play_node
[0.403s] -- Set non-toolchain portion of runtime path of "/home/roamio42/Desktop/mic_control/install/audio_play/lib/audio_play/audio_play_node" to ""
[0.403s] -- Installing: /home/roamio42/Desktop/mic_control/install/audio_play/bin/audio_play_node
[0.411s] -- Set non-toolchain portion of runtime path of "/home/roamio42/Desktop/mic_control/install/audio_play/bin/audio_play_node" to ""
[0.411s] -- Installing: /home/roamio42/Desktop/mic_control/install/audio_play/lib/libaudio_play.so
[0.429s] -- Set non-toolchain portion of runtime path of "/home/roamio42/Desktop/mic_control/install/audio_play/lib/libaudio_play.so" to ""
[0.432s] -- Installing: /home/roamio42/Desktop/mic_control/install/audio_play/share/audio_play/launch
[0.432s] -- Installing: /home/roamio42/Desktop/mic_control/install/audio_play/share/audio_play/launch/play.launch.py
[0.432s] -- Installing: /home/roamio42/Desktop/mic_control/install/audio_play/share/audio_play/launch/play.launch.xml
[0.435s] -- Installing: /home/roamio42/Desktop/mic_control/install/audio_play/share/audio_play/environment/library_path.sh
[0.435s] -- Installing: /home/roamio42/Desktop/mic_control/install/audio_play/share/audio_play/environment/library_path.dsv
[0.436s] -- Installing: /home/roamio42/Desktop/mic_control/install/audio_play/share/ament_index/resource_index/package_run_dependencies/audio_play
[0.436s] -- Installing: /home/roamio42/Desktop/mic_control/install/audio_play/share/ament_index/resource_index/parent_prefix_path/audio_play
[0.436s] -- Installing: /home/roamio42/Desktop/mic_control/install/audio_play/share/audio_play/environment/ament_prefix_path.sh
[0.436s] -- Installing: /home/roamio42/Desktop/mic_control/install/audio_play/share/audio_play/environment/ament_prefix_path.dsv
[0.436s] -- Installing: /home/roamio42/Desktop/mic_control/install/audio_play/share/audio_play/environment/path.sh
[0.436s] -- Installing: /home/roamio42/Desktop/mic_control/install/audio_play/share/audio_play/environment/path.dsv
[0.436s] -- Installing: /home/roamio42/Desktop/mic_control/install/audio_play/share/audio_play/local_setup.bash
[0.436s] -- Installing: /home/roamio42/Desktop/mic_control/install/audio_play/share/audio_play/local_setup.sh
[0.436s] -- Installing: /home/roamio42/Desktop/mic_control/install/audio_play/share/audio_play/local_setup.zsh
[0.441s] -- Installing: /home/roamio42/Desktop/mic_control/install/audio_play/share/audio_play/local_setup.dsv
[0.441s] -- Installing: /home/roamio42/Desktop/mic_control/install/audio_play/share/audio_play/package.dsv
[0.441s] -- Installing: /home/roamio42/Desktop/mic_control/install/audio_play/share/ament_index/resource_index/packages/audio_play
[0.441s] -- Installing: /home/roamio42/Desktop/mic_control/install/audio_play/share/ament_index/resource_index/rclcpp_components/audio_play
[0.441s] -- Installing: /home/roamio42/Desktop/mic_control/install/audio_play/share/audio_play/cmake/ament_cmake_export_libraries-extras.cmake
[0.442s] -- Installing: /home/roamio42/Desktop/mic_control/install/audio_play/share/audio_play/cmake/audio_playConfig.cmake
[0.442s] -- Installing: /home/roamio42/Desktop/mic_control/install/audio_play/share/audio_play/cmake/audio_playConfig-version.cmake
[0.442s] -- Installing: /home/roamio42/Desktop/mic_control/install/audio_play/share/audio_play/package.xml
[0.451s] Invoked command in '/home/roamio42/Desktop/mic_control/build/audio_play' returned '0': AMENT_PREFIX_PATH=/home/roamio42/Desktop/mic_control/install/audio_common_msgs:${AMENT_PREFIX_PATH} CMAKE_PREFIX_PATH=/home/roamio42/Desktop/mic_control/install/audio_common_msgs:/opt/ros/jazzy/opt/gz_sim_vendor:/opt/ros/jazzy/opt/gz_sensors_vendor:/opt/ros/jazzy/opt/gz_physics_vendor:/opt/ros/jazzy/opt/sdformat_vendor:/opt/ros/jazzy/opt/gz_gui_vendor:/opt/ros/jazzy/opt/gz_transport_vendor:/opt/ros/jazzy/opt/gz_rendering_vendor:/opt/ros/jazzy/opt/gz_plugin_vendor:/opt/ros/jazzy/opt/gz_fuel_tools_vendor:/opt/ros/jazzy/opt/gz_msgs_vendor:/opt/ros/jazzy/opt/gz_common_vendor:/opt/ros/jazzy/opt/gz_math_vendor:/opt/ros/jazzy/opt/gz_utils_vendor:/opt/ros/jazzy/opt/gz_tools_vendor:/opt/ros/jazzy/opt/gz_ogre_next_vendor:/opt/ros/jazzy/opt/gz_dartsim_vendor:/opt/ros/jazzy/opt/gz_cmake_vendor:/opt/ros/jazzy DEBUGINFOD_URLS=https://debuginfod.ubuntu.com LD_LIBRARY_PATH=/home/roamio42/Desktop/mic_control/install/audio_common_msgs/lib:${LD_LIBRARY_PATH} PYTHONPATH=/home/roamio42/Desktop/mic_control/install/audio_common_msgs/lib/python3.12/site-packages:${PYTHONPATH} /usr/bin/cmake --install /home/roamio42/Desktop/mic_control/build/audio_play
