[2.418s] Invoking command in '/home/roamio42/Desktop/mic_control/src/pixel_ring': DEBUGINFOD_URLS=https://debuginfod.ubuntu.com PYTHONPATH=/home/roamio42/Desktop/mic_control/build/pixel-ring/prefix_override:/usr/lib/python3/dist-packages/colcon_core/task/python/colcon_distutils_commands:/home/roamio42/Desktop/mic_control/install/pixel-ring/lib/python3.12/site-packages:${PYTHONPATH} /usr/bin/python3 -W ignore:setup.py install is deprecated -W ignore:easy_install command is deprecated setup.py egg_info --egg-base ../../build/pixel-ring build --build-base /home/roamio42/Desktop/mic_control/build/pixel-ring/build install --record /home/roamio42/Desktop/mic_control/build/pixel-ring/install.log --single-version-externally-managed
[2.901s] running egg_info
[2.942s] writing ../../build/pixel-ring/pixel_ring.egg-info/PKG-INFO
[2.943s] writing dependency_links to ../../build/pixel-ring/pixel_ring.egg-info/dependency_links.txt
[2.950s] writing entry points to ../../build/pixel-ring/pixel_ring.egg-info/entry_points.txt
[2.952s] writing requirements to ../../build/pixel-ring/pixel_ring.egg-info/requires.txt
[2.953s] writing top-level names to ../../build/pixel-ring/pixel_ring.egg-info/top_level.txt
[3.022s] reading manifest file '../../build/pixel-ring/pixel_ring.egg-info/SOURCES.txt'
[3.023s] writing manifest file '../../build/pixel-ring/pixel_ring.egg-info/SOURCES.txt'
[3.024s] running build
[3.024s] running build_py
[3.025s] running install
[3.034s] running install_lib
[3.070s] running install_egg_info
[3.109s] removing '/home/roamio42/Desktop/mic_control/install/pixel-ring/lib/python3.12/site-packages/pixel_ring-0.1.0-py3.12.egg-info' (and everything under it)
[3.111s] Copying ../../build/pixel-ring/pixel_ring.egg-info to /home/roamio42/Desktop/mic_control/install/pixel-ring/lib/python3.12/site-packages/pixel_ring-0.1.0-py3.12.egg-info
[3.111s] running install_scripts
[3.367s] Installing pixel_ring_check script to /home/roamio42/Desktop/mic_control/install/pixel-ring/bin
[3.368s] writing list of installed files to '/home/roamio42/Desktop/mic_control/build/pixel-ring/install.log'
[3.525s] Invoked command in '/home/roamio42/Desktop/mic_control/src/pixel_ring' returned '0': DEBUGINFOD_URLS=https://debuginfod.ubuntu.com PYTHONPATH=/home/roamio42/Desktop/mic_control/build/pixel-ring/prefix_override:/usr/lib/python3/dist-packages/colcon_core/task/python/colcon_distutils_commands:/home/roamio42/Desktop/mic_control/install/pixel-ring/lib/python3.12/site-packages:${PYTHONPATH} /usr/bin/python3 -W ignore:setup.py install is deprecated -W ignore:easy_install command is deprecated setup.py egg_info --egg-base ../../build/pixel-ring build --build-base /home/roamio42/Desktop/mic_control/build/pixel-ring/build install --record /home/roamio42/Desktop/mic_control/build/pixel-ring/install.log --single-version-externally-managed
