[1.409s] Invoking command in '/home/roamio42/Desktop/mic_control/src/respeaker_ros': DEBUGINFOD_URLS=https://debuginfod.ubuntu.com PYTHONPATH=/home/roamio42/Desktop/mic_control/build/respeaker_ros/prefix_override:/usr/lib/python3/dist-packages/colcon_core/task/python/colcon_distutils_commands:/home/roamio42/Desktop/mic_control/install/respeaker_ros/lib/python3.12/site-packages:/home/roamio42/Desktop/mic_control/install/audio_common_msgs/lib/python3.12/site-packages:/home/roamio42/Desktop/mic_control/install/respeaker_ros/lib/python3.12/site-packages:/home/roamio42/Desktop/mic_control/install/pixel-ring/lib/python3.12/site-packages:/home/roamio42/Desktop/mic_control/install/keyboard_control/lib/python3.12/site-packages:/opt/ros/jazzy/lib/python3.12/site-packages /usr/bin/python3 -W ignore:setup.py install is deprecated -W ignore:easy_install command is deprecated setup.py egg_info --egg-base ../../build/respeaker_ros build --build-base /home/roamio42/Desktop/mic_control/build/respeaker_ros/build install --record /home/roamio42/Desktop/mic_control/build/respeaker_ros/install.log --single-version-externally-managed install_data
[1.813s] running egg_info
[1.843s] writing ../../build/respeaker_ros/respeaker_ros.egg-info/PKG-INFO
[1.843s] writing dependency_links to ../../build/respeaker_ros/respeaker_ros.egg-info/dependency_links.txt
[1.851s] writing entry points to ../../build/respeaker_ros/respeaker_ros.egg-info/entry_points.txt
[1.852s] writing requirements to ../../build/respeaker_ros/respeaker_ros.egg-info/requires.txt
[1.854s] writing top-level names to ../../build/respeaker_ros/respeaker_ros.egg-info/top_level.txt
[1.920s] reading manifest file '../../build/respeaker_ros/respeaker_ros.egg-info/SOURCES.txt'
[1.920s] adding license file 'LICENSE'
[1.921s] writing manifest file '../../build/respeaker_ros/respeaker_ros.egg-info/SOURCES.txt'
[1.921s] running build
[1.921s] running build_py
[1.922s] copying respeaker_ros/doa_listener.py -> /home/roamio42/Desktop/mic_control/build/respeaker_ros/build/lib/respeaker_ros
[1.922s] running install
[1.932s] running install_lib
[1.963s] copying /home/roamio42/Desktop/mic_control/build/respeaker_ros/build/lib/respeaker_ros/doa_listener.py -> /home/roamio42/Desktop/mic_control/install/respeaker_ros/lib/python3.12/site-packages/respeaker_ros
[1.964s] byte-compiling /home/roamio42/Desktop/mic_control/install/respeaker_ros/lib/python3.12/site-packages/respeaker_ros/doa_listener.py to doa_listener.cpython-312.pyc
[1.967s] running install_data
[1.967s] running install_egg_info
[2.000s] removing '/home/roamio42/Desktop/mic_control/install/respeaker_ros/lib/python3.12/site-packages/respeaker_ros-1.0.0-py3.12.egg-info' (and everything under it)
[2.001s] Copying ../../build/respeaker_ros/respeaker_ros.egg-info to /home/roamio42/Desktop/mic_control/install/respeaker_ros/lib/python3.12/site-packages/respeaker_ros-1.0.0-py3.12.egg-info
[2.002s] running install_scripts
[2.207s] Installing doa_listener script to /home/roamio42/Desktop/mic_control/install/respeaker_ros/lib/respeaker_ros
[2.207s] Installing respeaker_node script to /home/roamio42/Desktop/mic_control/install/respeaker_ros/lib/respeaker_ros
[2.215s] writing list of installed files to '/home/roamio42/Desktop/mic_control/build/respeaker_ros/install.log'
[2.302s] Invoked command in '/home/roamio42/Desktop/mic_control/src/respeaker_ros' returned '0': DEBUGINFOD_URLS=https://debuginfod.ubuntu.com PYTHONPATH=/home/roamio42/Desktop/mic_control/build/respeaker_ros/prefix_override:/usr/lib/python3/dist-packages/colcon_core/task/python/colcon_distutils_commands:/home/roamio42/Desktop/mic_control/install/respeaker_ros/lib/python3.12/site-packages:/home/roamio42/Desktop/mic_control/install/audio_common_msgs/lib/python3.12/site-packages:/home/roamio42/Desktop/mic_control/install/respeaker_ros/lib/python3.12/site-packages:/home/roamio42/Desktop/mic_control/install/pixel-ring/lib/python3.12/site-packages:/home/roamio42/Desktop/mic_control/install/keyboard_control/lib/python3.12/site-packages:/opt/ros/jazzy/lib/python3.12/site-packages /usr/bin/python3 -W ignore:setup.py install is deprecated -W ignore:easy_install command is deprecated setup.py egg_info --egg-base ../../build/respeaker_ros build --build-base /home/roamio42/Desktop/mic_control/build/respeaker_ros/build install --record /home/roamio42/Desktop/mic_control/build/respeaker_ros/install.log --single-version-externally-managed install_data
