running egg_info
creating ../../build/respeaker_ros/respeaker_ros.egg-info
writing ../../build/respeaker_ros/respeaker_ros.egg-info/PKG-INFO
writing dependency_links to ../../build/respeaker_ros/respeaker_ros.egg-info/dependency_links.txt
writing entry points to ../../build/respeaker_ros/respeaker_ros.egg-info/entry_points.txt
writing requirements to ../../build/respeaker_ros/respeaker_ros.egg-info/requires.txt
writing top-level names to ../../build/respeaker_ros/respeaker_ros.egg-info/top_level.txt
writing manifest file '../../build/respeaker_ros/respeaker_ros.egg-info/SOURCES.txt'
reading manifest file '../../build/respeaker_ros/respeaker_ros.egg-info/SOURCES.txt'
adding license file 'LICENSE'
writing manifest file '../../build/respeaker_ros/respeaker_ros.egg-info/SOURCES.txt'
running build
running build_py
creating /home/roamio42/Desktop/mic_control/build/respeaker_ros/build
creating /home/roamio42/Desktop/mic_control/build/respeaker_ros/build/lib
creating /home/roamio42/Desktop/mic_control/build/respeaker_ros/build/lib/respeaker_ros
copying respeaker_ros/util.py -> /home/roamio42/Desktop/mic_control/build/respeaker_ros/build/lib/respeaker_ros
copying respeaker_ros/parameters.py -> /home/roamio42/Desktop/mic_control/build/respeaker_ros/build/lib/respeaker_ros
copying respeaker_ros/keyboard_serial.py -> /home/roamio42/Desktop/mic_control/build/respeaker_ros/build/lib/respeaker_ros
copying respeaker_ros/mpu6050_driver.py -> /home/roamio42/Desktop/mic_control/build/respeaker_ros/build/lib/respeaker_ros
copying respeaker_ros/respeaker_node.py -> /home/roamio42/Desktop/mic_control/build/respeaker_ros/build/lib/respeaker_ros
copying respeaker_ros/doa_listener.py -> /home/roamio42/Desktop/mic_control/build/respeaker_ros/build/lib/respeaker_ros
copying respeaker_ros/__init__.py -> /home/roamio42/Desktop/mic_control/build/respeaker_ros/build/lib/respeaker_ros
copying respeaker_ros/audio.py -> /home/roamio42/Desktop/mic_control/build/respeaker_ros/build/lib/respeaker_ros
copying respeaker_ros/interface.py -> /home/roamio42/Desktop/mic_control/build/respeaker_ros/build/lib/respeaker_ros
running install
running install_lib
creating /home/roamio42/Desktop/mic_control/install/respeaker_ros/lib/python3.12/site-packages/respeaker_ros
copying /home/roamio42/Desktop/mic_control/build/respeaker_ros/build/lib/respeaker_ros/util.py -> /home/roamio42/Desktop/mic_control/install/respeaker_ros/lib/python3.12/site-packages/respeaker_ros
copying /home/roamio42/Desktop/mic_control/build/respeaker_ros/build/lib/respeaker_ros/parameters.py -> /home/roamio42/Desktop/mic_control/install/respeaker_ros/lib/python3.12/site-packages/respeaker_ros
copying /home/roamio42/Desktop/mic_control/build/respeaker_ros/build/lib/respeaker_ros/keyboard_serial.py -> /home/roamio42/Desktop/mic_control/install/respeaker_ros/lib/python3.12/site-packages/respeaker_ros
copying /home/roamio42/Desktop/mic_control/build/respeaker_ros/build/lib/respeaker_ros/mpu6050_driver.py -> /home/roamio42/Desktop/mic_control/install/respeaker_ros/lib/python3.12/site-packages/respeaker_ros
copying /home/roamio42/Desktop/mic_control/build/respeaker_ros/build/lib/respeaker_ros/respeaker_node.py -> /home/roamio42/Desktop/mic_control/install/respeaker_ros/lib/python3.12/site-packages/respeaker_ros
copying /home/roamio42/Desktop/mic_control/build/respeaker_ros/build/lib/respeaker_ros/doa_listener.py -> /home/roamio42/Desktop/mic_control/install/respeaker_ros/lib/python3.12/site-packages/respeaker_ros
copying /home/roamio42/Desktop/mic_control/build/respeaker_ros/build/lib/respeaker_ros/__init__.py -> /home/roamio42/Desktop/mic_control/install/respeaker_ros/lib/python3.12/site-packages/respeaker_ros
copying /home/roamio42/Desktop/mic_control/build/respeaker_ros/build/lib/respeaker_ros/audio.py -> /home/roamio42/Desktop/mic_control/install/respeaker_ros/lib/python3.12/site-packages/respeaker_ros
copying /home/roamio42/Desktop/mic_control/build/respeaker_ros/build/lib/respeaker_ros/interface.py -> /home/roamio42/Desktop/mic_control/install/respeaker_ros/lib/python3.12/site-packages/respeaker_ros
byte-compiling /home/roamio42/Desktop/mic_control/install/respeaker_ros/lib/python3.12/site-packages/respeaker_ros/util.py to util.cpython-312.pyc
byte-compiling /home/roamio42/Desktop/mic_control/install/respeaker_ros/lib/python3.12/site-packages/respeaker_ros/parameters.py to parameters.cpython-312.pyc
byte-compiling /home/roamio42/Desktop/mic_control/install/respeaker_ros/lib/python3.12/site-packages/respeaker_ros/keyboard_serial.py to keyboard_serial.cpython-312.pyc
byte-compiling /home/roamio42/Desktop/mic_control/install/respeaker_ros/lib/python3.12/site-packages/respeaker_ros/mpu6050_driver.py to mpu6050_driver.cpython-312.pyc
byte-compiling /home/roamio42/Desktop/mic_control/install/respeaker_ros/lib/python3.12/site-packages/respeaker_ros/respeaker_node.py to respeaker_node.cpython-312.pyc
byte-compiling /home/roamio42/Desktop/mic_control/install/respeaker_ros/lib/python3.12/site-packages/respeaker_ros/doa_listener.py to doa_listener.cpython-312.pyc
byte-compiling /home/roamio42/Desktop/mic_control/install/respeaker_ros/lib/python3.12/site-packages/respeaker_ros/__init__.py to __init__.cpython-312.pyc
byte-compiling /home/roamio42/Desktop/mic_control/install/respeaker_ros/lib/python3.12/site-packages/respeaker_ros/audio.py to audio.cpython-312.pyc
byte-compiling /home/roamio42/Desktop/mic_control/install/respeaker_ros/lib/python3.12/site-packages/respeaker_ros/interface.py to interface.cpython-312.pyc
running install_data
copying package.xml -> /home/roamio42/Desktop/mic_control/install/respeaker_ros/share/respeaker_ros
creating /home/roamio42/Desktop/mic_control/install/respeaker_ros/share/ament_index
creating /home/roamio42/Desktop/mic_control/install/respeaker_ros/share/ament_index/resource_index
creating /home/roamio42/Desktop/mic_control/install/respeaker_ros/share/ament_index/resource_index/packages
copying resource/respeaker_ros -> /home/roamio42/Desktop/mic_control/install/respeaker_ros/share/ament_index/resource_index/packages
creating /home/roamio42/Desktop/mic_control/install/respeaker_ros/share/respeaker_ros/launch
copying launch/respeaker_doa.launch.py -> /home/roamio42/Desktop/mic_control/install/respeaker_ros/share/respeaker_ros/launch
running install_egg_info
Copying ../../build/respeaker_ros/respeaker_ros.egg-info to /home/roamio42/Desktop/mic_control/install/respeaker_ros/lib/python3.12/site-packages/respeaker_ros-1.0.0-py3.12.egg-info
running install_scripts
Installing doa_listener script to /home/roamio42/Desktop/mic_control/install/respeaker_ros/lib/respeaker_ros
Installing keyboard_serial script to /home/roamio42/Desktop/mic_control/install/respeaker_ros/lib/respeaker_ros
Installing mpu6050_driver script to /home/roamio42/Desktop/mic_control/install/respeaker_ros/lib/respeaker_ros
Installing respeaker_node script to /home/roamio42/Desktop/mic_control/install/respeaker_ros/lib/respeaker_ros
writing list of installed files to '/home/roamio42/Desktop/mic_control/build/respeaker_ros/install.log'
