[0.163s] DEBUG:colcon:Command line arguments: ['/usr/bin/colcon', 'build', '--packages-select', 'respeaker_ros']
[0.164s] DEBUG:colcon:Parsed command line arguments: Namespace(log_base=None, log_level=None, verb_name='build', build_base='build', install_base='install', merge_install=False, symlink_install=False, test_result_base=None, continue_on_error=False, executor='parallel', parallel_workers=4, event_handlers=None, ignore_user_meta=False, metas=['./colcon.meta'], base_paths=['.'], packages_ignore=None, packages_ignore_regex=None, paths=None, packages_up_to=None, packages_up_to_regex=None, packages_above=None, packages_above_and_dependencies=None, packages_above_depth=None, packages_select_by_dep=None, packages_skip_by_dep=None, packages_skip_up_to=None, packages_select_build_failed=False, packages_skip_build_finished=False, packages_select_test_failures=False, packages_skip_test_passed=False, packages_select=['respeaker_ros'], packages_skip=None, packages_select_regex=None, packages_skip_regex=None, packages_start=None, packages_end=None, allow_overriding=[], cmake_args=None, cmake_target=None, cmake_target_skip_unavailable=False, cmake_clean_cache=False, cmake_clean_first=False, cmake_force_configure=False, ament_cmake_args=None, catkin_cmake_args=None, catkin_skip_building_tests=False, mixin_files=None, mixin=None, verb_parser=<colcon_mixin.mixin.mixin_argument.MixinArgumentDecorator object at 0xffffa0194ef0>, verb_extension=<colcon_core.verb.build.BuildVerb object at 0xffffa037a1b0>, main=<bound method BuildVerb.main of <colcon_core.verb.build.BuildVerb object at 0xffffa037a1b0>>, mixin_verb=('build',))
[0.223s] Level 1:colcon.colcon_core.package_discovery:discover_packages(colcon_meta) check parameters
[0.223s] Level 1:colcon.colcon_core.package_discovery:discover_packages(recursive) check parameters
[0.223s] Level 1:colcon.colcon_core.package_discovery:discover_packages(ignore) check parameters
[0.223s] Level 1:colcon.colcon_core.package_discovery:discover_packages(path) check parameters
[0.223s] Level 1:colcon.colcon_core.package_discovery:discover_packages(colcon_meta) discover
[0.223s] Level 1:colcon.colcon_core.package_discovery:discover_packages(recursive) discover
[0.223s] INFO:colcon.colcon_core.package_discovery:Crawling recursively for packages in '/home/roamio42/Desktop/mic_control'
[0.223s] Level 1:colcon.colcon_core.package_identification:_identify(.) by extensions ['ignore', 'ignore_ament_install']
[0.223s] Level 1:colcon.colcon_core.package_identification:_identify(.) by extension 'ignore'
[0.224s] Level 1:colcon.colcon_core.package_identification:_identify(.) by extension 'ignore_ament_install'
[0.224s] Level 1:colcon.colcon_core.package_identification:_identify(.) by extensions ['colcon_pkg']
[0.224s] Level 1:colcon.colcon_core.package_identification:_identify(.) by extension 'colcon_pkg'
[0.224s] Level 1:colcon.colcon_core.package_identification:_identify(.) by extensions ['colcon_meta']
[0.224s] Level 1:colcon.colcon_core.package_identification:_identify(.) by extension 'colcon_meta'
[0.224s] Level 1:colcon.colcon_core.package_identification:_identify(.) by extensions ['ros']
[0.224s] Level 1:colcon.colcon_core.package_identification:_identify(.) by extension 'ros'
[0.264s] Level 1:colcon.colcon_core.package_identification:_identify(.) by extensions ['cmake', 'python']
[0.264s] Level 1:colcon.colcon_core.package_identification:_identify(.) by extension 'cmake'
[0.264s] Level 1:colcon.colcon_core.package_identification:_identify(.) by extension 'python'
[0.264s] Level 1:colcon.colcon_core.package_identification:_identify(.) by extensions ['python_setup_py']
[0.264s] Level 1:colcon.colcon_core.package_identification:_identify(.) by extension 'python_setup_py'
[0.265s] Level 1:colcon.colcon_core.package_identification:_identify(arduino_upload) by extensions ['ignore', 'ignore_ament_install']
[0.265s] Level 1:colcon.colcon_core.package_identification:_identify(arduino_upload) by extension 'ignore'
[0.265s] Level 1:colcon.colcon_core.package_identification:_identify(arduino_upload) by extension 'ignore_ament_install'
[0.265s] Level 1:colcon.colcon_core.package_identification:_identify(arduino_upload) by extensions ['colcon_pkg']
[0.265s] Level 1:colcon.colcon_core.package_identification:_identify(arduino_upload) by extension 'colcon_pkg'
[0.265s] Level 1:colcon.colcon_core.package_identification:_identify(arduino_upload) by extensions ['colcon_meta']
[0.265s] Level 1:colcon.colcon_core.package_identification:_identify(arduino_upload) by extension 'colcon_meta'
[0.265s] Level 1:colcon.colcon_core.package_identification:_identify(arduino_upload) by extensions ['ros']
[0.265s] Level 1:colcon.colcon_core.package_identification:_identify(arduino_upload) by extension 'ros'
[0.265s] Level 1:colcon.colcon_core.package_identification:_identify(arduino_upload) by extensions ['cmake', 'python']
[0.265s] Level 1:colcon.colcon_core.package_identification:_identify(arduino_upload) by extension 'cmake'
[0.265s] Level 1:colcon.colcon_core.package_identification:_identify(arduino_upload) by extension 'python'
[0.265s] Level 1:colcon.colcon_core.package_identification:_identify(arduino_upload) by extensions ['python_setup_py']
[0.265s] Level 1:colcon.colcon_core.package_identification:_identify(arduino_upload) by extension 'python_setup_py'
[0.266s] Level 1:colcon.colcon_core.package_identification:_identify(build) by extensions ['ignore', 'ignore_ament_install']
[0.266s] Level 1:colcon.colcon_core.package_identification:_identify(build) by extension 'ignore'
[0.266s] Level 1:colcon.colcon_core.package_identification:_identify(build) ignored
[0.266s] Level 1:colcon.colcon_core.package_identification:_identify(install) by extensions ['ignore', 'ignore_ament_install']
[0.266s] Level 1:colcon.colcon_core.package_identification:_identify(install) by extension 'ignore'
[0.266s] Level 1:colcon.colcon_core.package_identification:_identify(install) ignored
[0.266s] Level 1:colcon.colcon_core.package_identification:_identify(last_logic) by extensions ['ignore', 'ignore_ament_install']
[0.266s] Level 1:colcon.colcon_core.package_identification:_identify(last_logic) by extension 'ignore'
[0.266s] Level 1:colcon.colcon_core.package_identification:_identify(last_logic) by extension 'ignore_ament_install'
[0.266s] Level 1:colcon.colcon_core.package_identification:_identify(last_logic) by extensions ['colcon_pkg']
[0.266s] Level 1:colcon.colcon_core.package_identification:_identify(last_logic) by extension 'colcon_pkg'
[0.266s] Level 1:colcon.colcon_core.package_identification:_identify(last_logic) by extensions ['colcon_meta']
[0.266s] Level 1:colcon.colcon_core.package_identification:_identify(last_logic) by extension 'colcon_meta'
[0.266s] Level 1:colcon.colcon_core.package_identification:_identify(last_logic) by extensions ['ros']
[0.266s] Level 1:colcon.colcon_core.package_identification:_identify(last_logic) by extension 'ros'
[0.267s] Level 1:colcon.colcon_core.package_identification:_identify(last_logic) by extensions ['cmake', 'python']
[0.267s] Level 1:colcon.colcon_core.package_identification:_identify(last_logic) by extension 'cmake'
[0.267s] Level 1:colcon.colcon_core.package_identification:_identify(last_logic) by extension 'python'
[0.267s] Level 1:colcon.colcon_core.package_identification:_identify(last_logic) by extensions ['python_setup_py']
[0.267s] Level 1:colcon.colcon_core.package_identification:_identify(last_logic) by extension 'python_setup_py'
[0.267s] Level 1:colcon.colcon_core.package_identification:_identify(log) by extensions ['ignore', 'ignore_ament_install']
[0.267s] Level 1:colcon.colcon_core.package_identification:_identify(log) by extension 'ignore'
[0.267s] Level 1:colcon.colcon_core.package_identification:_identify(log) ignored
[0.267s] Level 1:colcon.colcon_core.package_identification:_identify(src) by extensions ['ignore', 'ignore_ament_install']
[0.267s] Level 1:colcon.colcon_core.package_identification:_identify(src) by extension 'ignore'
[0.267s] Level 1:colcon.colcon_core.package_identification:_identify(src) by extension 'ignore_ament_install'
[0.267s] Level 1:colcon.colcon_core.package_identification:_identify(src) by extensions ['colcon_pkg']
[0.267s] Level 1:colcon.colcon_core.package_identification:_identify(src) by extension 'colcon_pkg'
[0.267s] Level 1:colcon.colcon_core.package_identification:_identify(src) by extensions ['colcon_meta']
[0.267s] Level 1:colcon.colcon_core.package_identification:_identify(src) by extension 'colcon_meta'
[0.267s] Level 1:colcon.colcon_core.package_identification:_identify(src) by extensions ['ros']
[0.267s] Level 1:colcon.colcon_core.package_identification:_identify(src) by extension 'ros'
[0.268s] Level 1:colcon.colcon_core.package_identification:_identify(src) by extensions ['cmake', 'python']
[0.268s] Level 1:colcon.colcon_core.package_identification:_identify(src) by extension 'cmake'
[0.268s] Level 1:colcon.colcon_core.package_identification:_identify(src) by extension 'python'
[0.268s] Level 1:colcon.colcon_core.package_identification:_identify(src) by extensions ['python_setup_py']
[0.268s] Level 1:colcon.colcon_core.package_identification:_identify(src) by extension 'python_setup_py'
[0.268s] Level 1:colcon.colcon_core.package_identification:_identify(src/audio_common) by extensions ['ignore', 'ignore_ament_install']
[0.268s] Level 1:colcon.colcon_core.package_identification:_identify(src/audio_common) by extension 'ignore'
[0.268s] Level 1:colcon.colcon_core.package_identification:_identify(src/audio_common) by extension 'ignore_ament_install'
[0.268s] Level 1:colcon.colcon_core.package_identification:_identify(src/audio_common) by extensions ['colcon_pkg']
[0.268s] Level 1:colcon.colcon_core.package_identification:_identify(src/audio_common) by extension 'colcon_pkg'
[0.268s] Level 1:colcon.colcon_core.package_identification:_identify(src/audio_common) by extensions ['colcon_meta']
[0.268s] Level 1:colcon.colcon_core.package_identification:_identify(src/audio_common) by extension 'colcon_meta'
[0.268s] Level 1:colcon.colcon_core.package_identification:_identify(src/audio_common) by extensions ['ros']
[0.268s] Level 1:colcon.colcon_core.package_identification:_identify(src/audio_common) by extension 'ros'
[0.268s] Level 1:colcon.colcon_core.package_identification:_identify(src/audio_common) by extensions ['cmake', 'python']
[0.268s] Level 1:colcon.colcon_core.package_identification:_identify(src/audio_common) by extension 'cmake'
[0.268s] Level 1:colcon.colcon_core.package_identification:_identify(src/audio_common) by extension 'python'
[0.268s] Level 1:colcon.colcon_core.package_identification:_identify(src/audio_common) by extensions ['python_setup_py']
[0.268s] Level 1:colcon.colcon_core.package_identification:_identify(src/audio_common) by extension 'python_setup_py'
[0.269s] Level 1:colcon.colcon_core.package_identification:_identify(src/audio_common/audio_capture) by extensions ['ignore', 'ignore_ament_install']
[0.269s] Level 1:colcon.colcon_core.package_identification:_identify(src/audio_common/audio_capture) by extension 'ignore'
[0.269s] Level 1:colcon.colcon_core.package_identification:_identify(src/audio_common/audio_capture) by extension 'ignore_ament_install'
[0.269s] Level 1:colcon.colcon_core.package_identification:_identify(src/audio_common/audio_capture) by extensions ['colcon_pkg']
[0.269s] Level 1:colcon.colcon_core.package_identification:_identify(src/audio_common/audio_capture) by extension 'colcon_pkg'
[0.269s] Level 1:colcon.colcon_core.package_identification:_identify(src/audio_common/audio_capture) by extensions ['colcon_meta']
[0.269s] Level 1:colcon.colcon_core.package_identification:_identify(src/audio_common/audio_capture) by extension 'colcon_meta'
[0.269s] Level 1:colcon.colcon_core.package_identification:_identify(src/audio_common/audio_capture) by extensions ['ros']
[0.269s] Level 1:colcon.colcon_core.package_identification:_identify(src/audio_common/audio_capture) by extension 'ros'
[0.272s] DEBUG:colcon.colcon_core.package_identification:Package 'src/audio_common/audio_capture' with type 'ros.ament_cmake' and name 'audio_capture'
[0.273s] Level 1:colcon.colcon_core.package_identification:_identify(src/audio_common/audio_common) by extensions ['ignore', 'ignore_ament_install']
[0.273s] Level 1:colcon.colcon_core.package_identification:_identify(src/audio_common/audio_common) by extension 'ignore'
[0.273s] Level 1:colcon.colcon_core.package_identification:_identify(src/audio_common/audio_common) by extension 'ignore_ament_install'
[0.273s] Level 1:colcon.colcon_core.package_identification:_identify(src/audio_common/audio_common) by extensions ['colcon_pkg']
[0.273s] Level 1:colcon.colcon_core.package_identification:_identify(src/audio_common/audio_common) by extension 'colcon_pkg'
[0.273s] Level 1:colcon.colcon_core.package_identification:_identify(src/audio_common/audio_common) by extensions ['colcon_meta']
[0.273s] Level 1:colcon.colcon_core.package_identification:_identify(src/audio_common/audio_common) by extension 'colcon_meta'
[0.273s] Level 1:colcon.colcon_core.package_identification:_identify(src/audio_common/audio_common) by extensions ['ros']
[0.273s] Level 1:colcon.colcon_core.package_identification:_identify(src/audio_common/audio_common) by extension 'ros'
[0.274s] DEBUG:colcon.colcon_core.package_identification:Package 'src/audio_common/audio_common' with type 'ros.ament_cmake' and name 'audio_common'
[0.274s] Level 1:colcon.colcon_core.package_identification:_identify(src/audio_common/audio_common_msgs) by extensions ['ignore', 'ignore_ament_install']
[0.274s] Level 1:colcon.colcon_core.package_identification:_identify(src/audio_common/audio_common_msgs) by extension 'ignore'
[0.274s] Level 1:colcon.colcon_core.package_identification:_identify(src/audio_common/audio_common_msgs) by extension 'ignore_ament_install'
[0.274s] Level 1:colcon.colcon_core.package_identification:_identify(src/audio_common/audio_common_msgs) by extensions ['colcon_pkg']
[0.274s] Level 1:colcon.colcon_core.package_identification:_identify(src/audio_common/audio_common_msgs) by extension 'colcon_pkg'
[0.274s] Level 1:colcon.colcon_core.package_identification:_identify(src/audio_common/audio_common_msgs) by extensions ['colcon_meta']
[0.274s] Level 1:colcon.colcon_core.package_identification:_identify(src/audio_common/audio_common_msgs) by extension 'colcon_meta'
[0.274s] Level 1:colcon.colcon_core.package_identification:_identify(src/audio_common/audio_common_msgs) by extensions ['ros']
[0.274s] Level 1:colcon.colcon_core.package_identification:_identify(src/audio_common/audio_common_msgs) by extension 'ros'
[0.275s] DEBUG:colcon.colcon_core.package_identification:Package 'src/audio_common/audio_common_msgs' with type 'ros.ament_cmake' and name 'audio_common_msgs'
[0.275s] Level 1:colcon.colcon_core.package_identification:_identify(src/audio_common/audio_play) by extensions ['ignore', 'ignore_ament_install']
[0.275s] Level 1:colcon.colcon_core.package_identification:_identify(src/audio_common/audio_play) by extension 'ignore'
[0.275s] Level 1:colcon.colcon_core.package_identification:_identify(src/audio_common/audio_play) by extension 'ignore_ament_install'
[0.275s] Level 1:colcon.colcon_core.package_identification:_identify(src/audio_common/audio_play) by extensions ['colcon_pkg']
[0.275s] Level 1:colcon.colcon_core.package_identification:_identify(src/audio_common/audio_play) by extension 'colcon_pkg'
[0.276s] Level 1:colcon.colcon_core.package_identification:_identify(src/audio_common/audio_play) by extensions ['colcon_meta']
[0.276s] Level 1:colcon.colcon_core.package_identification:_identify(src/audio_common/audio_play) by extension 'colcon_meta'
[0.276s] Level 1:colcon.colcon_core.package_identification:_identify(src/audio_common/audio_play) by extensions ['ros']
[0.276s] Level 1:colcon.colcon_core.package_identification:_identify(src/audio_common/audio_play) by extension 'ros'
[0.276s] DEBUG:colcon.colcon_core.package_identification:Package 'src/audio_common/audio_play' with type 'ros.ament_cmake' and name 'audio_play'
[0.276s] Level 1:colcon.colcon_core.package_identification:_identify(src/audio_common/sound_play) by extensions ['ignore', 'ignore_ament_install']
[0.276s] Level 1:colcon.colcon_core.package_identification:_identify(src/audio_common/sound_play) by extension 'ignore'
[0.277s] Level 1:colcon.colcon_core.package_identification:_identify(src/audio_common/sound_play) by extension 'ignore_ament_install'
[0.277s] Level 1:colcon.colcon_core.package_identification:_identify(src/audio_common/sound_play) by extensions ['colcon_pkg']
[0.277s] Level 1:colcon.colcon_core.package_identification:_identify(src/audio_common/sound_play) by extension 'colcon_pkg'
[0.277s] Level 1:colcon.colcon_core.package_identification:_identify(src/audio_common/sound_play) by extensions ['colcon_meta']
[0.277s] Level 1:colcon.colcon_core.package_identification:_identify(src/audio_common/sound_play) by extension 'colcon_meta'
[0.277s] Level 1:colcon.colcon_core.package_identification:_identify(src/audio_common/sound_play) by extensions ['ros']
[0.277s] Level 1:colcon.colcon_core.package_identification:_identify(src/audio_common/sound_play) by extension 'ros'
[0.278s] DEBUG:colcon.colcon_core.package_identification:Package 'src/audio_common/sound_play' with type 'ros.ament_cmake' and name 'sound_play'
[0.278s] Level 1:colcon.colcon_core.package_identification:_identify(src/build) by extensions ['ignore', 'ignore_ament_install']
[0.278s] Level 1:colcon.colcon_core.package_identification:_identify(src/build) by extension 'ignore'
[0.278s] Level 1:colcon.colcon_core.package_identification:_identify(src/build) ignored
[0.278s] Level 1:colcon.colcon_core.package_identification:_identify(src/install) by extensions ['ignore', 'ignore_ament_install']
[0.278s] Level 1:colcon.colcon_core.package_identification:_identify(src/install) by extension 'ignore'
[0.278s] Level 1:colcon.colcon_core.package_identification:_identify(src/install) ignored
[0.278s] Level 1:colcon.colcon_core.package_identification:_identify(src/keyboard_control) by extensions ['ignore', 'ignore_ament_install']
[0.278s] Level 1:colcon.colcon_core.package_identification:_identify(src/keyboard_control) by extension 'ignore'
[0.278s] Level 1:colcon.colcon_core.package_identification:_identify(src/keyboard_control) by extension 'ignore_ament_install'
[0.278s] Level 1:colcon.colcon_core.package_identification:_identify(src/keyboard_control) by extensions ['colcon_pkg']
[0.279s] Level 1:colcon.colcon_core.package_identification:_identify(src/keyboard_control) by extension 'colcon_pkg'
[0.279s] Level 1:colcon.colcon_core.package_identification:_identify(src/keyboard_control) by extensions ['colcon_meta']
[0.279s] Level 1:colcon.colcon_core.package_identification:_identify(src/keyboard_control) by extension 'colcon_meta'
[0.279s] Level 1:colcon.colcon_core.package_identification:_identify(src/keyboard_control) by extensions ['ros']
[0.279s] Level 1:colcon.colcon_core.package_identification:_identify(src/keyboard_control) by extension 'ros'
[0.279s] DEBUG:colcon.colcon_core.package_identification:Package 'src/keyboard_control' with type 'ros.ament_python' and name 'keyboard_control'
[0.279s] Level 1:colcon.colcon_core.package_identification:_identify(src/log) by extensions ['ignore', 'ignore_ament_install']
[0.279s] Level 1:colcon.colcon_core.package_identification:_identify(src/log) by extension 'ignore'
[0.279s] Level 1:colcon.colcon_core.package_identification:_identify(src/log) ignored
[0.279s] Level 1:colcon.colcon_core.package_identification:_identify(src/pixel_ring) by extensions ['ignore', 'ignore_ament_install']
[0.280s] Level 1:colcon.colcon_core.package_identification:_identify(src/pixel_ring) by extension 'ignore'
[0.280s] Level 1:colcon.colcon_core.package_identification:_identify(src/pixel_ring) by extension 'ignore_ament_install'
[0.280s] Level 1:colcon.colcon_core.package_identification:_identify(src/pixel_ring) by extensions ['colcon_pkg']
[0.280s] Level 1:colcon.colcon_core.package_identification:_identify(src/pixel_ring) by extension 'colcon_pkg'
[0.280s] Level 1:colcon.colcon_core.package_identification:_identify(src/pixel_ring) by extensions ['colcon_meta']
[0.280s] Level 1:colcon.colcon_core.package_identification:_identify(src/pixel_ring) by extension 'colcon_meta'
[0.280s] Level 1:colcon.colcon_core.package_identification:_identify(src/pixel_ring) by extensions ['ros']
[0.280s] Level 1:colcon.colcon_core.package_identification:_identify(src/pixel_ring) by extension 'ros'
[0.280s] Level 1:colcon.colcon_core.package_identification:_identify(src/pixel_ring) by extensions ['cmake', 'python']
[0.280s] Level 1:colcon.colcon_core.package_identification:_identify(src/pixel_ring) by extension 'cmake'
[0.280s] Level 1:colcon.colcon_core.package_identification:_identify(src/pixel_ring) by extension 'python'
[0.280s] DEBUG:colcon.colcon_core.package_identification:Python package in 'src/pixel_ring' passes arguments to the setup() function which requires a different identification extension than 'python'
[0.280s] Level 1:colcon.colcon_core.package_identification:_identify(src/pixel_ring) by extensions ['python_setup_py']
[0.280s] Level 1:colcon.colcon_core.package_identification:_identify(src/pixel_ring) by extension 'python_setup_py'
[0.627s] DEBUG:colcon.colcon_core.package_identification:Package 'src/pixel_ring' with type 'python' and name 'pixel-ring'
[0.628s] Level 1:colcon.colcon_core.package_identification:_identify(src/respeaker_ros) by extensions ['ignore', 'ignore_ament_install']
[0.628s] Level 1:colcon.colcon_core.package_identification:_identify(src/respeaker_ros) by extension 'ignore'
[0.628s] Level 1:colcon.colcon_core.package_identification:_identify(src/respeaker_ros) by extension 'ignore_ament_install'
[0.628s] Level 1:colcon.colcon_core.package_identification:_identify(src/respeaker_ros) by extensions ['colcon_pkg']
[0.628s] Level 1:colcon.colcon_core.package_identification:_identify(src/respeaker_ros) by extension 'colcon_pkg'
[0.628s] Level 1:colcon.colcon_core.package_identification:_identify(src/respeaker_ros) by extensions ['colcon_meta']
[0.628s] Level 1:colcon.colcon_core.package_identification:_identify(src/respeaker_ros) by extension 'colcon_meta'
[0.628s] Level 1:colcon.colcon_core.package_identification:_identify(src/respeaker_ros) by extensions ['ros']
[0.628s] Level 1:colcon.colcon_core.package_identification:_identify(src/respeaker_ros) by extension 'ros'
[0.629s] DEBUG:colcon.colcon_core.package_identification:Package 'src/respeaker_ros' with type 'ros.ament_python' and name 'respeaker_ros'
[0.630s] Level 1:colcon.colcon_core.package_identification:_identify(src/script) by extensions ['ignore', 'ignore_ament_install']
[0.630s] Level 1:colcon.colcon_core.package_identification:_identify(src/script) by extension 'ignore'
[0.630s] Level 1:colcon.colcon_core.package_identification:_identify(src/script) by extension 'ignore_ament_install'
[0.630s] Level 1:colcon.colcon_core.package_identification:_identify(src/script) by extensions ['colcon_pkg']
[0.630s] Level 1:colcon.colcon_core.package_identification:_identify(src/script) by extension 'colcon_pkg'
[0.630s] Level 1:colcon.colcon_core.package_identification:_identify(src/script) by extensions ['colcon_meta']
[0.630s] Level 1:colcon.colcon_core.package_identification:_identify(src/script) by extension 'colcon_meta'
[0.630s] Level 1:colcon.colcon_core.package_identification:_identify(src/script) by extensions ['ros']
[0.630s] Level 1:colcon.colcon_core.package_identification:_identify(src/script) by extension 'ros'
[0.630s] Level 1:colcon.colcon_core.package_identification:_identify(src/script) by extensions ['cmake', 'python']
[0.630s] Level 1:colcon.colcon_core.package_identification:_identify(src/script) by extension 'cmake'
[0.630s] Level 1:colcon.colcon_core.package_identification:_identify(src/script) by extension 'python'
[0.630s] Level 1:colcon.colcon_core.package_identification:_identify(src/script) by extensions ['python_setup_py']
[0.630s] Level 1:colcon.colcon_core.package_identification:_identify(src/script) by extension 'python_setup_py'
[0.630s] Level 1:colcon.colcon_core.package_identification:_identify(src/script/keyboard) by extensions ['ignore', 'ignore_ament_install']
[0.630s] Level 1:colcon.colcon_core.package_identification:_identify(src/script/keyboard) by extension 'ignore'
[0.630s] Level 1:colcon.colcon_core.package_identification:_identify(src/script/keyboard) by extension 'ignore_ament_install'
[0.631s] Level 1:colcon.colcon_core.package_identification:_identify(src/script/keyboard) by extensions ['colcon_pkg']
[0.631s] Level 1:colcon.colcon_core.package_identification:_identify(src/script/keyboard) by extension 'colcon_pkg'
[0.631s] Level 1:colcon.colcon_core.package_identification:_identify(src/script/keyboard) by extensions ['colcon_meta']
[0.631s] Level 1:colcon.colcon_core.package_identification:_identify(src/script/keyboard) by extension 'colcon_meta'
[0.631s] Level 1:colcon.colcon_core.package_identification:_identify(src/script/keyboard) by extensions ['ros']
[0.631s] Level 1:colcon.colcon_core.package_identification:_identify(src/script/keyboard) by extension 'ros'
[0.631s] Level 1:colcon.colcon_core.package_identification:_identify(src/script/keyboard) by extensions ['cmake', 'python']
[0.631s] Level 1:colcon.colcon_core.package_identification:_identify(src/script/keyboard) by extension 'cmake'
[0.631s] Level 1:colcon.colcon_core.package_identification:_identify(src/script/keyboard) by extension 'python'
[0.631s] Level 1:colcon.colcon_core.package_identification:_identify(src/script/keyboard) by extensions ['python_setup_py']
[0.631s] Level 1:colcon.colcon_core.package_identification:_identify(src/script/keyboard) by extension 'python_setup_py'
[0.631s] Level 1:colcon.colcon_core.package_discovery:discover_packages(recursive) using defaults
[0.631s] Level 1:colcon.colcon_core.package_discovery:discover_packages(ignore) discover
[0.631s] Level 1:colcon.colcon_core.package_discovery:discover_packages(ignore) using defaults
[0.631s] Level 1:colcon.colcon_core.package_discovery:discover_packages(path) discover
[0.631s] Level 1:colcon.colcon_core.package_discovery:discover_packages(path) using defaults
[0.661s] INFO:colcon.colcon_core.package_selection:Skipping not selected package 'audio_common_msgs' in 'src/audio_common/audio_common_msgs'
[0.661s] INFO:colcon.colcon_core.package_selection:Skipping not selected package 'keyboard_control' in 'src/keyboard_control'
[0.661s] INFO:colcon.colcon_core.package_selection:Skipping not selected package 'pixel-ring' in 'src/pixel_ring'
[0.661s] INFO:colcon.colcon_core.package_selection:Skipping not selected package 'audio_capture' in 'src/audio_common/audio_capture'
[0.661s] INFO:colcon.colcon_core.package_selection:Skipping not selected package 'audio_play' in 'src/audio_common/audio_play'
[0.661s] INFO:colcon.colcon_core.package_selection:Skipping not selected package 'sound_play' in 'src/audio_common/sound_play'
[0.661s] INFO:colcon.colcon_core.package_selection:Skipping not selected package 'audio_common' in 'src/audio_common/audio_common'
[0.661s] Level 1:colcon.colcon_core.package_discovery:discover_packages(prefix_path) check parameters
[0.661s] Level 1:colcon.colcon_core.package_discovery:discover_packages(prefix_path) discover
[0.664s] DEBUG:colcon.colcon_installed_package_information.package_discovery:Found 8 installed packages in /home/roamio42/Desktop/mic_control/install
[0.667s] DEBUG:colcon.colcon_installed_package_information.package_discovery:Found 437 installed packages in /opt/ros/jazzy
[0.669s] Level 1:colcon.colcon_core.package_discovery:discover_packages(prefix_path) using defaults
[0.751s] Level 5:colcon.colcon_core.verb:set package 'respeaker_ros' build argument 'cmake_args' from command line to 'None'
[0.752s] Level 5:colcon.colcon_core.verb:set package 'respeaker_ros' build argument 'cmake_target' from command line to 'None'
[0.752s] Level 5:colcon.colcon_core.verb:set package 'respeaker_ros' build argument 'cmake_target_skip_unavailable' from command line to 'False'
[0.752s] Level 5:colcon.colcon_core.verb:set package 'respeaker_ros' build argument 'cmake_clean_cache' from command line to 'False'
[0.752s] Level 5:colcon.colcon_core.verb:set package 'respeaker_ros' build argument 'cmake_clean_first' from command line to 'False'
[0.752s] Level 5:colcon.colcon_core.verb:set package 'respeaker_ros' build argument 'cmake_force_configure' from command line to 'False'
[0.752s] Level 5:colcon.colcon_core.verb:set package 'respeaker_ros' build argument 'ament_cmake_args' from command line to 'None'
[0.752s] Level 5:colcon.colcon_core.verb:set package 'respeaker_ros' build argument 'catkin_cmake_args' from command line to 'None'
[0.752s] Level 5:colcon.colcon_core.verb:set package 'respeaker_ros' build argument 'catkin_skip_building_tests' from command line to 'False'
[0.752s] DEBUG:colcon.colcon_core.verb:Building package 'respeaker_ros' with the following arguments: {'ament_cmake_args': None, 'build_base': '/home/roamio42/Desktop/mic_control/build/respeaker_ros', 'catkin_cmake_args': None, 'catkin_skip_building_tests': False, 'cmake_args': None, 'cmake_clean_cache': False, 'cmake_clean_first': False, 'cmake_force_configure': False, 'cmake_target': None, 'cmake_target_skip_unavailable': False, 'install_base': '/home/roamio42/Desktop/mic_control/install/respeaker_ros', 'merge_install': False, 'path': '/home/roamio42/Desktop/mic_control/src/respeaker_ros', 'symlink_install': False, 'test_result_base': None}
[0.752s] INFO:colcon.colcon_core.executor:Executing jobs using 'parallel' executor
[0.754s] DEBUG:colcon.colcon_parallel_executor.executor.parallel:run_until_complete
[0.754s] INFO:colcon.colcon_ros.task.ament_python.build:Building ROS package in '/home/roamio42/Desktop/mic_control/src/respeaker_ros' with build type 'ament_python'
[0.754s] Level 1:colcon.colcon_core.shell:create_environment_hook('respeaker_ros', 'ament_prefix_path')
[0.757s] INFO:colcon.colcon_core.plugin_system:Skipping extension 'colcon_core.shell.bat': Not used on non-Windows systems
[0.758s] INFO:colcon.colcon_core.shell:Creating environment hook '/home/roamio42/Desktop/mic_control/install/respeaker_ros/share/respeaker_ros/hook/ament_prefix_path.ps1'
[0.759s] INFO:colcon.colcon_core.shell:Creating environment descriptor '/home/roamio42/Desktop/mic_control/install/respeaker_ros/share/respeaker_ros/hook/ament_prefix_path.dsv'
[0.765s] INFO:colcon.colcon_core.shell:Creating environment hook '/home/roamio42/Desktop/mic_control/install/respeaker_ros/share/respeaker_ros/hook/ament_prefix_path.sh'
[0.767s] INFO:colcon.colcon_core.shell:Skip shell extension 'powershell' for command environment: Not usable outside of PowerShell
[0.767s] DEBUG:colcon.colcon_core.shell:Skip shell extension 'dsv' for command environment
[1.146s] INFO:colcon.colcon_core.task.python.build:Building Python package in '/home/roamio42/Desktop/mic_control/src/respeaker_ros'
[1.146s] INFO:colcon.colcon_core.shell:Skip shell extension 'powershell' for command environment: Not usable outside of PowerShell
[1.146s] DEBUG:colcon.colcon_core.shell:Skip shell extension 'dsv' for command environment
[2.213s] DEBUG:colcon.colcon_core.event_handler.log_command:Invoking command in '/home/roamio42/Desktop/mic_control/src/respeaker_ros': CMAKE_PREFIX_PATH=/home/roamio42/Desktop/mic_control/install/audio_common_msgs:/home/roamio42/Desktop/mic_control/install/audio_play:/home/roamio42/Desktop/mic_control/install/audio_capture:/opt/ros/jazzy/opt/gz_sim_vendor:/opt/ros/jazzy/opt/gz_sensors_vendor:/opt/ros/jazzy/opt/gz_physics_vendor:/opt/ros/jazzy/opt/sdformat_vendor:/opt/ros/jazzy/opt/gz_gui_vendor:/opt/ros/jazzy/opt/gz_transport_vendor:/opt/ros/jazzy/opt/gz_rendering_vendor:/opt/ros/jazzy/opt/gz_plugin_vendor:/opt/ros/jazzy/opt/gz_fuel_tools_vendor:/opt/ros/jazzy/opt/gz_msgs_vendor:/opt/ros/jazzy/opt/gz_common_vendor:/opt/ros/jazzy/opt/gz_math_vendor:/opt/ros/jazzy/opt/gz_utils_vendor:/opt/ros/jazzy/opt/gz_tools_vendor:/opt/ros/jazzy/opt/gz_ogre_next_vendor:/opt/ros/jazzy/opt/gz_dartsim_vendor:/opt/ros/jazzy/opt/gz_cmake_vendor DEBUGINFOD_URLS=https://debuginfod.ubuntu.com LD_LIBRARY_PATH=/home/roamio42/Desktop/mic_control/install/audio_common_msgs/lib:/home/roamio42/Desktop/mic_control/install/audio_play/lib:/home/roamio42/Desktop/mic_control/install/audio_capture/lib:/opt/ros/jazzy/opt/gz_sim_vendor/lib:/opt/ros/jazzy/opt/gz_sensors_vendor/lib:/opt/ros/jazzy/opt/gz_physics_vendor/lib:/opt/ros/jazzy/opt/sdformat_vendor/lib:/opt/ros/jazzy/opt/rviz_ogre_vendor/lib:/opt/ros/jazzy/lib/aarch64-linux-gnu:/opt/ros/jazzy/opt/gz_gui_vendor/lib:/opt/ros/jazzy/opt/gz_transport_vendor/lib:/opt/ros/jazzy/opt/gz_rendering_vendor/lib:/opt/ros/jazzy/opt/gz_plugin_vendor/lib:/opt/ros/jazzy/opt/gz_fuel_tools_vendor/lib:/opt/ros/jazzy/opt/gz_msgs_vendor/lib:/opt/ros/jazzy/opt/gz_common_vendor/lib:/opt/ros/jazzy/opt/gz_math_vendor/lib:/opt/ros/jazzy/opt/gz_utils_vendor/lib:/opt/ros/jazzy/opt/gz_tools_vendor/lib:/opt/ros/jazzy/opt/gz_ogre_next_vendor/lib:/opt/ros/jazzy/opt/gz_dartsim_vendor/lib:/opt/ros/jazzy/opt/gz_cmake_vendor/lib:/opt/ros/jazzy/lib PYTHONPATH=/home/roamio42/Desktop/mic_control/build/respeaker_ros/prefix_override:/usr/lib/python3/dist-packages/colcon_core/task/python/colcon_distutils_commands:/home/roamio42/Desktop/mic_control/install/respeaker_ros/lib/python3.12/site-packages:/home/roamio42/Desktop/mic_control/install/audio_common_msgs/lib/python3.12/site-packages:/home/roamio42/Desktop/mic_control/install/respeaker_ros/lib/python3.12/site-packages:/home/roamio42/Desktop/mic_control/install/pixel-ring/lib/python3.12/site-packages:/home/roamio42/Desktop/mic_control/install/keyboard_control/lib/python3.12/site-packages:/home/roamio42/Desktop/mic_control/install/imu/lib/python3.12/site-packages:/opt/ros/jazzy/lib/python3.12/site-packages /usr/bin/python3 -W ignore:setup.py install is deprecated -W ignore:easy_install command is deprecated setup.py egg_info --egg-base ../../build/respeaker_ros build --build-base /home/roamio42/Desktop/mic_control/build/respeaker_ros/build install --record /home/roamio42/Desktop/mic_control/build/respeaker_ros/install.log --single-version-externally-managed install_data
[3.139s] DEBUG:colcon.colcon_core.event_handler.log_command:Invoked command in '/home/roamio42/Desktop/mic_control/src/respeaker_ros' returned '0': CMAKE_PREFIX_PATH=/home/roamio42/Desktop/mic_control/install/audio_common_msgs:/home/roamio42/Desktop/mic_control/install/audio_play:/home/roamio42/Desktop/mic_control/install/audio_capture:/opt/ros/jazzy/opt/gz_sim_vendor:/opt/ros/jazzy/opt/gz_sensors_vendor:/opt/ros/jazzy/opt/gz_physics_vendor:/opt/ros/jazzy/opt/sdformat_vendor:/opt/ros/jazzy/opt/gz_gui_vendor:/opt/ros/jazzy/opt/gz_transport_vendor:/opt/ros/jazzy/opt/gz_rendering_vendor:/opt/ros/jazzy/opt/gz_plugin_vendor:/opt/ros/jazzy/opt/gz_fuel_tools_vendor:/opt/ros/jazzy/opt/gz_msgs_vendor:/opt/ros/jazzy/opt/gz_common_vendor:/opt/ros/jazzy/opt/gz_math_vendor:/opt/ros/jazzy/opt/gz_utils_vendor:/opt/ros/jazzy/opt/gz_tools_vendor:/opt/ros/jazzy/opt/gz_ogre_next_vendor:/opt/ros/jazzy/opt/gz_dartsim_vendor:/opt/ros/jazzy/opt/gz_cmake_vendor DEBUGINFOD_URLS=https://debuginfod.ubuntu.com LD_LIBRARY_PATH=/home/roamio42/Desktop/mic_control/install/audio_common_msgs/lib:/home/roamio42/Desktop/mic_control/install/audio_play/lib:/home/roamio42/Desktop/mic_control/install/audio_capture/lib:/opt/ros/jazzy/opt/gz_sim_vendor/lib:/opt/ros/jazzy/opt/gz_sensors_vendor/lib:/opt/ros/jazzy/opt/gz_physics_vendor/lib:/opt/ros/jazzy/opt/sdformat_vendor/lib:/opt/ros/jazzy/opt/rviz_ogre_vendor/lib:/opt/ros/jazzy/lib/aarch64-linux-gnu:/opt/ros/jazzy/opt/gz_gui_vendor/lib:/opt/ros/jazzy/opt/gz_transport_vendor/lib:/opt/ros/jazzy/opt/gz_rendering_vendor/lib:/opt/ros/jazzy/opt/gz_plugin_vendor/lib:/opt/ros/jazzy/opt/gz_fuel_tools_vendor/lib:/opt/ros/jazzy/opt/gz_msgs_vendor/lib:/opt/ros/jazzy/opt/gz_common_vendor/lib:/opt/ros/jazzy/opt/gz_math_vendor/lib:/opt/ros/jazzy/opt/gz_utils_vendor/lib:/opt/ros/jazzy/opt/gz_tools_vendor/lib:/opt/ros/jazzy/opt/gz_ogre_next_vendor/lib:/opt/ros/jazzy/opt/gz_dartsim_vendor/lib:/opt/ros/jazzy/opt/gz_cmake_vendor/lib:/opt/ros/jazzy/lib PYTHONPATH=/home/roamio42/Desktop/mic_control/build/respeaker_ros/prefix_override:/usr/lib/python3/dist-packages/colcon_core/task/python/colcon_distutils_commands:/home/roamio42/Desktop/mic_control/install/respeaker_ros/lib/python3.12/site-packages:/home/roamio42/Desktop/mic_control/install/audio_common_msgs/lib/python3.12/site-packages:/home/roamio42/Desktop/mic_control/install/respeaker_ros/lib/python3.12/site-packages:/home/roamio42/Desktop/mic_control/install/pixel-ring/lib/python3.12/site-packages:/home/roamio42/Desktop/mic_control/install/keyboard_control/lib/python3.12/site-packages:/home/roamio42/Desktop/mic_control/install/imu/lib/python3.12/site-packages:/opt/ros/jazzy/lib/python3.12/site-packages /usr/bin/python3 -W ignore:setup.py install is deprecated -W ignore:easy_install command is deprecated setup.py egg_info --egg-base ../../build/respeaker_ros build --build-base /home/roamio42/Desktop/mic_control/build/respeaker_ros/build install --record /home/roamio42/Desktop/mic_control/build/respeaker_ros/install.log --single-version-externally-managed install_data
[3.142s] Level 1:colcon.colcon_core.environment:checking '/home/roamio42/Desktop/mic_control/install/respeaker_ros' for CMake module files
[3.142s] Level 1:colcon.colcon_core.environment:checking '/home/roamio42/Desktop/mic_control/install/respeaker_ros' for CMake config files
[3.143s] Level 1:colcon.colcon_core.environment:checking '/home/roamio42/Desktop/mic_control/install/respeaker_ros/lib'
[3.144s] Level 1:colcon.colcon_core.environment:checking '/home/roamio42/Desktop/mic_control/install/respeaker_ros/bin'
[3.144s] Level 1:colcon.colcon_core.environment:checking '/home/roamio42/Desktop/mic_control/install/respeaker_ros/lib/pkgconfig/respeaker_ros.pc'
[3.144s] Level 1:colcon.colcon_core.environment:checking '/home/roamio42/Desktop/mic_control/install/respeaker_ros/lib/python3.12/site-packages'
[3.144s] Level 1:colcon.colcon_core.shell:create_environment_hook('respeaker_ros', 'pythonpath')
[3.145s] INFO:colcon.colcon_core.shell:Creating environment hook '/home/roamio42/Desktop/mic_control/install/respeaker_ros/share/respeaker_ros/hook/pythonpath.ps1'
[3.145s] INFO:colcon.colcon_core.shell:Creating environment descriptor '/home/roamio42/Desktop/mic_control/install/respeaker_ros/share/respeaker_ros/hook/pythonpath.dsv'
[3.152s] INFO:colcon.colcon_core.shell:Creating environment hook '/home/roamio42/Desktop/mic_control/install/respeaker_ros/share/respeaker_ros/hook/pythonpath.sh'
[3.153s] Level 1:colcon.colcon_core.environment:checking '/home/roamio42/Desktop/mic_control/install/respeaker_ros/bin'
[3.154s] Level 1:colcon.colcon_core.environment:create_environment_scripts_only(respeaker_ros)
[3.154s] INFO:colcon.colcon_core.shell:Creating package script '/home/roamio42/Desktop/mic_control/install/respeaker_ros/share/respeaker_ros/package.ps1'
[3.155s] INFO:colcon.colcon_core.shell:Creating package descriptor '/home/roamio42/Desktop/mic_control/install/respeaker_ros/share/respeaker_ros/package.dsv'
[3.157s] INFO:colcon.colcon_core.shell:Creating package script '/home/roamio42/Desktop/mic_control/install/respeaker_ros/share/respeaker_ros/package.sh'
[3.158s] INFO:colcon.colcon_core.shell:Creating package script '/home/roamio42/Desktop/mic_control/install/respeaker_ros/share/respeaker_ros/package.bash'
[3.159s] INFO:colcon.colcon_core.shell:Creating package script '/home/roamio42/Desktop/mic_control/install/respeaker_ros/share/respeaker_ros/package.zsh'
[3.160s] Level 1:colcon.colcon_core.environment:create_file_with_runtime_dependencies(/home/roamio42/Desktop/mic_control/install/respeaker_ros/share/colcon-core/packages/respeaker_ros)
[3.162s] DEBUG:colcon.colcon_parallel_executor.executor.parallel:closing loop
[3.162s] DEBUG:colcon.colcon_parallel_executor.executor.parallel:loop closed
[3.163s] DEBUG:colcon.colcon_parallel_executor.executor.parallel:run_until_complete finished with '0'
[3.163s] DEBUG:colcon.colcon_core.event_reactor:joining thread
[3.202s] INFO:colcon.colcon_core.plugin_system:Skipping extension 'colcon_notification.desktop_notification.terminal_notifier': Not used on non-Darwin systems
[3.202s] INFO:colcon.colcon_core.plugin_system:Skipping extension 'colcon_notification.desktop_notification.win32': Not used on non-Windows systems
[3.202s] INFO:colcon.colcon_notification.desktop_notification:Sending desktop notification using 'notify2'
[3.221s] DEBUG:colcon.colcon_core.event_reactor:joined thread
[3.222s] INFO:colcon.colcon_core.shell:Creating prefix script '/home/roamio42/Desktop/mic_control/install/local_setup.ps1'
[3.223s] INFO:colcon.colcon_core.shell:Creating prefix util module '/home/roamio42/Desktop/mic_control/install/_local_setup_util_ps1.py'
[3.229s] INFO:colcon.colcon_core.shell:Creating prefix chain script '/home/roamio42/Desktop/mic_control/install/setup.ps1'
[3.231s] INFO:colcon.colcon_core.shell:Creating prefix script '/home/roamio42/Desktop/mic_control/install/local_setup.sh'
[3.232s] INFO:colcon.colcon_core.shell:Creating prefix util module '/home/roamio42/Desktop/mic_control/install/_local_setup_util_sh.py'
[3.233s] INFO:colcon.colcon_core.shell:Creating prefix chain script '/home/roamio42/Desktop/mic_control/install/setup.sh'
[3.235s] INFO:colcon.colcon_core.shell:Creating prefix script '/home/roamio42/Desktop/mic_control/install/local_setup.bash'
[3.236s] INFO:colcon.colcon_core.shell:Creating prefix chain script '/home/roamio42/Desktop/mic_control/install/setup.bash'
[3.238s] INFO:colcon.colcon_core.shell:Creating prefix script '/home/roamio42/Desktop/mic_control/install/local_setup.zsh'
[3.239s] INFO:colcon.colcon_core.shell:Creating prefix chain script '/home/roamio42/Desktop/mic_control/install/setup.zsh'
