[1.462s] Invoking command in '/home/roamio42/Desktop/mic_control/src/respeaker_ros': AMENT_PREFIX_PATH=/home/roamio42/Desktop/mic_control/install/audio_common_msgs:${AMENT_PREFIX_PATH} CMAKE_PREFIX_PATH=/home/roamio42/Desktop/mic_control/install/audio_common_msgs:${CMAKE_PREFIX_PATH} DEBUGINFOD_URLS=https://debuginfod.ubuntu.com LD_LIBRARY_PATH=/home/roamio42/Desktop/mic_control/install/audio_common_msgs/lib:${LD_LIBRARY_PATH} PYTHONPATH=/home/roamio42/Desktop/mic_control/build/respeaker_ros/prefix_override:/usr/lib/python3/dist-packages/colcon_core/task/python/colcon_distutils_commands:/home/roamio42/Desktop/mic_control/install/respeaker_ros/lib/python3.12/site-packages:/home/roamio42/Desktop/mic_control/install/audio_common_msgs/lib/python3.12/site-packages:${PYTHONPATH} /usr/bin/python3 -W ignore:setup.py install is deprecated -W ignore:easy_install command is deprecated setup.py egg_info --egg-base ../../build/respeaker_ros build --build-base /home/roamio42/Desktop/mic_control/build/respeaker_ros/build install --record /home/roamio42/Desktop/mic_control/build/respeaker_ros/install.log --single-version-externally-managed install_data
[1.871s] running egg_info
[1.901s] writing ../../build/respeaker_ros/respeaker_ros.egg-info/PKG-INFO
[1.901s] writing dependency_links to ../../build/respeaker_ros/respeaker_ros.egg-info/dependency_links.txt
[1.908s] writing entry points to ../../build/respeaker_ros/respeaker_ros.egg-info/entry_points.txt
[1.908s] writing requirements to ../../build/respeaker_ros/respeaker_ros.egg-info/requires.txt
[1.909s] writing top-level names to ../../build/respeaker_ros/respeaker_ros.egg-info/top_level.txt
[1.975s] reading manifest file '../../build/respeaker_ros/respeaker_ros.egg-info/SOURCES.txt'
[1.975s] adding license file 'LICENSE'
[1.976s] writing manifest file '../../build/respeaker_ros/respeaker_ros.egg-info/SOURCES.txt'
[1.976s] running build
[1.977s] running build_py
[1.977s] copying respeaker_ros/doa_listener.py -> /home/roamio42/Desktop/mic_control/build/respeaker_ros/build/lib/respeaker_ros
[1.978s] running install
[1.987s] running install_lib
[2.019s] copying /home/roamio42/Desktop/mic_control/build/respeaker_ros/build/lib/respeaker_ros/doa_listener.py -> /home/roamio42/Desktop/mic_control/install/respeaker_ros/lib/python3.12/site-packages/respeaker_ros
[2.020s] byte-compiling /home/roamio42/Desktop/mic_control/install/respeaker_ros/lib/python3.12/site-packages/respeaker_ros/doa_listener.py to doa_listener.cpython-312.pyc
[2.023s] running install_data
[2.023s] running install_egg_info
[2.056s] removing '/home/roamio42/Desktop/mic_control/install/respeaker_ros/lib/python3.12/site-packages/respeaker_ros-1.0.0-py3.12.egg-info' (and everything under it)
[2.057s] Copying ../../build/respeaker_ros/respeaker_ros.egg-info to /home/roamio42/Desktop/mic_control/install/respeaker_ros/lib/python3.12/site-packages/respeaker_ros-1.0.0-py3.12.egg-info
[2.058s] running install_scripts
[2.264s] Installing doa_listener script to /home/roamio42/Desktop/mic_control/install/respeaker_ros/lib/respeaker_ros
[2.264s] Installing keyboard_serial script to /home/roamio42/Desktop/mic_control/install/respeaker_ros/lib/respeaker_ros
[2.272s] Installing mpu6050_driver script to /home/roamio42/Desktop/mic_control/install/respeaker_ros/lib/respeaker_ros
[2.273s] Installing respeaker_node script to /home/roamio42/Desktop/mic_control/install/respeaker_ros/lib/respeaker_ros
[2.275s] writing list of installed files to '/home/roamio42/Desktop/mic_control/build/respeaker_ros/install.log'
[2.372s] Invoked command in '/home/roamio42/Desktop/mic_control/src/respeaker_ros' returned '0': AMENT_PREFIX_PATH=/home/roamio42/Desktop/mic_control/install/audio_common_msgs:${AMENT_PREFIX_PATH} CMAKE_PREFIX_PATH=/home/roamio42/Desktop/mic_control/install/audio_common_msgs:${CMAKE_PREFIX_PATH} DEBUGINFOD_URLS=https://debuginfod.ubuntu.com LD_LIBRARY_PATH=/home/roamio42/Desktop/mic_control/install/audio_common_msgs/lib:${LD_LIBRARY_PATH} PYTHONPATH=/home/roamio42/Desktop/mic_control/build/respeaker_ros/prefix_override:/usr/lib/python3/dist-packages/colcon_core/task/python/colcon_distutils_commands:/home/roamio42/Desktop/mic_control/install/respeaker_ros/lib/python3.12/site-packages:/home/roamio42/Desktop/mic_control/install/audio_common_msgs/lib/python3.12/site-packages:${PYTHONPATH} /usr/bin/python3 -W ignore:setup.py install is deprecated -W ignore:easy_install command is deprecated setup.py egg_info --egg-base ../../build/respeaker_ros build --build-base /home/roamio42/Desktop/mic_control/build/respeaker_ros/build install --record /home/roamio42/Desktop/mic_control/build/respeaker_ros/install.log --single-version-externally-managed install_data
