[0.043s] Invoking command in '/home/roamio42/Desktop/mic_control/build/audio_common_msgs': CMAKE_PREFIX_PATH=${CMAKE_PREFIX_PATH}:/home/roamio42/Desktop/mic_control/install/respeaker_ros:/home/roamio42/Desktop/mic_control/install/keyboard_control:/home/roamio42/Desktop/mic_control/install/imu:/opt/ros/jazzy DEBUGINFOD_URLS=https://debuginfod.ubuntu.com /usr/bin/cmake --build /home/roamio42/Desktop/mic_control/build/audio_common_msgs -- -j4 -l4
[0.629s] [  1%] Built target audio_common_msgs__rosidl_generator_type_description
[0.629s] [  1%] Built target ament_cmake_python_copy_audio_common_msgs
[0.629s] [  3%] Built target audio_common_msgs__cpp
[0.629s] [ 24%] Built target audio_common_msgs__rosidl_generator_c
[0.630s] [ 33%] Built target audio_common_msgs__rosidl_typesupport_c
[0.630s] [ 42%] Built target audio_common_msgs__rosidl_typesupport_introspection_cpp
[0.630s] [ 51%] Built target audio_common_msgs__rosidl_typesupport_fastrtps_cpp
[0.630s] [ 61%] Built target audio_common_msgs__rosidl_typesupport_cpp
[0.630s] [ 70%] Built target audio_common_msgs__rosidl_typesupport_fastrtps_c
[0.630s] [ 79%] Built target audio_common_msgs__rosidl_typesupport_introspection_c
[0.630s] [ 79%] Built target audio_common_msgs
[0.630s] [ 81%] Built target audio_common_msgs__py
[0.630s] [ 88%] Built target audio_common_msgs__rosidl_generator_py
[0.700s] [ 92%] Built target audio_common_msgs_s__rosidl_typesupport_fastrtps_c
[0.710s] [ 96%] Built target audio_common_msgs_s__rosidl_typesupport_c
[0.716s] [100%] Built target audio_common_msgs_s__rosidl_typesupport_introspection_c
[0.755s] running egg_info
[0.788s] writing audio_common_msgs.egg-info/PKG-INFO
[0.790s] writing dependency_links to audio_common_msgs.egg-info/dependency_links.txt
[0.796s] writing top-level names to audio_common_msgs.egg-info/top_level.txt
[0.879s] reading manifest file 'audio_common_msgs.egg-info/SOURCES.txt'
[0.880s] writing manifest file 'audio_common_msgs.egg-info/SOURCES.txt'
[0.979s] [100%] Built target ament_cmake_python_build_audio_common_msgs_egg
[1.102s] Invoked command in '/home/roamio42/Desktop/mic_control/build/audio_common_msgs' returned '0': CMAKE_PREFIX_PATH=${CMAKE_PREFIX_PATH}:/home/roamio42/Desktop/mic_control/install/respeaker_ros:/home/roamio42/Desktop/mic_control/install/keyboard_control:/home/roamio42/Desktop/mic_control/install/imu:/opt/ros/jazzy DEBUGINFOD_URLS=https://debuginfod.ubuntu.com /usr/bin/cmake --build /home/roamio42/Desktop/mic_control/build/audio_common_msgs -- -j4 -l4
[1.129s] Invoking command in '/home/roamio42/Desktop/mic_control/build/audio_common_msgs': CMAKE_PREFIX_PATH=${CMAKE_PREFIX_PATH}:/home/roamio42/Desktop/mic_control/install/respeaker_ros:/home/roamio42/Desktop/mic_control/install/keyboard_control:/home/roamio42/Desktop/mic_control/install/imu:/opt/ros/jazzy DEBUGINFOD_URLS=https://debuginfod.ubuntu.com /usr/bin/cmake --install /home/roamio42/Desktop/mic_control/build/audio_common_msgs
[1.155s] -- Install configuration: ""
[1.156s] -- Up-to-date: /home/roamio42/Desktop/mic_control/install/audio_common_msgs/share/ament_index/resource_index/rosidl_interfaces/audio_common_msgs
[1.156s] -- Up-to-date: /home/roamio42/Desktop/mic_control/install/audio_common_msgs/share/audio_common_msgs/msg/AudioData.json
[1.156s] -- Up-to-date: /home/roamio42/Desktop/mic_control/install/audio_common_msgs/share/audio_common_msgs/msg/AudioDataStamped.json
[1.158s] -- Up-to-date: /home/roamio42/Desktop/mic_control/install/audio_common_msgs/share/audio_common_msgs/msg/AudioInfo.json
[1.158s] -- Up-to-date: /home/roamio42/Desktop/mic_control/install/audio_common_msgs/include/audio_common_msgs/audio_common_msgs
[1.159s] -- Up-to-date: /home/roamio42/Desktop/mic_control/install/audio_common_msgs/include/audio_common_msgs/audio_common_msgs/msg
[1.159s] -- Up-to-date: /home/roamio42/Desktop/mic_control/install/audio_common_msgs/include/audio_common_msgs/audio_common_msgs/msg/audio_data.h
[1.159s] -- Up-to-date: /home/roamio42/Desktop/mic_control/install/audio_common_msgs/include/audio_common_msgs/audio_common_msgs/msg/audio_data_stamped.h
[1.159s] -- Up-to-date: /home/roamio42/Desktop/mic_control/install/audio_common_msgs/include/audio_common_msgs/audio_common_msgs/msg/rosidl_generator_c__visibility_control.h
[1.159s] -- Up-to-date: /home/roamio42/Desktop/mic_control/install/audio_common_msgs/include/audio_common_msgs/audio_common_msgs/msg/detail
[1.160s] -- Up-to-date: /home/roamio42/Desktop/mic_control/install/audio_common_msgs/include/audio_common_msgs/audio_common_msgs/msg/detail/audio_data__functions.c
[1.164s] -- Up-to-date: /home/roamio42/Desktop/mic_control/install/audio_common_msgs/include/audio_common_msgs/audio_common_msgs/msg/detail/audio_info__description.c
[1.165s] -- Up-to-date: /home/roamio42/Desktop/mic_control/install/audio_common_msgs/include/audio_common_msgs/audio_common_msgs/msg/detail/audio_data__struct.h
[1.165s] -- Up-to-date: /home/roamio42/Desktop/mic_control/install/audio_common_msgs/include/audio_common_msgs/audio_common_msgs/msg/detail/audio_data_stamped__functions.h
[1.165s] -- Up-to-date: /home/roamio42/Desktop/mic_control/install/audio_common_msgs/include/audio_common_msgs/audio_common_msgs/msg/detail/audio_info__struct.h
[1.165s] -- Up-to-date: /home/roamio42/Desktop/mic_control/install/audio_common_msgs/include/audio_common_msgs/audio_common_msgs/msg/detail/audio_data_stamped__description.c
[1.165s] -- Up-to-date: /home/roamio42/Desktop/mic_control/install/audio_common_msgs/include/audio_common_msgs/audio_common_msgs/msg/detail/audio_data_stamped__functions.c
[1.165s] -- Up-to-date: /home/roamio42/Desktop/mic_control/install/audio_common_msgs/include/audio_common_msgs/audio_common_msgs/msg/detail/audio_data__description.c
[1.165s] -- Installing: /home/roamio42/Desktop/mic_control/install/audio_common_msgs/include/audio_common_msgs/audio_common_msgs/msg/detail/audio_info__type_support.c
[1.166s] -- Up-to-date: /home/roamio42/Desktop/mic_control/install/audio_common_msgs/include/audio_common_msgs/audio_common_msgs/msg/detail/audio_info__type_support.h
[1.166s] -- Installing: /home/roamio42/Desktop/mic_control/install/audio_common_msgs/include/audio_common_msgs/audio_common_msgs/msg/detail/audio_data_stamped__type_support.c
[1.166s] -- Up-to-date: /home/roamio42/Desktop/mic_control/install/audio_common_msgs/include/audio_common_msgs/audio_common_msgs/msg/detail/audio_data__type_support.h
[1.166s] -- Up-to-date: /home/roamio42/Desktop/mic_control/install/audio_common_msgs/include/audio_common_msgs/audio_common_msgs/msg/detail/audio_info__functions.h
[1.166s] -- Up-to-date: /home/roamio42/Desktop/mic_control/install/audio_common_msgs/include/audio_common_msgs/audio_common_msgs/msg/detail/audio_data__functions.h
[1.166s] -- Up-to-date: /home/roamio42/Desktop/mic_control/install/audio_common_msgs/include/audio_common_msgs/audio_common_msgs/msg/detail/audio_data_stamped__type_support.h
[1.166s] -- Up-to-date: /home/roamio42/Desktop/mic_control/install/audio_common_msgs/include/audio_common_msgs/audio_common_msgs/msg/detail/audio_info__functions.c
[1.166s] -- Installing: /home/roamio42/Desktop/mic_control/install/audio_common_msgs/include/audio_common_msgs/audio_common_msgs/msg/detail/audio_data__type_support.c
[1.166s] -- Up-to-date: /home/roamio42/Desktop/mic_control/install/audio_common_msgs/include/audio_common_msgs/audio_common_msgs/msg/detail/audio_data_stamped__struct.h
[1.166s] -- Up-to-date: /home/roamio42/Desktop/mic_control/install/audio_common_msgs/include/audio_common_msgs/audio_common_msgs/msg/audio_info.h
[1.167s] -- Up-to-date: /home/roamio42/Desktop/mic_control/install/audio_common_msgs/share/audio_common_msgs/environment/library_path.sh
[1.167s] -- Up-to-date: /home/roamio42/Desktop/mic_control/install/audio_common_msgs/share/audio_common_msgs/environment/library_path.dsv
[1.167s] -- Up-to-date: /home/roamio42/Desktop/mic_control/install/audio_common_msgs/lib/libaudio_common_msgs__rosidl_generator_c.so
[1.167s] -- Up-to-date: /home/roamio42/Desktop/mic_control/install/audio_common_msgs/include/audio_common_msgs/audio_common_msgs
[1.167s] -- Up-to-date: /home/roamio42/Desktop/mic_control/install/audio_common_msgs/include/audio_common_msgs/audio_common_msgs/msg
[1.169s] -- Up-to-date: /home/roamio42/Desktop/mic_control/install/audio_common_msgs/include/audio_common_msgs/audio_common_msgs/msg/rosidl_typesupport_fastrtps_c__visibility_control.h
[1.169s] -- Up-to-date: /home/roamio42/Desktop/mic_control/install/audio_common_msgs/include/audio_common_msgs/audio_common_msgs/msg/detail
[1.169s] -- Up-to-date: /home/roamio42/Desktop/mic_control/install/audio_common_msgs/include/audio_common_msgs/audio_common_msgs/msg/detail/audio_info__rosidl_typesupport_fastrtps_c.h
[1.169s] -- Up-to-date: /home/roamio42/Desktop/mic_control/install/audio_common_msgs/include/audio_common_msgs/audio_common_msgs/msg/detail/audio_data_stamped__rosidl_typesupport_fastrtps_c.h
[1.169s] -- Up-to-date: /home/roamio42/Desktop/mic_control/install/audio_common_msgs/include/audio_common_msgs/audio_common_msgs/msg/detail/audio_data__rosidl_typesupport_fastrtps_c.h
[1.170s] -- Up-to-date: /home/roamio42/Desktop/mic_control/install/audio_common_msgs/lib/libaudio_common_msgs__rosidl_typesupport_fastrtps_c.so
[1.172s] -- Up-to-date: /home/roamio42/Desktop/mic_control/install/audio_common_msgs/include/audio_common_msgs/audio_common_msgs
[1.172s] -- Up-to-date: /home/roamio42/Desktop/mic_control/install/audio_common_msgs/include/audio_common_msgs/audio_common_msgs/msg
[1.172s] -- Up-to-date: /home/roamio42/Desktop/mic_control/install/audio_common_msgs/include/audio_common_msgs/audio_common_msgs/msg/detail
[1.172s] -- Up-to-date: /home/roamio42/Desktop/mic_control/install/audio_common_msgs/include/audio_common_msgs/audio_common_msgs/msg/detail/audio_info__rosidl_typesupport_introspection_c.h
[1.172s] -- Installing: /home/roamio42/Desktop/mic_control/install/audio_common_msgs/include/audio_common_msgs/audio_common_msgs/msg/detail/audio_info__type_support.c
[1.172s] -- Installing: /home/roamio42/Desktop/mic_control/install/audio_common_msgs/include/audio_common_msgs/audio_common_msgs/msg/detail/audio_data_stamped__type_support.c
[1.173s] -- Up-to-date: /home/roamio42/Desktop/mic_control/install/audio_common_msgs/include/audio_common_msgs/audio_common_msgs/msg/detail/audio_data_stamped__rosidl_typesupport_introspection_c.h
[1.175s] -- Up-to-date: /home/roamio42/Desktop/mic_control/install/audio_common_msgs/include/audio_common_msgs/audio_common_msgs/msg/detail/audio_data__rosidl_typesupport_introspection_c.h
[1.175s] -- Installing: /home/roamio42/Desktop/mic_control/install/audio_common_msgs/include/audio_common_msgs/audio_common_msgs/msg/detail/audio_data__type_support.c
[1.175s] -- Up-to-date: /home/roamio42/Desktop/mic_control/install/audio_common_msgs/include/audio_common_msgs/audio_common_msgs/msg/rosidl_typesupport_introspection_c__visibility_control.h
[1.175s] -- Up-to-date: /home/roamio42/Desktop/mic_control/install/audio_common_msgs/lib/libaudio_common_msgs__rosidl_typesupport_introspection_c.so
[1.176s] -- Up-to-date: /home/roamio42/Desktop/mic_control/install/audio_common_msgs/lib/libaudio_common_msgs__rosidl_typesupport_c.so
[1.177s] -- Up-to-date: /home/roamio42/Desktop/mic_control/install/audio_common_msgs/include/audio_common_msgs/audio_common_msgs
[1.177s] -- Up-to-date: /home/roamio42/Desktop/mic_control/install/audio_common_msgs/include/audio_common_msgs/audio_common_msgs/msg
[1.178s] -- Up-to-date: /home/roamio42/Desktop/mic_control/install/audio_common_msgs/include/audio_common_msgs/audio_common_msgs/msg/audio_data.hpp
[1.178s] -- Up-to-date: /home/roamio42/Desktop/mic_control/install/audio_common_msgs/include/audio_common_msgs/audio_common_msgs/msg/detail
[1.179s] -- Up-to-date: /home/roamio42/Desktop/mic_control/install/audio_common_msgs/include/audio_common_msgs/audio_common_msgs/msg/detail/audio_data_stamped__struct.hpp
[1.180s] -- Up-to-date: /home/roamio42/Desktop/mic_control/install/audio_common_msgs/include/audio_common_msgs/audio_common_msgs/msg/detail/audio_data__builder.hpp
[1.180s] -- Up-to-date: /home/roamio42/Desktop/mic_control/install/audio_common_msgs/include/audio_common_msgs/audio_common_msgs/msg/detail/audio_info__type_support.hpp
[1.181s] -- Up-to-date: /home/roamio42/Desktop/mic_control/install/audio_common_msgs/include/audio_common_msgs/audio_common_msgs/msg/detail/audio_data_stamped__type_support.hpp
[1.181s] -- Up-to-date: /home/roamio42/Desktop/mic_control/install/audio_common_msgs/include/audio_common_msgs/audio_common_msgs/msg/detail/audio_info__struct.hpp
[1.181s] -- Up-to-date: /home/roamio42/Desktop/mic_control/install/audio_common_msgs/include/audio_common_msgs/audio_common_msgs/msg/detail/audio_data__type_support.hpp
[1.181s] -- Up-to-date: /home/roamio42/Desktop/mic_control/install/audio_common_msgs/include/audio_common_msgs/audio_common_msgs/msg/detail/audio_info__traits.hpp
[1.181s] -- Up-to-date: /home/roamio42/Desktop/mic_control/install/audio_common_msgs/include/audio_common_msgs/audio_common_msgs/msg/detail/audio_data_stamped__builder.hpp
[1.181s] -- Up-to-date: /home/roamio42/Desktop/mic_control/install/audio_common_msgs/include/audio_common_msgs/audio_common_msgs/msg/detail/audio_data__struct.hpp
[1.183s] -- Up-to-date: /home/roamio42/Desktop/mic_control/install/audio_common_msgs/include/audio_common_msgs/audio_common_msgs/msg/detail/audio_data__traits.hpp
[1.183s] -- Up-to-date: /home/roamio42/Desktop/mic_control/install/audio_common_msgs/include/audio_common_msgs/audio_common_msgs/msg/detail/audio_info__builder.hpp
[1.183s] -- Up-to-date: /home/roamio42/Desktop/mic_control/install/audio_common_msgs/include/audio_common_msgs/audio_common_msgs/msg/detail/audio_data_stamped__traits.hpp
[1.183s] -- Up-to-date: /home/roamio42/Desktop/mic_control/install/audio_common_msgs/include/audio_common_msgs/audio_common_msgs/msg/audio_data_stamped.hpp
[1.183s] -- Up-to-date: /home/roamio42/Desktop/mic_control/install/audio_common_msgs/include/audio_common_msgs/audio_common_msgs/msg/rosidl_generator_cpp__visibility_control.hpp
[1.183s] -- Up-to-date: /home/roamio42/Desktop/mic_control/install/audio_common_msgs/include/audio_common_msgs/audio_common_msgs/msg/audio_info.hpp
[1.183s] -- Up-to-date: /home/roamio42/Desktop/mic_control/install/audio_common_msgs/include/audio_common_msgs/audio_common_msgs
[1.183s] -- Up-to-date: /home/roamio42/Desktop/mic_control/install/audio_common_msgs/include/audio_common_msgs/audio_common_msgs/msg
[1.183s] -- Up-to-date: /home/roamio42/Desktop/mic_control/install/audio_common_msgs/include/audio_common_msgs/audio_common_msgs/msg/detail
[1.185s] -- Up-to-date: /home/roamio42/Desktop/mic_control/install/audio_common_msgs/include/audio_common_msgs/audio_common_msgs/msg/detail/audio_data__rosidl_typesupport_fastrtps_cpp.hpp
[1.186s] -- Up-to-date: /home/roamio42/Desktop/mic_control/install/audio_common_msgs/include/audio_common_msgs/audio_common_msgs/msg/detail/dds_fastrtps
[1.186s] -- Up-to-date: /home/roamio42/Desktop/mic_control/install/audio_common_msgs/include/audio_common_msgs/audio_common_msgs/msg/detail/audio_data_stamped__rosidl_typesupport_fastrtps_cpp.hpp
[1.186s] -- Up-to-date: /home/roamio42/Desktop/mic_control/install/audio_common_msgs/include/audio_common_msgs/audio_common_msgs/msg/detail/audio_info__rosidl_typesupport_fastrtps_cpp.hpp
[1.186s] -- Up-to-date: /home/roamio42/Desktop/mic_control/install/audio_common_msgs/include/audio_common_msgs/audio_common_msgs/msg/rosidl_typesupport_fastrtps_cpp__visibility_control.h
[1.186s] -- Up-to-date: /home/roamio42/Desktop/mic_control/install/audio_common_msgs/lib/libaudio_common_msgs__rosidl_typesupport_fastrtps_cpp.so
[1.189s] -- Up-to-date: /home/roamio42/Desktop/mic_control/install/audio_common_msgs/include/audio_common_msgs/audio_common_msgs
[1.190s] -- Up-to-date: /home/roamio42/Desktop/mic_control/install/audio_common_msgs/include/audio_common_msgs/audio_common_msgs/msg
[1.190s] -- Up-to-date: /home/roamio42/Desktop/mic_control/install/audio_common_msgs/include/audio_common_msgs/audio_common_msgs/msg/detail
[1.190s] -- Up-to-date: /home/roamio42/Desktop/mic_control/install/audio_common_msgs/include/audio_common_msgs/audio_common_msgs/msg/detail/audio_data__rosidl_typesupport_introspection_cpp.hpp
[1.190s] -- Up-to-date: /home/roamio42/Desktop/mic_control/install/audio_common_msgs/include/audio_common_msgs/audio_common_msgs/msg/detail/audio_data_stamped__rosidl_typesupport_introspection_cpp.hpp
[1.190s] -- Up-to-date: /home/roamio42/Desktop/mic_control/install/audio_common_msgs/include/audio_common_msgs/audio_common_msgs/msg/detail/audio_info__rosidl_typesupport_introspection_cpp.hpp
[1.190s] -- Up-to-date: /home/roamio42/Desktop/mic_control/install/audio_common_msgs/include/audio_common_msgs/audio_common_msgs/msg/detail/audio_info__type_support.cpp
[1.190s] -- Up-to-date: /home/roamio42/Desktop/mic_control/install/audio_common_msgs/include/audio_common_msgs/audio_common_msgs/msg/detail/audio_data_stamped__type_support.cpp
[1.190s] -- Up-to-date: /home/roamio42/Desktop/mic_control/install/audio_common_msgs/include/audio_common_msgs/audio_common_msgs/msg/detail/audio_data__type_support.cpp
[1.191s] -- Up-to-date: /home/roamio42/Desktop/mic_control/install/audio_common_msgs/lib/libaudio_common_msgs__rosidl_typesupport_introspection_cpp.so
[1.192s] -- Up-to-date: /home/roamio42/Desktop/mic_control/install/audio_common_msgs/lib/libaudio_common_msgs__rosidl_typesupport_cpp.so
[1.192s] -- Up-to-date: /home/roamio42/Desktop/mic_control/install/audio_common_msgs/share/audio_common_msgs/environment/pythonpath.sh
[1.193s] -- Up-to-date: /home/roamio42/Desktop/mic_control/install/audio_common_msgs/share/audio_common_msgs/environment/pythonpath.dsv
[1.193s] -- Up-to-date: /home/roamio42/Desktop/mic_control/install/audio_common_msgs/lib/python3.12/site-packages/audio_common_msgs-0.3.12-py3.12.egg-info
[1.193s] -- Installing: /home/roamio42/Desktop/mic_control/install/audio_common_msgs/lib/python3.12/site-packages/audio_common_msgs-0.3.12-py3.12.egg-info/dependency_links.txt
[1.194s] -- Installing: /home/roamio42/Desktop/mic_control/install/audio_common_msgs/lib/python3.12/site-packages/audio_common_msgs-0.3.12-py3.12.egg-info/PKG-INFO
[1.194s] -- Installing: /home/roamio42/Desktop/mic_control/install/audio_common_msgs/lib/python3.12/site-packages/audio_common_msgs-0.3.12-py3.12.egg-info/top_level.txt
[1.195s] -- Installing: /home/roamio42/Desktop/mic_control/install/audio_common_msgs/lib/python3.12/site-packages/audio_common_msgs-0.3.12-py3.12.egg-info/SOURCES.txt
[1.195s] -- Up-to-date: /home/roamio42/Desktop/mic_control/install/audio_common_msgs/lib/python3.12/site-packages/audio_common_msgs
[1.196s] -- Up-to-date: /home/roamio42/Desktop/mic_control/install/audio_common_msgs/lib/python3.12/site-packages/audio_common_msgs/audio_common_msgs_s__rosidl_typesupport_fastrtps_c.so
[1.196s] -- Up-to-date: /home/roamio42/Desktop/mic_control/install/audio_common_msgs/lib/python3.12/site-packages/audio_common_msgs/_audio_common_msgs_s.ep.rosidl_typesupport_fastrtps_c.c
[1.196s] -- Up-to-date: /home/roamio42/Desktop/mic_control/install/audio_common_msgs/lib/python3.12/site-packages/audio_common_msgs/__init__.py
[1.197s] -- Up-to-date: /home/roamio42/Desktop/mic_control/install/audio_common_msgs/lib/python3.12/site-packages/audio_common_msgs/msg
[1.197s] -- Up-to-date: /home/roamio42/Desktop/mic_control/install/audio_common_msgs/lib/python3.12/site-packages/audio_common_msgs/msg/_audio_info.py
[1.198s] -- Up-to-date: /home/roamio42/Desktop/mic_control/install/audio_common_msgs/lib/python3.12/site-packages/audio_common_msgs/msg/_audio_data_stamped.py
[1.199s] -- Up-to-date: /home/roamio42/Desktop/mic_control/install/audio_common_msgs/lib/python3.12/site-packages/audio_common_msgs/msg/_audio_data_s.c
[1.199s] -- Up-to-date: /home/roamio42/Desktop/mic_control/install/audio_common_msgs/lib/python3.12/site-packages/audio_common_msgs/msg/_audio_data.py
[1.199s] -- Up-to-date: /home/roamio42/Desktop/mic_control/install/audio_common_msgs/lib/python3.12/site-packages/audio_common_msgs/msg/__init__.py
[1.199s] -- Up-to-date: /home/roamio42/Desktop/mic_control/install/audio_common_msgs/lib/python3.12/site-packages/audio_common_msgs/msg/_audio_info_s.c
[1.199s] -- Up-to-date: /home/roamio42/Desktop/mic_control/install/audio_common_msgs/lib/python3.12/site-packages/audio_common_msgs/msg/_audio_data_stamped_s.c
[1.199s] -- Up-to-date: /home/roamio42/Desktop/mic_control/install/audio_common_msgs/lib/python3.12/site-packages/audio_common_msgs/_audio_common_msgs_s.ep.rosidl_typesupport_introspection_c.c
[1.199s] -- Up-to-date: /home/roamio42/Desktop/mic_control/install/audio_common_msgs/lib/python3.12/site-packages/audio_common_msgs/audio_common_msgs_s__rosidl_typesupport_introspection_c.so
[1.199s] -- Up-to-date: /home/roamio42/Desktop/mic_control/install/audio_common_msgs/lib/python3.12/site-packages/audio_common_msgs/_audio_common_msgs_s.ep.rosidl_typesupport_c.c
[1.201s] -- Up-to-date: /home/roamio42/Desktop/mic_control/install/audio_common_msgs/lib/python3.12/site-packages/audio_common_msgs/audio_common_msgs_s__rosidl_typesupport_c.so
[1.278s] Listing '/home/roamio42/Desktop/mic_control/install/audio_common_msgs/lib/python3.12/site-packages/audio_common_msgs'...
[1.278s] Listing '/home/roamio42/Desktop/mic_control/install/audio_common_msgs/lib/python3.12/site-packages/audio_common_msgs/msg'...
[1.304s] -- Up-to-date: /home/roamio42/Desktop/mic_control/install/audio_common_msgs/lib/python3.12/site-packages/audio_common_msgs/audio_common_msgs_s__rosidl_typesupport_fastrtps_c.so
[1.304s] -- Up-to-date: /home/roamio42/Desktop/mic_control/install/audio_common_msgs/lib/python3.12/site-packages/audio_common_msgs/audio_common_msgs_s__rosidl_typesupport_introspection_c.so
[1.305s] -- Up-to-date: /home/roamio42/Desktop/mic_control/install/audio_common_msgs/lib/python3.12/site-packages/audio_common_msgs/audio_common_msgs_s__rosidl_typesupport_c.so
[1.306s] -- Up-to-date: /home/roamio42/Desktop/mic_control/install/audio_common_msgs/lib/libaudio_common_msgs__rosidl_generator_py.so
[1.306s] -- Up-to-date: /home/roamio42/Desktop/mic_control/install/audio_common_msgs/share/audio_common_msgs/msg/AudioData.idl
[1.307s] -- Up-to-date: /home/roamio42/Desktop/mic_control/install/audio_common_msgs/share/audio_common_msgs/msg/AudioDataStamped.idl
[1.308s] -- Up-to-date: /home/roamio42/Desktop/mic_control/install/audio_common_msgs/share/audio_common_msgs/msg/AudioInfo.idl
[1.308s] -- Up-to-date: /home/roamio42/Desktop/mic_control/install/audio_common_msgs/share/audio_common_msgs/msg/AudioData.msg
[1.309s] -- Up-to-date: /home/roamio42/Desktop/mic_control/install/audio_common_msgs/share/audio_common_msgs/msg/AudioDataStamped.msg
[1.309s] -- Up-to-date: /home/roamio42/Desktop/mic_control/install/audio_common_msgs/share/audio_common_msgs/msg/AudioInfo.msg
[1.309s] -- Up-to-date: /home/roamio42/Desktop/mic_control/install/audio_common_msgs/share/ament_index/resource_index/package_run_dependencies/audio_common_msgs
[1.310s] -- Up-to-date: /home/roamio42/Desktop/mic_control/install/audio_common_msgs/share/ament_index/resource_index/parent_prefix_path/audio_common_msgs
[1.311s] -- Up-to-date: /home/roamio42/Desktop/mic_control/install/audio_common_msgs/share/audio_common_msgs/environment/ament_prefix_path.sh
[1.312s] -- Up-to-date: /home/roamio42/Desktop/mic_control/install/audio_common_msgs/share/audio_common_msgs/environment/ament_prefix_path.dsv
[1.314s] -- Up-to-date: /home/roamio42/Desktop/mic_control/install/audio_common_msgs/share/audio_common_msgs/environment/path.sh
[1.318s] -- Up-to-date: /home/roamio42/Desktop/mic_control/install/audio_common_msgs/share/audio_common_msgs/environment/path.dsv
[1.318s] -- Up-to-date: /home/roamio42/Desktop/mic_control/install/audio_common_msgs/share/audio_common_msgs/local_setup.bash
[1.318s] -- Up-to-date: /home/roamio42/Desktop/mic_control/install/audio_common_msgs/share/audio_common_msgs/local_setup.sh
[1.318s] -- Up-to-date: /home/roamio42/Desktop/mic_control/install/audio_common_msgs/share/audio_common_msgs/local_setup.zsh
[1.318s] -- Up-to-date: /home/roamio42/Desktop/mic_control/install/audio_common_msgs/share/audio_common_msgs/local_setup.dsv
[1.319s] -- Installing: /home/roamio42/Desktop/mic_control/install/audio_common_msgs/share/audio_common_msgs/package.dsv
[1.319s] -- Up-to-date: /home/roamio42/Desktop/mic_control/install/audio_common_msgs/share/ament_index/resource_index/packages/audio_common_msgs
[1.319s] -- Up-to-date: /home/roamio42/Desktop/mic_control/install/audio_common_msgs/share/audio_common_msgs/cmake/export_audio_common_msgs__rosidl_generator_cExport.cmake
[1.321s] -- Up-to-date: /home/roamio42/Desktop/mic_control/install/audio_common_msgs/share/audio_common_msgs/cmake/export_audio_common_msgs__rosidl_generator_cExport-noconfig.cmake
[1.322s] -- Up-to-date: /home/roamio42/Desktop/mic_control/install/audio_common_msgs/share/audio_common_msgs/cmake/export_audio_common_msgs__rosidl_typesupport_fastrtps_cExport.cmake
[1.322s] -- Up-to-date: /home/roamio42/Desktop/mic_control/install/audio_common_msgs/share/audio_common_msgs/cmake/export_audio_common_msgs__rosidl_typesupport_fastrtps_cExport-noconfig.cmake
[1.322s] -- Up-to-date: /home/roamio42/Desktop/mic_control/install/audio_common_msgs/share/audio_common_msgs/cmake/audio_common_msgs__rosidl_typesupport_introspection_cExport.cmake
[1.322s] -- Up-to-date: /home/roamio42/Desktop/mic_control/install/audio_common_msgs/share/audio_common_msgs/cmake/audio_common_msgs__rosidl_typesupport_introspection_cExport-noconfig.cmake
[1.322s] -- Up-to-date: /home/roamio42/Desktop/mic_control/install/audio_common_msgs/share/audio_common_msgs/cmake/audio_common_msgs__rosidl_typesupport_cExport.cmake
[1.322s] -- Up-to-date: /home/roamio42/Desktop/mic_control/install/audio_common_msgs/share/audio_common_msgs/cmake/audio_common_msgs__rosidl_typesupport_cExport-noconfig.cmake
[1.322s] -- Up-to-date: /home/roamio42/Desktop/mic_control/install/audio_common_msgs/share/audio_common_msgs/cmake/export_audio_common_msgs__rosidl_generator_cppExport.cmake
[1.324s] -- Up-to-date: /home/roamio42/Desktop/mic_control/install/audio_common_msgs/share/audio_common_msgs/cmake/export_audio_common_msgs__rosidl_typesupport_fastrtps_cppExport.cmake
[1.326s] -- Up-to-date: /home/roamio42/Desktop/mic_control/install/audio_common_msgs/share/audio_common_msgs/cmake/export_audio_common_msgs__rosidl_typesupport_fastrtps_cppExport-noconfig.cmake
[1.327s] -- Up-to-date: /home/roamio42/Desktop/mic_control/install/audio_common_msgs/share/audio_common_msgs/cmake/audio_common_msgs__rosidl_typesupport_introspection_cppExport.cmake
[1.328s] -- Up-to-date: /home/roamio42/Desktop/mic_control/install/audio_common_msgs/share/audio_common_msgs/cmake/audio_common_msgs__rosidl_typesupport_introspection_cppExport-noconfig.cmake
[1.329s] -- Up-to-date: /home/roamio42/Desktop/mic_control/install/audio_common_msgs/share/audio_common_msgs/cmake/audio_common_msgs__rosidl_typesupport_cppExport.cmake
[1.329s] -- Up-to-date: /home/roamio42/Desktop/mic_control/install/audio_common_msgs/share/audio_common_msgs/cmake/audio_common_msgs__rosidl_typesupport_cppExport-noconfig.cmake
[1.329s] -- Up-to-date: /home/roamio42/Desktop/mic_control/install/audio_common_msgs/share/audio_common_msgs/cmake/export_audio_common_msgs__rosidl_generator_pyExport.cmake
[1.330s] -- Up-to-date: /home/roamio42/Desktop/mic_control/install/audio_common_msgs/share/audio_common_msgs/cmake/export_audio_common_msgs__rosidl_generator_pyExport-noconfig.cmake
[1.330s] -- Up-to-date: /home/roamio42/Desktop/mic_control/install/audio_common_msgs/share/audio_common_msgs/cmake/rosidl_cmake-extras.cmake
[1.330s] -- Up-to-date: /home/roamio42/Desktop/mic_control/install/audio_common_msgs/share/audio_common_msgs/cmake/ament_cmake_export_dependencies-extras.cmake
[1.330s] -- Up-to-date: /home/roamio42/Desktop/mic_control/install/audio_common_msgs/share/audio_common_msgs/cmake/ament_cmake_export_include_directories-extras.cmake
[1.330s] -- Up-to-date: /home/roamio42/Desktop/mic_control/install/audio_common_msgs/share/audio_common_msgs/cmake/ament_cmake_export_libraries-extras.cmake
[1.330s] -- Up-to-date: /home/roamio42/Desktop/mic_control/install/audio_common_msgs/share/audio_common_msgs/cmake/ament_cmake_export_targets-extras.cmake
[1.331s] -- Up-to-date: /home/roamio42/Desktop/mic_control/install/audio_common_msgs/share/audio_common_msgs/cmake/rosidl_cmake_export_typesupport_targets-extras.cmake
[1.331s] -- Up-to-date: /home/roamio42/Desktop/mic_control/install/audio_common_msgs/share/audio_common_msgs/cmake/rosidl_cmake_export_typesupport_libraries-extras.cmake
[1.333s] -- Up-to-date: /home/roamio42/Desktop/mic_control/install/audio_common_msgs/share/audio_common_msgs/cmake/audio_common_msgsConfig.cmake
[1.333s] -- Up-to-date: /home/roamio42/Desktop/mic_control/install/audio_common_msgs/share/audio_common_msgs/cmake/audio_common_msgsConfig-version.cmake
[1.333s] -- Up-to-date: /home/roamio42/Desktop/mic_control/install/audio_common_msgs/share/audio_common_msgs/package.xml
[1.334s] Invoked command in '/home/roamio42/Desktop/mic_control/build/audio_common_msgs' returned '0': CMAKE_PREFIX_PATH=${CMAKE_PREFIX_PATH}:/home/roamio42/Desktop/mic_control/install/respeaker_ros:/home/roamio42/Desktop/mic_control/install/keyboard_control:/home/roamio42/Desktop/mic_control/install/imu:/opt/ros/jazzy DEBUGINFOD_URLS=https://debuginfod.ubuntu.com /usr/bin/cmake --install /home/roamio42/Desktop/mic_control/build/audio_common_msgs
