[4.593s] Invoking command in '/home/roamio42/Desktop/mic_control/src/keyboard_control': DEBUGINFOD_URLS=https://debuginfod.ubuntu.com PYTHONPATH=/home/roamio42/Desktop/mic_control/build/keyboard_control/prefix_override:/usr/lib/python3/dist-packages/colcon_core/task/python/colcon_distutils_commands:/home/roamio42/Desktop/mic_control/install/keyboard_control/lib/python3.12/site-packages:${PYTHONPATH} /usr/bin/python3 -W ignore:setup.py install is deprecated -W ignore:easy_install command is deprecated setup.py egg_info --egg-base ../../build/keyboard_control build --build-base /home/roamio42/Desktop/mic_control/build/keyboard_control/build install --record /home/roamio42/Desktop/mic_control/build/keyboard_control/install.log --single-version-externally-managed install_data
[5.947s] running egg_info
[6.136s] writing ../../build/keyboard_control/keyboard_control.egg-info/PKG-INFO
[6.136s] writing dependency_links to ../../build/keyboard_control/keyboard_control.egg-info/dependency_links.txt
[6.154s] writing entry points to ../../build/keyboard_control/keyboard_control.egg-info/entry_points.txt
[6.155s] writing requirements to ../../build/keyboard_control/keyboard_control.egg-info/requires.txt
[6.164s] writing top-level names to ../../build/keyboard_control/keyboard_control.egg-info/top_level.txt
[6.287s] reading manifest file '../../build/keyboard_control/keyboard_control.egg-info/SOURCES.txt'
[6.291s] writing manifest file '../../build/keyboard_control/keyboard_control.egg-info/SOURCES.txt'
[6.293s] running build
[6.295s] running build_py
[6.298s] running install
[6.320s] running install_lib
[6.526s] running install_data
[6.530s] running install_egg_info
[6.601s] removing '/home/roamio42/Desktop/mic_control/install/keyboard_control/lib/python3.12/site-packages/keyboard_control-0.0.0-py3.12.egg-info' (and everything under it)
[6.601s] Copying ../../build/keyboard_control/keyboard_control.egg-info to /home/roamio42/Desktop/mic_control/install/keyboard_control/lib/python3.12/site-packages/keyboard_control-0.0.0-py3.12.egg-info
[6.606s] running install_scripts
[7.513s] Installing keyboard_control script to /home/roamio42/Desktop/mic_control/install/keyboard_control/lib/keyboard_control
[7.513s] writing list of installed files to '/home/roamio42/Desktop/mic_control/build/keyboard_control/install.log'
[7.807s] Invoked command in '/home/roamio42/Desktop/mic_control/src/keyboard_control' returned '0': DEBUGINFOD_URLS=https://debuginfod.ubuntu.com PYTHONPATH=/home/roamio42/Desktop/mic_control/build/keyboard_control/prefix_override:/usr/lib/python3/dist-packages/colcon_core/task/python/colcon_distutils_commands:/home/roamio42/Desktop/mic_control/install/keyboard_control/lib/python3.12/site-packages:${PYTHONPATH} /usr/bin/python3 -W ignore:setup.py install is deprecated -W ignore:easy_install command is deprecated setup.py egg_info --egg-base ../../build/keyboard_control build --build-base /home/roamio42/Desktop/mic_control/build/keyboard_control/build install --record /home/roamio42/Desktop/mic_control/build/keyboard_control/install.log --single-version-externally-managed install_data
