[0.158s] DEBUG:colcon:Command line arguments: ['/usr/bin/colcon', 'build', '--packages-select', 'keyboard_control']
[0.158s] DEBUG:colcon:Parsed command line arguments: Namespace(log_base=None, log_level=None, verb_name='build', build_base='build', install_base='install', merge_install=False, symlink_install=False, test_result_base=None, continue_on_error=False, executor='parallel', parallel_workers=4, event_handlers=None, ignore_user_meta=False, metas=['./colcon.meta'], base_paths=['.'], packages_ignore=None, packages_ignore_regex=None, paths=None, packages_up_to=None, packages_up_to_regex=None, packages_above=None, packages_above_and_dependencies=None, packages_above_depth=None, packages_select_by_dep=None, packages_skip_by_dep=None, packages_skip_up_to=None, packages_select_build_failed=False, packages_skip_build_finished=False, packages_select_test_failures=False, packages_skip_test_passed=False, packages_select=['keyboard_control'], packages_skip=None, packages_select_regex=None, packages_skip_regex=None, packages_start=None, packages_end=None, allow_overriding=[], cmake_args=None, cmake_target=None, cmake_target_skip_unavailable=False, cmake_clean_cache=False, cmake_clean_first=False, cmake_force_configure=False, ament_cmake_args=None, catkin_cmake_args=None, catkin_skip_building_tests=False, mixin_files=None, mixin=None, verb_parser=<colcon_mixin.mixin.mixin_argument.MixinArgumentDecorator object at 0xffffbb368590>, verb_extension=<colcon_core.verb.build.BuildVerb object at 0xffffbb559910>, main=<bound method BuildVerb.main of <colcon_core.verb.build.BuildVerb object at 0xffffbb559910>>, mixin_verb=('build',))
[0.225s] Level 1:colcon.colcon_core.package_discovery:discover_packages(colcon_meta) check parameters
[0.225s] Level 1:colcon.colcon_core.package_discovery:discover_packages(recursive) check parameters
[0.225s] Level 1:colcon.colcon_core.package_discovery:discover_packages(ignore) check parameters
[0.225s] Level 1:colcon.colcon_core.package_discovery:discover_packages(path) check parameters
[0.226s] Level 1:colcon.colcon_core.package_discovery:discover_packages(colcon_meta) discover
[0.226s] Level 1:colcon.colcon_core.package_discovery:discover_packages(recursive) discover
[0.226s] INFO:colcon.colcon_core.package_discovery:Crawling recursively for packages in '/home/roamio42/Desktop/mic_control/src'
[0.226s] Level 1:colcon.colcon_core.package_identification:_identify(.) by extensions ['ignore', 'ignore_ament_install']
[0.226s] Level 1:colcon.colcon_core.package_identification:_identify(.) by extension 'ignore'
[0.226s] Level 1:colcon.colcon_core.package_identification:_identify(.) by extension 'ignore_ament_install'
[0.226s] Level 1:colcon.colcon_core.package_identification:_identify(.) by extensions ['colcon_pkg']
[0.226s] Level 1:colcon.colcon_core.package_identification:_identify(.) by extension 'colcon_pkg'
[0.226s] Level 1:colcon.colcon_core.package_identification:_identify(.) by extensions ['colcon_meta']
[0.226s] Level 1:colcon.colcon_core.package_identification:_identify(.) by extension 'colcon_meta'
[0.227s] Level 1:colcon.colcon_core.package_identification:_identify(.) by extensions ['ros']
[0.227s] Level 1:colcon.colcon_core.package_identification:_identify(.) by extension 'ros'
[0.280s] Level 1:colcon.colcon_core.package_identification:_identify(.) by extensions ['cmake', 'python']
[0.280s] Level 1:colcon.colcon_core.package_identification:_identify(.) by extension 'cmake'
[0.280s] Level 1:colcon.colcon_core.package_identification:_identify(.) by extension 'python'
[0.280s] Level 1:colcon.colcon_core.package_identification:_identify(.) by extensions ['python_setup_py']
[0.280s] Level 1:colcon.colcon_core.package_identification:_identify(.) by extension 'python_setup_py'
[0.281s] Level 1:colcon.colcon_core.package_identification:_identify(audio_common) by extensions ['ignore', 'ignore_ament_install']
[0.281s] Level 1:colcon.colcon_core.package_identification:_identify(audio_common) by extension 'ignore'
[0.281s] Level 1:colcon.colcon_core.package_identification:_identify(audio_common) by extension 'ignore_ament_install'
[0.281s] Level 1:colcon.colcon_core.package_identification:_identify(audio_common) by extensions ['colcon_pkg']
[0.281s] Level 1:colcon.colcon_core.package_identification:_identify(audio_common) by extension 'colcon_pkg'
[0.281s] Level 1:colcon.colcon_core.package_identification:_identify(audio_common) by extensions ['colcon_meta']
[0.281s] Level 1:colcon.colcon_core.package_identification:_identify(audio_common) by extension 'colcon_meta'
[0.281s] Level 1:colcon.colcon_core.package_identification:_identify(audio_common) by extensions ['ros']
[0.281s] Level 1:colcon.colcon_core.package_identification:_identify(audio_common) by extension 'ros'
[0.281s] Level 1:colcon.colcon_core.package_identification:_identify(audio_common) by extensions ['cmake', 'python']
[0.281s] Level 1:colcon.colcon_core.package_identification:_identify(audio_common) by extension 'cmake'
[0.281s] Level 1:colcon.colcon_core.package_identification:_identify(audio_common) by extension 'python'
[0.281s] Level 1:colcon.colcon_core.package_identification:_identify(audio_common) by extensions ['python_setup_py']
[0.282s] Level 1:colcon.colcon_core.package_identification:_identify(audio_common) by extension 'python_setup_py'
[0.282s] Level 1:colcon.colcon_core.package_identification:_identify(audio_common/audio_capture) by extensions ['ignore', 'ignore_ament_install']
[0.282s] Level 1:colcon.colcon_core.package_identification:_identify(audio_common/audio_capture) by extension 'ignore'
[0.282s] Level 1:colcon.colcon_core.package_identification:_identify(audio_common/audio_capture) by extension 'ignore_ament_install'
[0.282s] Level 1:colcon.colcon_core.package_identification:_identify(audio_common/audio_capture) by extensions ['colcon_pkg']
[0.282s] Level 1:colcon.colcon_core.package_identification:_identify(audio_common/audio_capture) by extension 'colcon_pkg'
[0.282s] Level 1:colcon.colcon_core.package_identification:_identify(audio_common/audio_capture) by extensions ['colcon_meta']
[0.282s] Level 1:colcon.colcon_core.package_identification:_identify(audio_common/audio_capture) by extension 'colcon_meta'
[0.282s] Level 1:colcon.colcon_core.package_identification:_identify(audio_common/audio_capture) by extensions ['ros']
[0.282s] Level 1:colcon.colcon_core.package_identification:_identify(audio_common/audio_capture) by extension 'ros'
[0.286s] DEBUG:colcon.colcon_core.package_identification:Package 'audio_common/audio_capture' with type 'ros.ament_cmake' and name 'audio_capture'
[0.286s] Level 1:colcon.colcon_core.package_identification:_identify(audio_common/audio_common) by extensions ['ignore', 'ignore_ament_install']
[0.286s] Level 1:colcon.colcon_core.package_identification:_identify(audio_common/audio_common) by extension 'ignore'
[0.286s] Level 1:colcon.colcon_core.package_identification:_identify(audio_common/audio_common) by extension 'ignore_ament_install'
[0.286s] Level 1:colcon.colcon_core.package_identification:_identify(audio_common/audio_common) by extensions ['colcon_pkg']
[0.286s] Level 1:colcon.colcon_core.package_identification:_identify(audio_common/audio_common) by extension 'colcon_pkg'
[0.287s] Level 1:colcon.colcon_core.package_identification:_identify(audio_common/audio_common) by extensions ['colcon_meta']
[0.287s] Level 1:colcon.colcon_core.package_identification:_identify(audio_common/audio_common) by extension 'colcon_meta'
[0.287s] Level 1:colcon.colcon_core.package_identification:_identify(audio_common/audio_common) by extensions ['ros']
[0.287s] Level 1:colcon.colcon_core.package_identification:_identify(audio_common/audio_common) by extension 'ros'
[0.287s] DEBUG:colcon.colcon_core.package_identification:Package 'audio_common/audio_common' with type 'ros.ament_cmake' and name 'audio_common'
[0.288s] Level 1:colcon.colcon_core.package_identification:_identify(audio_common/audio_common_msgs) by extensions ['ignore', 'ignore_ament_install']
[0.288s] Level 1:colcon.colcon_core.package_identification:_identify(audio_common/audio_common_msgs) by extension 'ignore'
[0.288s] Level 1:colcon.colcon_core.package_identification:_identify(audio_common/audio_common_msgs) by extension 'ignore_ament_install'
[0.288s] Level 1:colcon.colcon_core.package_identification:_identify(audio_common/audio_common_msgs) by extensions ['colcon_pkg']
[0.288s] Level 1:colcon.colcon_core.package_identification:_identify(audio_common/audio_common_msgs) by extension 'colcon_pkg'
[0.288s] Level 1:colcon.colcon_core.package_identification:_identify(audio_common/audio_common_msgs) by extensions ['colcon_meta']
[0.288s] Level 1:colcon.colcon_core.package_identification:_identify(audio_common/audio_common_msgs) by extension 'colcon_meta'
[0.288s] Level 1:colcon.colcon_core.package_identification:_identify(audio_common/audio_common_msgs) by extensions ['ros']
[0.288s] Level 1:colcon.colcon_core.package_identification:_identify(audio_common/audio_common_msgs) by extension 'ros'
[0.289s] DEBUG:colcon.colcon_core.package_identification:Package 'audio_common/audio_common_msgs' with type 'ros.ament_cmake' and name 'audio_common_msgs'
[0.289s] Level 1:colcon.colcon_core.package_identification:_identify(audio_common/audio_play) by extensions ['ignore', 'ignore_ament_install']
[0.289s] Level 1:colcon.colcon_core.package_identification:_identify(audio_common/audio_play) by extension 'ignore'
[0.289s] Level 1:colcon.colcon_core.package_identification:_identify(audio_common/audio_play) by extension 'ignore_ament_install'
[0.289s] Level 1:colcon.colcon_core.package_identification:_identify(audio_common/audio_play) by extensions ['colcon_pkg']
[0.289s] Level 1:colcon.colcon_core.package_identification:_identify(audio_common/audio_play) by extension 'colcon_pkg'
[0.289s] Level 1:colcon.colcon_core.package_identification:_identify(audio_common/audio_play) by extensions ['colcon_meta']
[0.289s] Level 1:colcon.colcon_core.package_identification:_identify(audio_common/audio_play) by extension 'colcon_meta'
[0.290s] Level 1:colcon.colcon_core.package_identification:_identify(audio_common/audio_play) by extensions ['ros']
[0.290s] Level 1:colcon.colcon_core.package_identification:_identify(audio_common/audio_play) by extension 'ros'
[0.290s] DEBUG:colcon.colcon_core.package_identification:Package 'audio_common/audio_play' with type 'ros.ament_cmake' and name 'audio_play'
[0.290s] Level 1:colcon.colcon_core.package_identification:_identify(audio_common/sound_play) by extensions ['ignore', 'ignore_ament_install']
[0.291s] Level 1:colcon.colcon_core.package_identification:_identify(audio_common/sound_play) by extension 'ignore'
[0.291s] Level 1:colcon.colcon_core.package_identification:_identify(audio_common/sound_play) by extension 'ignore_ament_install'
[0.291s] Level 1:colcon.colcon_core.package_identification:_identify(audio_common/sound_play) by extensions ['colcon_pkg']
[0.291s] Level 1:colcon.colcon_core.package_identification:_identify(audio_common/sound_play) by extension 'colcon_pkg'
[0.291s] Level 1:colcon.colcon_core.package_identification:_identify(audio_common/sound_play) by extensions ['colcon_meta']
[0.291s] Level 1:colcon.colcon_core.package_identification:_identify(audio_common/sound_play) by extension 'colcon_meta'
[0.291s] Level 1:colcon.colcon_core.package_identification:_identify(audio_common/sound_play) by extensions ['ros']
[0.291s] Level 1:colcon.colcon_core.package_identification:_identify(audio_common/sound_play) by extension 'ros'
[0.292s] DEBUG:colcon.colcon_core.package_identification:Package 'audio_common/sound_play' with type 'ros.ament_cmake' and name 'sound_play'
[0.292s] Level 1:colcon.colcon_core.package_identification:_identify(build) by extensions ['ignore', 'ignore_ament_install']
[0.292s] Level 1:colcon.colcon_core.package_identification:_identify(build) by extension 'ignore'
[0.292s] Level 1:colcon.colcon_core.package_identification:_identify(build) ignored
[0.292s] Level 1:colcon.colcon_core.package_identification:_identify(install) by extensions ['ignore', 'ignore_ament_install']
[0.292s] Level 1:colcon.colcon_core.package_identification:_identify(install) by extension 'ignore'
[0.292s] Level 1:colcon.colcon_core.package_identification:_identify(install) ignored
[0.292s] Level 1:colcon.colcon_core.package_identification:_identify(keyboard_control) by extensions ['ignore', 'ignore_ament_install']
[0.293s] Level 1:colcon.colcon_core.package_identification:_identify(keyboard_control) by extension 'ignore'
[0.293s] Level 1:colcon.colcon_core.package_identification:_identify(keyboard_control) by extension 'ignore_ament_install'
[0.293s] Level 1:colcon.colcon_core.package_identification:_identify(keyboard_control) by extensions ['colcon_pkg']
[0.293s] Level 1:colcon.colcon_core.package_identification:_identify(keyboard_control) by extension 'colcon_pkg'
[0.293s] Level 1:colcon.colcon_core.package_identification:_identify(keyboard_control) by extensions ['colcon_meta']
[0.293s] Level 1:colcon.colcon_core.package_identification:_identify(keyboard_control) by extension 'colcon_meta'
[0.293s] Level 1:colcon.colcon_core.package_identification:_identify(keyboard_control) by extensions ['ros']
[0.293s] Level 1:colcon.colcon_core.package_identification:_identify(keyboard_control) by extension 'ros'
[0.293s] DEBUG:colcon.colcon_core.package_identification:Package 'keyboard_control' with type 'ros.ament_python' and name 'keyboard_control'
[0.294s] Level 1:colcon.colcon_core.package_identification:_identify(log) by extensions ['ignore', 'ignore_ament_install']
[0.294s] Level 1:colcon.colcon_core.package_identification:_identify(log) by extension 'ignore'
[0.294s] Level 1:colcon.colcon_core.package_identification:_identify(log) ignored
[0.294s] Level 1:colcon.colcon_core.package_identification:_identify(pixel_ring) by extensions ['ignore', 'ignore_ament_install']
[0.294s] Level 1:colcon.colcon_core.package_identification:_identify(pixel_ring) by extension 'ignore'
[0.294s] Level 1:colcon.colcon_core.package_identification:_identify(pixel_ring) by extension 'ignore_ament_install'
[0.294s] Level 1:colcon.colcon_core.package_identification:_identify(pixel_ring) by extensions ['colcon_pkg']
[0.294s] Level 1:colcon.colcon_core.package_identification:_identify(pixel_ring) by extension 'colcon_pkg'
[0.294s] Level 1:colcon.colcon_core.package_identification:_identify(pixel_ring) by extensions ['colcon_meta']
[0.294s] Level 1:colcon.colcon_core.package_identification:_identify(pixel_ring) by extension 'colcon_meta'
[0.294s] Level 1:colcon.colcon_core.package_identification:_identify(pixel_ring) by extensions ['ros']
[0.294s] Level 1:colcon.colcon_core.package_identification:_identify(pixel_ring) by extension 'ros'
[0.294s] Level 1:colcon.colcon_core.package_identification:_identify(pixel_ring) by extensions ['cmake', 'python']
[0.294s] Level 1:colcon.colcon_core.package_identification:_identify(pixel_ring) by extension 'cmake'
[0.294s] Level 1:colcon.colcon_core.package_identification:_identify(pixel_ring) by extension 'python'
[0.295s] DEBUG:colcon.colcon_core.package_identification:Python package in 'pixel_ring' passes arguments to the setup() function which requires a different identification extension than 'python'
[0.295s] Level 1:colcon.colcon_core.package_identification:_identify(pixel_ring) by extensions ['python_setup_py']
[0.295s] Level 1:colcon.colcon_core.package_identification:_identify(pixel_ring) by extension 'python_setup_py'
[0.668s] DEBUG:colcon.colcon_core.package_identification:Package 'pixel_ring' with type 'python' and name 'pixel-ring'
[0.668s] Level 1:colcon.colcon_core.package_identification:_identify(respeaker_ros) by extensions ['ignore', 'ignore_ament_install']
[0.669s] Level 1:colcon.colcon_core.package_identification:_identify(respeaker_ros) by extension 'ignore'
[0.669s] Level 1:colcon.colcon_core.package_identification:_identify(respeaker_ros) by extension 'ignore_ament_install'
[0.669s] Level 1:colcon.colcon_core.package_identification:_identify(respeaker_ros) by extensions ['colcon_pkg']
[0.669s] Level 1:colcon.colcon_core.package_identification:_identify(respeaker_ros) by extension 'colcon_pkg'
[0.669s] Level 1:colcon.colcon_core.package_identification:_identify(respeaker_ros) by extensions ['colcon_meta']
[0.669s] Level 1:colcon.colcon_core.package_identification:_identify(respeaker_ros) by extension 'colcon_meta'
[0.669s] Level 1:colcon.colcon_core.package_identification:_identify(respeaker_ros) by extensions ['ros']
[0.669s] Level 1:colcon.colcon_core.package_identification:_identify(respeaker_ros) by extension 'ros'
[0.670s] DEBUG:colcon.colcon_core.package_identification:Package 'respeaker_ros' with type 'ros.ament_python' and name 'respeaker_ros'
[0.670s] Level 1:colcon.colcon_core.package_identification:_identify(script) by extensions ['ignore', 'ignore_ament_install']
[0.670s] Level 1:colcon.colcon_core.package_identification:_identify(script) by extension 'ignore'
[0.670s] Level 1:colcon.colcon_core.package_identification:_identify(script) by extension 'ignore_ament_install'
[0.671s] Level 1:colcon.colcon_core.package_identification:_identify(script) by extensions ['colcon_pkg']
[0.671s] Level 1:colcon.colcon_core.package_identification:_identify(script) by extension 'colcon_pkg'
[0.671s] Level 1:colcon.colcon_core.package_identification:_identify(script) by extensions ['colcon_meta']
[0.671s] Level 1:colcon.colcon_core.package_identification:_identify(script) by extension 'colcon_meta'
[0.671s] Level 1:colcon.colcon_core.package_identification:_identify(script) by extensions ['ros']
[0.671s] Level 1:colcon.colcon_core.package_identification:_identify(script) by extension 'ros'
[0.671s] Level 1:colcon.colcon_core.package_identification:_identify(script) by extensions ['cmake', 'python']
[0.671s] Level 1:colcon.colcon_core.package_identification:_identify(script) by extension 'cmake'
[0.671s] Level 1:colcon.colcon_core.package_identification:_identify(script) by extension 'python'
[0.671s] Level 1:colcon.colcon_core.package_identification:_identify(script) by extensions ['python_setup_py']
[0.671s] Level 1:colcon.colcon_core.package_identification:_identify(script) by extension 'python_setup_py'
[0.671s] Level 1:colcon.colcon_core.package_identification:_identify(script/keyboard) by extensions ['ignore', 'ignore_ament_install']
[0.671s] Level 1:colcon.colcon_core.package_identification:_identify(script/keyboard) by extension 'ignore'
[0.671s] Level 1:colcon.colcon_core.package_identification:_identify(script/keyboard) by extension 'ignore_ament_install'
[0.671s] Level 1:colcon.colcon_core.package_identification:_identify(script/keyboard) by extensions ['colcon_pkg']
[0.671s] Level 1:colcon.colcon_core.package_identification:_identify(script/keyboard) by extension 'colcon_pkg'
[0.671s] Level 1:colcon.colcon_core.package_identification:_identify(script/keyboard) by extensions ['colcon_meta']
[0.671s] Level 1:colcon.colcon_core.package_identification:_identify(script/keyboard) by extension 'colcon_meta'
[0.671s] Level 1:colcon.colcon_core.package_identification:_identify(script/keyboard) by extensions ['ros']
[0.671s] Level 1:colcon.colcon_core.package_identification:_identify(script/keyboard) by extension 'ros'
[0.672s] Level 1:colcon.colcon_core.package_identification:_identify(script/keyboard) by extensions ['cmake', 'python']
[0.672s] Level 1:colcon.colcon_core.package_identification:_identify(script/keyboard) by extension 'cmake'
[0.672s] Level 1:colcon.colcon_core.package_identification:_identify(script/keyboard) by extension 'python'
[0.672s] Level 1:colcon.colcon_core.package_identification:_identify(script/keyboard) by extensions ['python_setup_py']
[0.672s] Level 1:colcon.colcon_core.package_identification:_identify(script/keyboard) by extension 'python_setup_py'
[0.672s] Level 1:colcon.colcon_core.package_discovery:discover_packages(recursive) using defaults
[0.672s] Level 1:colcon.colcon_core.package_discovery:discover_packages(ignore) discover
[0.672s] Level 1:colcon.colcon_core.package_discovery:discover_packages(ignore) using defaults
[0.672s] Level 1:colcon.colcon_core.package_discovery:discover_packages(path) discover
[0.672s] Level 1:colcon.colcon_core.package_discovery:discover_packages(path) using defaults
[0.698s] INFO:colcon.colcon_core.package_selection:Skipping not selected package 'audio_common_msgs' in 'audio_common/audio_common_msgs'
[0.699s] INFO:colcon.colcon_core.package_selection:Skipping not selected package 'pixel-ring' in 'pixel_ring'
[0.699s] INFO:colcon.colcon_core.package_selection:Skipping not selected package 'audio_capture' in 'audio_common/audio_capture'
[0.699s] INFO:colcon.colcon_core.package_selection:Skipping not selected package 'audio_play' in 'audio_common/audio_play'
[0.699s] INFO:colcon.colcon_core.package_selection:Skipping not selected package 'respeaker_ros' in 'respeaker_ros'
[0.699s] INFO:colcon.colcon_core.package_selection:Skipping not selected package 'sound_play' in 'audio_common/sound_play'
[0.699s] INFO:colcon.colcon_core.package_selection:Skipping not selected package 'audio_common' in 'audio_common/audio_common'
[0.699s] Level 1:colcon.colcon_core.package_discovery:discover_packages(prefix_path) check parameters
[0.699s] Level 1:colcon.colcon_core.package_discovery:discover_packages(prefix_path) discover
[0.704s] DEBUG:colcon.colcon_installed_package_information.package_discovery:Found 437 installed packages in /opt/ros/jazzy
[0.707s] Level 1:colcon.colcon_core.package_discovery:discover_packages(prefix_path) using defaults
[0.793s] Level 5:colcon.colcon_core.verb:set package 'keyboard_control' build argument 'cmake_args' from command line to 'None'
[0.794s] Level 5:colcon.colcon_core.verb:set package 'keyboard_control' build argument 'cmake_target' from command line to 'None'
[0.794s] Level 5:colcon.colcon_core.verb:set package 'keyboard_control' build argument 'cmake_target_skip_unavailable' from command line to 'False'
[0.794s] Level 5:colcon.colcon_core.verb:set package 'keyboard_control' build argument 'cmake_clean_cache' from command line to 'False'
[0.794s] Level 5:colcon.colcon_core.verb:set package 'keyboard_control' build argument 'cmake_clean_first' from command line to 'False'
[0.794s] Level 5:colcon.colcon_core.verb:set package 'keyboard_control' build argument 'cmake_force_configure' from command line to 'False'
[0.794s] Level 5:colcon.colcon_core.verb:set package 'keyboard_control' build argument 'ament_cmake_args' from command line to 'None'
[0.794s] Level 5:colcon.colcon_core.verb:set package 'keyboard_control' build argument 'catkin_cmake_args' from command line to 'None'
[0.794s] Level 5:colcon.colcon_core.verb:set package 'keyboard_control' build argument 'catkin_skip_building_tests' from command line to 'False'
[0.794s] DEBUG:colcon.colcon_core.verb:Building package 'keyboard_control' with the following arguments: {'ament_cmake_args': None, 'build_base': '/home/roamio42/Desktop/mic_control/src/build/keyboard_control', 'catkin_cmake_args': None, 'catkin_skip_building_tests': False, 'cmake_args': None, 'cmake_clean_cache': False, 'cmake_clean_first': False, 'cmake_force_configure': False, 'cmake_target': None, 'cmake_target_skip_unavailable': False, 'install_base': '/home/roamio42/Desktop/mic_control/src/install/keyboard_control', 'merge_install': False, 'path': '/home/roamio42/Desktop/mic_control/src/keyboard_control', 'symlink_install': False, 'test_result_base': None}
[0.794s] INFO:colcon.colcon_core.executor:Executing jobs using 'parallel' executor
[0.796s] DEBUG:colcon.colcon_parallel_executor.executor.parallel:run_until_complete
[0.796s] INFO:colcon.colcon_ros.task.ament_python.build:Building ROS package in '/home/roamio42/Desktop/mic_control/src/keyboard_control' with build type 'ament_python'
[0.797s] Level 1:colcon.colcon_core.shell:create_environment_hook('keyboard_control', 'ament_prefix_path')
[0.799s] INFO:colcon.colcon_core.plugin_system:Skipping extension 'colcon_core.shell.bat': Not used on non-Windows systems
[0.800s] INFO:colcon.colcon_core.shell:Creating environment hook '/home/roamio42/Desktop/mic_control/src/install/keyboard_control/share/keyboard_control/hook/ament_prefix_path.ps1'
[0.802s] INFO:colcon.colcon_core.shell:Creating environment descriptor '/home/roamio42/Desktop/mic_control/src/install/keyboard_control/share/keyboard_control/hook/ament_prefix_path.dsv'
[0.803s] INFO:colcon.colcon_core.shell:Creating environment hook '/home/roamio42/Desktop/mic_control/src/install/keyboard_control/share/keyboard_control/hook/ament_prefix_path.sh'
[0.804s] INFO:colcon.colcon_core.shell:Skip shell extension 'powershell' for command environment: Not usable outside of PowerShell
[0.804s] DEBUG:colcon.colcon_core.shell:Skip shell extension 'dsv' for command environment
[1.202s] INFO:colcon.colcon_core.task.python.build:Building Python package in '/home/roamio42/Desktop/mic_control/src/keyboard_control'
[1.203s] INFO:colcon.colcon_core.shell:Skip shell extension 'powershell' for command environment: Not usable outside of PowerShell
[1.203s] DEBUG:colcon.colcon_core.shell:Skip shell extension 'dsv' for command environment
[2.289s] DEBUG:colcon.colcon_core.event_handler.log_command:Invoking command in '/home/roamio42/Desktop/mic_control/src/keyboard_control': DEBUGINFOD_URLS=https://debuginfod.ubuntu.com PYTHONPATH=/home/roamio42/Desktop/mic_control/src/build/keyboard_control/prefix_override:/usr/lib/python3/dist-packages/colcon_core/task/python/colcon_distutils_commands:/home/roamio42/Desktop/mic_control/src/install/keyboard_control/lib/python3.12/site-packages:${PYTHONPATH} /usr/bin/python3 -W ignore:setup.py install is deprecated -W ignore:easy_install command is deprecated setup.py egg_info --egg-base ../build/keyboard_control build --build-base /home/roamio42/Desktop/mic_control/src/build/keyboard_control/build install --record /home/roamio42/Desktop/mic_control/src/build/keyboard_control/install.log --single-version-externally-managed install_data
[3.304s] DEBUG:colcon.colcon_core.event_handler.log_command:Invoked command in '/home/roamio42/Desktop/mic_control/src/keyboard_control' returned '0': DEBUGINFOD_URLS=https://debuginfod.ubuntu.com PYTHONPATH=/home/roamio42/Desktop/mic_control/src/build/keyboard_control/prefix_override:/usr/lib/python3/dist-packages/colcon_core/task/python/colcon_distutils_commands:/home/roamio42/Desktop/mic_control/src/install/keyboard_control/lib/python3.12/site-packages:${PYTHONPATH} /usr/bin/python3 -W ignore:setup.py install is deprecated -W ignore:easy_install command is deprecated setup.py egg_info --egg-base ../build/keyboard_control build --build-base /home/roamio42/Desktop/mic_control/src/build/keyboard_control/build install --record /home/roamio42/Desktop/mic_control/src/build/keyboard_control/install.log --single-version-externally-managed install_data
[3.312s] Level 1:colcon.colcon_core.environment:checking '/home/roamio42/Desktop/mic_control/src/install/keyboard_control' for CMake module files
[3.324s] Level 1:colcon.colcon_core.environment:checking '/home/roamio42/Desktop/mic_control/src/install/keyboard_control' for CMake config files
[3.325s] Level 1:colcon.colcon_core.environment:checking '/home/roamio42/Desktop/mic_control/src/install/keyboard_control/lib'
[3.326s] Level 1:colcon.colcon_core.environment:checking '/home/roamio42/Desktop/mic_control/src/install/keyboard_control/bin'
[3.326s] Level 1:colcon.colcon_core.environment:checking '/home/roamio42/Desktop/mic_control/src/install/keyboard_control/lib/pkgconfig/keyboard_control.pc'
[3.326s] Level 1:colcon.colcon_core.environment:checking '/home/roamio42/Desktop/mic_control/src/install/keyboard_control/lib/python3.12/site-packages'
[3.327s] Level 1:colcon.colcon_core.shell:create_environment_hook('keyboard_control', 'pythonpath')
[3.327s] INFO:colcon.colcon_core.shell:Creating environment hook '/home/roamio42/Desktop/mic_control/src/install/keyboard_control/share/keyboard_control/hook/pythonpath.ps1'
[3.328s] INFO:colcon.colcon_core.shell:Creating environment descriptor '/home/roamio42/Desktop/mic_control/src/install/keyboard_control/share/keyboard_control/hook/pythonpath.dsv'
[3.329s] INFO:colcon.colcon_core.shell:Creating environment hook '/home/roamio42/Desktop/mic_control/src/install/keyboard_control/share/keyboard_control/hook/pythonpath.sh'
[3.331s] Level 1:colcon.colcon_core.environment:checking '/home/roamio42/Desktop/mic_control/src/install/keyboard_control/bin'
[3.331s] Level 1:colcon.colcon_core.environment:create_environment_scripts_only(keyboard_control)
[3.332s] INFO:colcon.colcon_core.shell:Creating package script '/home/roamio42/Desktop/mic_control/src/install/keyboard_control/share/keyboard_control/package.ps1'
[3.334s] INFO:colcon.colcon_core.shell:Creating package descriptor '/home/roamio42/Desktop/mic_control/src/install/keyboard_control/share/keyboard_control/package.dsv'
[3.335s] INFO:colcon.colcon_core.shell:Creating package script '/home/roamio42/Desktop/mic_control/src/install/keyboard_control/share/keyboard_control/package.sh'
[3.336s] INFO:colcon.colcon_core.shell:Creating package script '/home/roamio42/Desktop/mic_control/src/install/keyboard_control/share/keyboard_control/package.bash'
[3.338s] INFO:colcon.colcon_core.shell:Creating package script '/home/roamio42/Desktop/mic_control/src/install/keyboard_control/share/keyboard_control/package.zsh'
[3.341s] Level 1:colcon.colcon_core.environment:create_file_with_runtime_dependencies(/home/roamio42/Desktop/mic_control/src/install/keyboard_control/share/colcon-core/packages/keyboard_control)
[3.343s] DEBUG:colcon.colcon_parallel_executor.executor.parallel:closing loop
[3.346s] DEBUG:colcon.colcon_parallel_executor.executor.parallel:loop closed
[3.346s] DEBUG:colcon.colcon_parallel_executor.executor.parallel:run_until_complete finished with '0'
[3.347s] DEBUG:colcon.colcon_core.event_reactor:joining thread
[3.363s] INFO:colcon.colcon_core.plugin_system:Skipping extension 'colcon_notification.desktop_notification.terminal_notifier': Not used on non-Darwin systems
[3.364s] INFO:colcon.colcon_core.plugin_system:Skipping extension 'colcon_notification.desktop_notification.win32': Not used on non-Windows systems
[3.364s] INFO:colcon.colcon_notification.desktop_notification:Sending desktop notification using 'notify2'
[3.408s] DEBUG:colcon.colcon_core.event_reactor:joined thread
[3.409s] INFO:colcon.colcon_core.shell:Creating prefix script '/home/roamio42/Desktop/mic_control/src/install/local_setup.ps1'
[3.411s] INFO:colcon.colcon_core.shell:Creating prefix util module '/home/roamio42/Desktop/mic_control/src/install/_local_setup_util_ps1.py'
[3.413s] INFO:colcon.colcon_core.shell:Creating prefix chain script '/home/roamio42/Desktop/mic_control/src/install/setup.ps1'
[3.416s] INFO:colcon.colcon_core.shell:Creating prefix script '/home/roamio42/Desktop/mic_control/src/install/local_setup.sh'
[3.426s] INFO:colcon.colcon_core.shell:Creating prefix util module '/home/roamio42/Desktop/mic_control/src/install/_local_setup_util_sh.py'
[3.431s] INFO:colcon.colcon_core.shell:Creating prefix chain script '/home/roamio42/Desktop/mic_control/src/install/setup.sh'
[3.440s] INFO:colcon.colcon_core.shell:Creating prefix script '/home/roamio42/Desktop/mic_control/src/install/local_setup.bash'
[3.444s] INFO:colcon.colcon_core.shell:Creating prefix chain script '/home/roamio42/Desktop/mic_control/src/install/setup.bash'
[3.455s] INFO:colcon.colcon_core.shell:Creating prefix script '/home/roamio42/Desktop/mic_control/src/install/local_setup.zsh'
[3.456s] INFO:colcon.colcon_core.shell:Creating prefix chain script '/home/roamio42/Desktop/mic_control/src/install/setup.zsh'
