[0.049s] Invoking command in '/home/roamio42/Desktop/mic_control/build/audio_common_msgs': CMAKE_PREFIX_PATH=${CMAKE_PREFIX_PATH}:/home/roamio42/Desktop/mic_control/install/respeaker_ros:/opt/ros/jazzy DEBUGINFOD_URLS=https://debuginfod.ubuntu.com /usr/bin/cmake --build /home/roamio42/Desktop/mic_control/build/audio_common_msgs -- -j4 -l4
[0.472s] [  1%] Built target audio_common_msgs__rosidl_generator_type_description
[0.473s] [  1%] Built target ament_cmake_python_copy_audio_common_msgs
[0.473s] [  3%] Built target audio_common_msgs__cpp
[0.473s] [ 24%] Built target audio_common_msgs__rosidl_generator_c
[0.544s] [ 33%] Built target audio_common_msgs__rosidl_typesupport_c
[0.601s] [ 42%] Built target audio_common_msgs__rosidl_typesupport_fastrtps_cpp
[0.609s] [ 51%] Built target audio_common_msgs__rosidl_typesupport_introspection_cpp
[0.638s] [ 61%] Built target audio_common_msgs__rosidl_typesupport_cpp
[0.685s] [ 70%] Built target audio_common_msgs__rosidl_typesupport_introspection_c
[0.692s] [ 79%] Built target audio_common_msgs__rosidl_typesupport_fastrtps_c
[0.741s] [ 79%] Built target audio_common_msgs
[0.795s] [ 81%] Built target audio_common_msgs__py
[0.878s] [ 88%] Built target audio_common_msgs__rosidl_generator_py
[0.952s] [ 92%] Built target audio_common_msgs_s__rosidl_typesupport_introspection_c
[0.953s] [ 96%] Built target audio_common_msgs_s__rosidl_typesupport_fastrtps_c
[0.959s] [100%] Built target audio_common_msgs_s__rosidl_typesupport_c
[1.364s] running egg_info
[1.396s] writing audio_common_msgs.egg-info/PKG-INFO
[1.399s] writing dependency_links to audio_common_msgs.egg-info/dependency_links.txt
[1.405s] writing top-level names to audio_common_msgs.egg-info/top_level.txt
[1.550s] reading manifest file 'audio_common_msgs.egg-info/SOURCES.txt'
[1.550s] writing manifest file 'audio_common_msgs.egg-info/SOURCES.txt'
[1.730s] [100%] Built target ament_cmake_python_build_audio_common_msgs_egg
[1.786s] Invoked command in '/home/roamio42/Desktop/mic_control/build/audio_common_msgs' returned '0': CMAKE_PREFIX_PATH=${CMAKE_PREFIX_PATH}:/home/roamio42/Desktop/mic_control/install/respeaker_ros:/opt/ros/jazzy DEBUGINFOD_URLS=https://debuginfod.ubuntu.com /usr/bin/cmake --build /home/roamio42/Desktop/mic_control/build/audio_common_msgs -- -j4 -l4
[1.856s] Invoking command in '/home/roamio42/Desktop/mic_control/build/audio_common_msgs': CMAKE_PREFIX_PATH=${CMAKE_PREFIX_PATH}:/home/roamio42/Desktop/mic_control/install/respeaker_ros:/opt/ros/jazzy DEBUGINFOD_URLS=https://debuginfod.ubuntu.com /usr/bin/cmake --install /home/roamio42/Desktop/mic_control/build/audio_common_msgs
[1.894s] -- Install configuration: ""
[1.899s] -- Up-to-date: /home/roamio42/Desktop/mic_control/install/audio_common_msgs/share/ament_index/resource_index/rosidl_interfaces/audio_common_msgs
[1.900s] -- Up-to-date: /home/roamio42/Desktop/mic_control/install/audio_common_msgs/share/audio_common_msgs/msg/AudioData.json
[1.900s] -- Up-to-date: /home/roamio42/Desktop/mic_control/install/audio_common_msgs/share/audio_common_msgs/msg/AudioDataStamped.json
[1.900s] -- Up-to-date: /home/roamio42/Desktop/mic_control/install/audio_common_msgs/share/audio_common_msgs/msg/AudioInfo.json
[1.900s] -- Up-to-date: /home/roamio42/Desktop/mic_control/install/audio_common_msgs/include/audio_common_msgs/audio_common_msgs
[1.901s] -- Up-to-date: /home/roamio42/Desktop/mic_control/install/audio_common_msgs/include/audio_common_msgs/audio_common_msgs/msg
[1.901s] -- Up-to-date: /home/roamio42/Desktop/mic_control/install/audio_common_msgs/include/audio_common_msgs/audio_common_msgs/msg/audio_data.h
[1.903s] -- Up-to-date: /home/roamio42/Desktop/mic_control/install/audio_common_msgs/include/audio_common_msgs/audio_common_msgs/msg/audio_data_stamped.h
[1.905s] -- Up-to-date: /home/roamio42/Desktop/mic_control/install/audio_common_msgs/include/audio_common_msgs/audio_common_msgs/msg/rosidl_generator_c__visibility_control.h
[1.908s] -- Up-to-date: /home/roamio42/Desktop/mic_control/install/audio_common_msgs/include/audio_common_msgs/audio_common_msgs/msg/detail
[1.908s] -- Up-to-date: /home/roamio42/Desktop/mic_control/install/audio_common_msgs/include/audio_common_msgs/audio_common_msgs/msg/detail/audio_data__functions.c
[1.909s] -- Up-to-date: /home/roamio42/Desktop/mic_control/install/audio_common_msgs/include/audio_common_msgs/audio_common_msgs/msg/detail/audio_info__description.c
[1.909s] -- Up-to-date: /home/roamio42/Desktop/mic_control/install/audio_common_msgs/include/audio_common_msgs/audio_common_msgs/msg/detail/audio_data__struct.h
[1.909s] -- Up-to-date: /home/roamio42/Desktop/mic_control/install/audio_common_msgs/include/audio_common_msgs/audio_common_msgs/msg/detail/audio_data_stamped__functions.h
[1.911s] -- Up-to-date: /home/roamio42/Desktop/mic_control/install/audio_common_msgs/include/audio_common_msgs/audio_common_msgs/msg/detail/audio_info__struct.h
[1.911s] -- Up-to-date: /home/roamio42/Desktop/mic_control/install/audio_common_msgs/include/audio_common_msgs/audio_common_msgs/msg/detail/audio_data_stamped__description.c
[1.914s] -- Up-to-date: /home/roamio42/Desktop/mic_control/install/audio_common_msgs/include/audio_common_msgs/audio_common_msgs/msg/detail/audio_data_stamped__functions.c
[1.914s] -- Up-to-date: /home/roamio42/Desktop/mic_control/install/audio_common_msgs/include/audio_common_msgs/audio_common_msgs/msg/detail/audio_data__description.c
[1.914s] -- Installing: /home/roamio42/Desktop/mic_control/install/audio_common_msgs/include/audio_common_msgs/audio_common_msgs/msg/detail/audio_info__type_support.c
[1.914s] -- Up-to-date: /home/roamio42/Desktop/mic_control/install/audio_common_msgs/include/audio_common_msgs/audio_common_msgs/msg/detail/audio_info__type_support.h
[1.915s] -- Installing: /home/roamio42/Desktop/mic_control/install/audio_common_msgs/include/audio_common_msgs/audio_common_msgs/msg/detail/audio_data_stamped__type_support.c
[1.915s] -- Up-to-date: /home/roamio42/Desktop/mic_control/install/audio_common_msgs/include/audio_common_msgs/audio_common_msgs/msg/detail/audio_data__type_support.h
[1.915s] -- Up-to-date: /home/roamio42/Desktop/mic_control/install/audio_common_msgs/include/audio_common_msgs/audio_common_msgs/msg/detail/audio_info__functions.h
[1.915s] -- Up-to-date: /home/roamio42/Desktop/mic_control/install/audio_common_msgs/include/audio_common_msgs/audio_common_msgs/msg/detail/audio_data__functions.h
[1.915s] -- Up-to-date: /home/roamio42/Desktop/mic_control/install/audio_common_msgs/include/audio_common_msgs/audio_common_msgs/msg/detail/audio_data_stamped__type_support.h
[1.916s] -- Up-to-date: /home/roamio42/Desktop/mic_control/install/audio_common_msgs/include/audio_common_msgs/audio_common_msgs/msg/detail/audio_info__functions.c
[1.916s] -- Installing: /home/roamio42/Desktop/mic_control/install/audio_common_msgs/include/audio_common_msgs/audio_common_msgs/msg/detail/audio_data__type_support.c
[1.916s] -- Up-to-date: /home/roamio42/Desktop/mic_control/install/audio_common_msgs/include/audio_common_msgs/audio_common_msgs/msg/detail/audio_data_stamped__struct.h
[1.916s] -- Up-to-date: /home/roamio42/Desktop/mic_control/install/audio_common_msgs/include/audio_common_msgs/audio_common_msgs/msg/audio_info.h
[1.916s] -- Up-to-date: /home/roamio42/Desktop/mic_control/install/audio_common_msgs/share/audio_common_msgs/environment/library_path.sh
[1.916s] -- Up-to-date: /home/roamio42/Desktop/mic_control/install/audio_common_msgs/share/audio_common_msgs/environment/library_path.dsv
[1.916s] -- Up-to-date: /home/roamio42/Desktop/mic_control/install/audio_common_msgs/lib/libaudio_common_msgs__rosidl_generator_c.so
[1.917s] -- Up-to-date: /home/roamio42/Desktop/mic_control/install/audio_common_msgs/include/audio_common_msgs/audio_common_msgs
[1.917s] -- Up-to-date: /home/roamio42/Desktop/mic_control/install/audio_common_msgs/include/audio_common_msgs/audio_common_msgs/msg
[1.917s] -- Up-to-date: /home/roamio42/Desktop/mic_control/install/audio_common_msgs/include/audio_common_msgs/audio_common_msgs/msg/rosidl_typesupport_fastrtps_c__visibility_control.h
[1.917s] -- Up-to-date: /home/roamio42/Desktop/mic_control/install/audio_common_msgs/include/audio_common_msgs/audio_common_msgs/msg/detail
[1.917s] -- Up-to-date: /home/roamio42/Desktop/mic_control/install/audio_common_msgs/include/audio_common_msgs/audio_common_msgs/msg/detail/audio_info__rosidl_typesupport_fastrtps_c.h
[1.917s] -- Up-to-date: /home/roamio42/Desktop/mic_control/install/audio_common_msgs/include/audio_common_msgs/audio_common_msgs/msg/detail/audio_data_stamped__rosidl_typesupport_fastrtps_c.h
[1.917s] -- Up-to-date: /home/roamio42/Desktop/mic_control/install/audio_common_msgs/include/audio_common_msgs/audio_common_msgs/msg/detail/audio_data__rosidl_typesupport_fastrtps_c.h
[1.922s] -- Up-to-date: /home/roamio42/Desktop/mic_control/install/audio_common_msgs/lib/libaudio_common_msgs__rosidl_typesupport_fastrtps_c.so
[1.922s] -- Up-to-date: /home/roamio42/Desktop/mic_control/install/audio_common_msgs/include/audio_common_msgs/audio_common_msgs
[1.922s] -- Up-to-date: /home/roamio42/Desktop/mic_control/install/audio_common_msgs/include/audio_common_msgs/audio_common_msgs/msg
[1.922s] -- Up-to-date: /home/roamio42/Desktop/mic_control/install/audio_common_msgs/include/audio_common_msgs/audio_common_msgs/msg/detail
[1.923s] -- Up-to-date: /home/roamio42/Desktop/mic_control/install/audio_common_msgs/include/audio_common_msgs/audio_common_msgs/msg/detail/audio_info__rosidl_typesupport_introspection_c.h
[1.923s] -- Installing: /home/roamio42/Desktop/mic_control/install/audio_common_msgs/include/audio_common_msgs/audio_common_msgs/msg/detail/audio_info__type_support.c
[1.923s] -- Installing: /home/roamio42/Desktop/mic_control/install/audio_common_msgs/include/audio_common_msgs/audio_common_msgs/msg/detail/audio_data_stamped__type_support.c
[1.923s] -- Up-to-date: /home/roamio42/Desktop/mic_control/install/audio_common_msgs/include/audio_common_msgs/audio_common_msgs/msg/detail/audio_data_stamped__rosidl_typesupport_introspection_c.h
[1.923s] -- Up-to-date: /home/roamio42/Desktop/mic_control/install/audio_common_msgs/include/audio_common_msgs/audio_common_msgs/msg/detail/audio_data__rosidl_typesupport_introspection_c.h
[1.923s] -- Installing: /home/roamio42/Desktop/mic_control/install/audio_common_msgs/include/audio_common_msgs/audio_common_msgs/msg/detail/audio_data__type_support.c
[1.924s] -- Up-to-date: /home/roamio42/Desktop/mic_control/install/audio_common_msgs/include/audio_common_msgs/audio_common_msgs/msg/rosidl_typesupport_introspection_c__visibility_control.h
[1.924s] -- Up-to-date: /home/roamio42/Desktop/mic_control/install/audio_common_msgs/lib/libaudio_common_msgs__rosidl_typesupport_introspection_c.so
[1.924s] -- Up-to-date: /home/roamio42/Desktop/mic_control/install/audio_common_msgs/lib/libaudio_common_msgs__rosidl_typesupport_c.so
[1.924s] -- Up-to-date: /home/roamio42/Desktop/mic_control/install/audio_common_msgs/include/audio_common_msgs/audio_common_msgs
[1.924s] -- Up-to-date: /home/roamio42/Desktop/mic_control/install/audio_common_msgs/include/audio_common_msgs/audio_common_msgs/msg
[1.924s] -- Up-to-date: /home/roamio42/Desktop/mic_control/install/audio_common_msgs/include/audio_common_msgs/audio_common_msgs/msg/audio_data.hpp
[1.924s] -- Up-to-date: /home/roamio42/Desktop/mic_control/install/audio_common_msgs/include/audio_common_msgs/audio_common_msgs/msg/detail
[1.924s] -- Up-to-date: /home/roamio42/Desktop/mic_control/install/audio_common_msgs/include/audio_common_msgs/audio_common_msgs/msg/detail/audio_data_stamped__struct.hpp
[1.928s] -- Up-to-date: /home/roamio42/Desktop/mic_control/install/audio_common_msgs/include/audio_common_msgs/audio_common_msgs/msg/detail/audio_data__builder.hpp
[1.929s] -- Up-to-date: /home/roamio42/Desktop/mic_control/install/audio_common_msgs/include/audio_common_msgs/audio_common_msgs/msg/detail/audio_info__type_support.hpp
[1.929s] -- Up-to-date: /home/roamio42/Desktop/mic_control/install/audio_common_msgs/include/audio_common_msgs/audio_common_msgs/msg/detail/audio_data_stamped__type_support.hpp
[1.929s] -- Up-to-date: /home/roamio42/Desktop/mic_control/install/audio_common_msgs/include/audio_common_msgs/audio_common_msgs/msg/detail/audio_info__struct.hpp
[1.930s] -- Up-to-date: /home/roamio42/Desktop/mic_control/install/audio_common_msgs/include/audio_common_msgs/audio_common_msgs/msg/detail/audio_data__type_support.hpp
[1.930s] -- Up-to-date: /home/roamio42/Desktop/mic_control/install/audio_common_msgs/include/audio_common_msgs/audio_common_msgs/msg/detail/audio_info__traits.hpp
[1.930s] -- Up-to-date: /home/roamio42/Desktop/mic_control/install/audio_common_msgs/include/audio_common_msgs/audio_common_msgs/msg/detail/audio_data_stamped__builder.hpp
[1.930s] -- Up-to-date: /home/roamio42/Desktop/mic_control/install/audio_common_msgs/include/audio_common_msgs/audio_common_msgs/msg/detail/audio_data__struct.hpp
[1.930s] -- Up-to-date: /home/roamio42/Desktop/mic_control/install/audio_common_msgs/include/audio_common_msgs/audio_common_msgs/msg/detail/audio_data__traits.hpp
[1.930s] -- Up-to-date: /home/roamio42/Desktop/mic_control/install/audio_common_msgs/include/audio_common_msgs/audio_common_msgs/msg/detail/audio_info__builder.hpp
[1.930s] -- Up-to-date: /home/roamio42/Desktop/mic_control/install/audio_common_msgs/include/audio_common_msgs/audio_common_msgs/msg/detail/audio_data_stamped__traits.hpp
[1.934s] -- Up-to-date: /home/roamio42/Desktop/mic_control/install/audio_common_msgs/include/audio_common_msgs/audio_common_msgs/msg/audio_data_stamped.hpp
[1.934s] -- Up-to-date: /home/roamio42/Desktop/mic_control/install/audio_common_msgs/include/audio_common_msgs/audio_common_msgs/msg/rosidl_generator_cpp__visibility_control.hpp
[1.934s] -- Up-to-date: /home/roamio42/Desktop/mic_control/install/audio_common_msgs/include/audio_common_msgs/audio_common_msgs/msg/audio_info.hpp
[1.934s] -- Up-to-date: /home/roamio42/Desktop/mic_control/install/audio_common_msgs/include/audio_common_msgs/audio_common_msgs
[1.935s] -- Up-to-date: /home/roamio42/Desktop/mic_control/install/audio_common_msgs/include/audio_common_msgs/audio_common_msgs/msg
[1.935s] -- Up-to-date: /home/roamio42/Desktop/mic_control/install/audio_common_msgs/include/audio_common_msgs/audio_common_msgs/msg/detail
[1.935s] -- Up-to-date: /home/roamio42/Desktop/mic_control/install/audio_common_msgs/include/audio_common_msgs/audio_common_msgs/msg/detail/audio_data__rosidl_typesupport_fastrtps_cpp.hpp
[1.935s] -- Up-to-date: /home/roamio42/Desktop/mic_control/install/audio_common_msgs/include/audio_common_msgs/audio_common_msgs/msg/detail/dds_fastrtps
[1.937s] -- Up-to-date: /home/roamio42/Desktop/mic_control/install/audio_common_msgs/include/audio_common_msgs/audio_common_msgs/msg/detail/audio_data_stamped__rosidl_typesupport_fastrtps_cpp.hpp
[1.938s] -- Up-to-date: /home/roamio42/Desktop/mic_control/install/audio_common_msgs/include/audio_common_msgs/audio_common_msgs/msg/detail/audio_info__rosidl_typesupport_fastrtps_cpp.hpp
[1.938s] -- Up-to-date: /home/roamio42/Desktop/mic_control/install/audio_common_msgs/include/audio_common_msgs/audio_common_msgs/msg/rosidl_typesupport_fastrtps_cpp__visibility_control.h
[1.938s] -- Up-to-date: /home/roamio42/Desktop/mic_control/install/audio_common_msgs/lib/libaudio_common_msgs__rosidl_typesupport_fastrtps_cpp.so
[1.938s] -- Up-to-date: /home/roamio42/Desktop/mic_control/install/audio_common_msgs/include/audio_common_msgs/audio_common_msgs
[1.939s] -- Up-to-date: /home/roamio42/Desktop/mic_control/install/audio_common_msgs/include/audio_common_msgs/audio_common_msgs/msg
[1.939s] -- Up-to-date: /home/roamio42/Desktop/mic_control/install/audio_common_msgs/include/audio_common_msgs/audio_common_msgs/msg/detail
[1.939s] -- Up-to-date: /home/roamio42/Desktop/mic_control/install/audio_common_msgs/include/audio_common_msgs/audio_common_msgs/msg/detail/audio_data__rosidl_typesupport_introspection_cpp.hpp
[1.939s] -- Up-to-date: /home/roamio42/Desktop/mic_control/install/audio_common_msgs/include/audio_common_msgs/audio_common_msgs/msg/detail/audio_data_stamped__rosidl_typesupport_introspection_cpp.hpp
[1.939s] -- Up-to-date: /home/roamio42/Desktop/mic_control/install/audio_common_msgs/include/audio_common_msgs/audio_common_msgs/msg/detail/audio_info__rosidl_typesupport_introspection_cpp.hpp
[1.939s] -- Up-to-date: /home/roamio42/Desktop/mic_control/install/audio_common_msgs/include/audio_common_msgs/audio_common_msgs/msg/detail/audio_info__type_support.cpp
[1.940s] -- Up-to-date: /home/roamio42/Desktop/mic_control/install/audio_common_msgs/include/audio_common_msgs/audio_common_msgs/msg/detail/audio_data_stamped__type_support.cpp
[1.940s] -- Up-to-date: /home/roamio42/Desktop/mic_control/install/audio_common_msgs/include/audio_common_msgs/audio_common_msgs/msg/detail/audio_data__type_support.cpp
[1.940s] -- Up-to-date: /home/roamio42/Desktop/mic_control/install/audio_common_msgs/lib/libaudio_common_msgs__rosidl_typesupport_introspection_cpp.so
[1.947s] -- Up-to-date: /home/roamio42/Desktop/mic_control/install/audio_common_msgs/lib/libaudio_common_msgs__rosidl_typesupport_cpp.so
[1.947s] -- Up-to-date: /home/roamio42/Desktop/mic_control/install/audio_common_msgs/share/audio_common_msgs/environment/pythonpath.sh
[1.948s] -- Up-to-date: /home/roamio42/Desktop/mic_control/install/audio_common_msgs/share/audio_common_msgs/environment/pythonpath.dsv
[1.948s] -- Up-to-date: /home/roamio42/Desktop/mic_control/install/audio_common_msgs/lib/python3.12/site-packages/audio_common_msgs-0.3.12-py3.12.egg-info
[1.948s] -- Installing: /home/roamio42/Desktop/mic_control/install/audio_common_msgs/lib/python3.12/site-packages/audio_common_msgs-0.3.12-py3.12.egg-info/dependency_links.txt
[1.950s] -- Installing: /home/roamio42/Desktop/mic_control/install/audio_common_msgs/lib/python3.12/site-packages/audio_common_msgs-0.3.12-py3.12.egg-info/PKG-INFO
[1.953s] -- Installing: /home/roamio42/Desktop/mic_control/install/audio_common_msgs/lib/python3.12/site-packages/audio_common_msgs-0.3.12-py3.12.egg-info/top_level.txt
[1.954s] -- Installing: /home/roamio42/Desktop/mic_control/install/audio_common_msgs/lib/python3.12/site-packages/audio_common_msgs-0.3.12-py3.12.egg-info/SOURCES.txt
[1.954s] -- Up-to-date: /home/roamio42/Desktop/mic_control/install/audio_common_msgs/lib/python3.12/site-packages/audio_common_msgs
[1.956s] -- Up-to-date: /home/roamio42/Desktop/mic_control/install/audio_common_msgs/lib/python3.12/site-packages/audio_common_msgs/audio_common_msgs_s__rosidl_typesupport_fastrtps_c.so
[1.956s] -- Up-to-date: /home/roamio42/Desktop/mic_control/install/audio_common_msgs/lib/python3.12/site-packages/audio_common_msgs/_audio_common_msgs_s.ep.rosidl_typesupport_fastrtps_c.c
[1.956s] -- Up-to-date: /home/roamio42/Desktop/mic_control/install/audio_common_msgs/lib/python3.12/site-packages/audio_common_msgs/__init__.py
[1.957s] -- Up-to-date: /home/roamio42/Desktop/mic_control/install/audio_common_msgs/lib/python3.12/site-packages/audio_common_msgs/msg
[1.957s] -- Up-to-date: /home/roamio42/Desktop/mic_control/install/audio_common_msgs/lib/python3.12/site-packages/audio_common_msgs/msg/_audio_info.py
[1.957s] -- Up-to-date: /home/roamio42/Desktop/mic_control/install/audio_common_msgs/lib/python3.12/site-packages/audio_common_msgs/msg/_audio_data_stamped.py
[1.958s] -- Up-to-date: /home/roamio42/Desktop/mic_control/install/audio_common_msgs/lib/python3.12/site-packages/audio_common_msgs/msg/_audio_data_s.c
[1.958s] -- Up-to-date: /home/roamio42/Desktop/mic_control/install/audio_common_msgs/lib/python3.12/site-packages/audio_common_msgs/msg/_audio_data.py
[1.958s] -- Up-to-date: /home/roamio42/Desktop/mic_control/install/audio_common_msgs/lib/python3.12/site-packages/audio_common_msgs/msg/__init__.py
[1.961s] -- Up-to-date: /home/roamio42/Desktop/mic_control/install/audio_common_msgs/lib/python3.12/site-packages/audio_common_msgs/msg/_audio_info_s.c
[1.961s] -- Up-to-date: /home/roamio42/Desktop/mic_control/install/audio_common_msgs/lib/python3.12/site-packages/audio_common_msgs/msg/_audio_data_stamped_s.c
[1.961s] -- Up-to-date: /home/roamio42/Desktop/mic_control/install/audio_common_msgs/lib/python3.12/site-packages/audio_common_msgs/_audio_common_msgs_s.ep.rosidl_typesupport_introspection_c.c
[1.961s] -- Up-to-date: /home/roamio42/Desktop/mic_control/install/audio_common_msgs/lib/python3.12/site-packages/audio_common_msgs/audio_common_msgs_s__rosidl_typesupport_introspection_c.so
[1.963s] -- Up-to-date: /home/roamio42/Desktop/mic_control/install/audio_common_msgs/lib/python3.12/site-packages/audio_common_msgs/_audio_common_msgs_s.ep.rosidl_typesupport_c.c
[1.963s] -- Up-to-date: /home/roamio42/Desktop/mic_control/install/audio_common_msgs/lib/python3.12/site-packages/audio_common_msgs/audio_common_msgs_s__rosidl_typesupport_c.so
[2.199s] Listing '/home/roamio42/Desktop/mic_control/install/audio_common_msgs/lib/python3.12/site-packages/audio_common_msgs'...
[2.199s] Listing '/home/roamio42/Desktop/mic_control/install/audio_common_msgs/lib/python3.12/site-packages/audio_common_msgs/msg'...
[2.262s] -- Up-to-date: /home/roamio42/Desktop/mic_control/install/audio_common_msgs/lib/python3.12/site-packages/audio_common_msgs/audio_common_msgs_s__rosidl_typesupport_fastrtps_c.so
[2.264s] -- Up-to-date: /home/roamio42/Desktop/mic_control/install/audio_common_msgs/lib/python3.12/site-packages/audio_common_msgs/audio_common_msgs_s__rosidl_typesupport_introspection_c.so
[2.265s] -- Up-to-date: /home/roamio42/Desktop/mic_control/install/audio_common_msgs/lib/python3.12/site-packages/audio_common_msgs/audio_common_msgs_s__rosidl_typesupport_c.so
[2.265s] -- Up-to-date: /home/roamio42/Desktop/mic_control/install/audio_common_msgs/lib/libaudio_common_msgs__rosidl_generator_py.so
[2.266s] -- Up-to-date: /home/roamio42/Desktop/mic_control/install/audio_common_msgs/share/audio_common_msgs/msg/AudioData.idl
[2.270s] -- Up-to-date: /home/roamio42/Desktop/mic_control/install/audio_common_msgs/share/audio_common_msgs/msg/AudioDataStamped.idl
[2.270s] -- Up-to-date: /home/roamio42/Desktop/mic_control/install/audio_common_msgs/share/audio_common_msgs/msg/AudioInfo.idl
[2.270s] -- Up-to-date: /home/roamio42/Desktop/mic_control/install/audio_common_msgs/share/audio_common_msgs/msg/AudioData.msg
[2.270s] -- Up-to-date: /home/roamio42/Desktop/mic_control/install/audio_common_msgs/share/audio_common_msgs/msg/AudioDataStamped.msg
[2.271s] -- Up-to-date: /home/roamio42/Desktop/mic_control/install/audio_common_msgs/share/audio_common_msgs/msg/AudioInfo.msg
[2.271s] -- Up-to-date: /home/roamio42/Desktop/mic_control/install/audio_common_msgs/share/ament_index/resource_index/package_run_dependencies/audio_common_msgs
[2.271s] -- Up-to-date: /home/roamio42/Desktop/mic_control/install/audio_common_msgs/share/ament_index/resource_index/parent_prefix_path/audio_common_msgs
[2.271s] -- Up-to-date: /home/roamio42/Desktop/mic_control/install/audio_common_msgs/share/audio_common_msgs/environment/ament_prefix_path.sh
[2.271s] -- Up-to-date: /home/roamio42/Desktop/mic_control/install/audio_common_msgs/share/audio_common_msgs/environment/ament_prefix_path.dsv
[2.271s] -- Up-to-date: /home/roamio42/Desktop/mic_control/install/audio_common_msgs/share/audio_common_msgs/environment/path.sh
[2.271s] -- Up-to-date: /home/roamio42/Desktop/mic_control/install/audio_common_msgs/share/audio_common_msgs/environment/path.dsv
[2.271s] -- Up-to-date: /home/roamio42/Desktop/mic_control/install/audio_common_msgs/share/audio_common_msgs/local_setup.bash
[2.271s] -- Up-to-date: /home/roamio42/Desktop/mic_control/install/audio_common_msgs/share/audio_common_msgs/local_setup.sh
[2.272s] -- Up-to-date: /home/roamio42/Desktop/mic_control/install/audio_common_msgs/share/audio_common_msgs/local_setup.zsh
[2.272s] -- Up-to-date: /home/roamio42/Desktop/mic_control/install/audio_common_msgs/share/audio_common_msgs/local_setup.dsv
[2.273s] -- Installing: /home/roamio42/Desktop/mic_control/install/audio_common_msgs/share/audio_common_msgs/package.dsv
[2.274s] -- Up-to-date: /home/roamio42/Desktop/mic_control/install/audio_common_msgs/share/ament_index/resource_index/packages/audio_common_msgs
[2.276s] -- Up-to-date: /home/roamio42/Desktop/mic_control/install/audio_common_msgs/share/audio_common_msgs/cmake/export_audio_common_msgs__rosidl_generator_cExport.cmake
[2.276s] -- Up-to-date: /home/roamio42/Desktop/mic_control/install/audio_common_msgs/share/audio_common_msgs/cmake/export_audio_common_msgs__rosidl_generator_cExport-noconfig.cmake
[2.276s] -- Up-to-date: /home/roamio42/Desktop/mic_control/install/audio_common_msgs/share/audio_common_msgs/cmake/export_audio_common_msgs__rosidl_typesupport_fastrtps_cExport.cmake
[2.276s] -- Up-to-date: /home/roamio42/Desktop/mic_control/install/audio_common_msgs/share/audio_common_msgs/cmake/export_audio_common_msgs__rosidl_typesupport_fastrtps_cExport-noconfig.cmake
[2.276s] -- Up-to-date: /home/roamio42/Desktop/mic_control/install/audio_common_msgs/share/audio_common_msgs/cmake/audio_common_msgs__rosidl_typesupport_introspection_cExport.cmake
[2.276s] -- Up-to-date: /home/roamio42/Desktop/mic_control/install/audio_common_msgs/share/audio_common_msgs/cmake/audio_common_msgs__rosidl_typesupport_introspection_cExport-noconfig.cmake
[2.276s] -- Up-to-date: /home/roamio42/Desktop/mic_control/install/audio_common_msgs/share/audio_common_msgs/cmake/audio_common_msgs__rosidl_typesupport_cExport.cmake
[2.276s] -- Up-to-date: /home/roamio42/Desktop/mic_control/install/audio_common_msgs/share/audio_common_msgs/cmake/audio_common_msgs__rosidl_typesupport_cExport-noconfig.cmake
[2.277s] -- Up-to-date: /home/roamio42/Desktop/mic_control/install/audio_common_msgs/share/audio_common_msgs/cmake/export_audio_common_msgs__rosidl_generator_cppExport.cmake
[2.277s] -- Up-to-date: /home/roamio42/Desktop/mic_control/install/audio_common_msgs/share/audio_common_msgs/cmake/export_audio_common_msgs__rosidl_typesupport_fastrtps_cppExport.cmake
[2.277s] -- Up-to-date: /home/roamio42/Desktop/mic_control/install/audio_common_msgs/share/audio_common_msgs/cmake/export_audio_common_msgs__rosidl_typesupport_fastrtps_cppExport-noconfig.cmake
[2.277s] -- Up-to-date: /home/roamio42/Desktop/mic_control/install/audio_common_msgs/share/audio_common_msgs/cmake/audio_common_msgs__rosidl_typesupport_introspection_cppExport.cmake
[2.277s] -- Up-to-date: /home/roamio42/Desktop/mic_control/install/audio_common_msgs/share/audio_common_msgs/cmake/audio_common_msgs__rosidl_typesupport_introspection_cppExport-noconfig.cmake
[2.277s] -- Up-to-date: /home/roamio42/Desktop/mic_control/install/audio_common_msgs/share/audio_common_msgs/cmake/audio_common_msgs__rosidl_typesupport_cppExport.cmake
[2.277s] -- Up-to-date: /home/roamio42/Desktop/mic_control/install/audio_common_msgs/share/audio_common_msgs/cmake/audio_common_msgs__rosidl_typesupport_cppExport-noconfig.cmake
[2.277s] -- Up-to-date: /home/roamio42/Desktop/mic_control/install/audio_common_msgs/share/audio_common_msgs/cmake/export_audio_common_msgs__rosidl_generator_pyExport.cmake
[2.277s] -- Up-to-date: /home/roamio42/Desktop/mic_control/install/audio_common_msgs/share/audio_common_msgs/cmake/export_audio_common_msgs__rosidl_generator_pyExport-noconfig.cmake
[2.280s] -- Up-to-date: /home/roamio42/Desktop/mic_control/install/audio_common_msgs/share/audio_common_msgs/cmake/rosidl_cmake-extras.cmake
[2.281s] -- Up-to-date: /home/roamio42/Desktop/mic_control/install/audio_common_msgs/share/audio_common_msgs/cmake/ament_cmake_export_dependencies-extras.cmake
[2.282s] -- Up-to-date: /home/roamio42/Desktop/mic_control/install/audio_common_msgs/share/audio_common_msgs/cmake/ament_cmake_export_include_directories-extras.cmake
[2.282s] -- Up-to-date: /home/roamio42/Desktop/mic_control/install/audio_common_msgs/share/audio_common_msgs/cmake/ament_cmake_export_libraries-extras.cmake
[2.282s] -- Up-to-date: /home/roamio42/Desktop/mic_control/install/audio_common_msgs/share/audio_common_msgs/cmake/ament_cmake_export_targets-extras.cmake
[2.282s] -- Up-to-date: /home/roamio42/Desktop/mic_control/install/audio_common_msgs/share/audio_common_msgs/cmake/rosidl_cmake_export_typesupport_targets-extras.cmake
[2.283s] -- Up-to-date: /home/roamio42/Desktop/mic_control/install/audio_common_msgs/share/audio_common_msgs/cmake/rosidl_cmake_export_typesupport_libraries-extras.cmake
[2.283s] -- Up-to-date: /home/roamio42/Desktop/mic_control/install/audio_common_msgs/share/audio_common_msgs/cmake/audio_common_msgsConfig.cmake
[2.283s] -- Up-to-date: /home/roamio42/Desktop/mic_control/install/audio_common_msgs/share/audio_common_msgs/cmake/audio_common_msgsConfig-version.cmake
[2.283s] -- Up-to-date: /home/roamio42/Desktop/mic_control/install/audio_common_msgs/share/audio_common_msgs/package.xml
[2.283s] Invoked command in '/home/roamio42/Desktop/mic_control/build/audio_common_msgs' returned '0': CMAKE_PREFIX_PATH=${CMAKE_PREFIX_PATH}:/home/roamio42/Desktop/mic_control/install/respeaker_ros:/opt/ros/jazzy DEBUGINFOD_URLS=https://debuginfod.ubuntu.com /usr/bin/cmake --install /home/roamio42/Desktop/mic_control/build/audio_common_msgs
