[1.480s] Invoking command in '/home/roamio42/Desktop/mic_control/src/respeaker_ros': CMAKE_PREFIX_PATH=/home/roamio42/Desktop/mic_control/install/audio_common_msgs:/home/roamio42/Desktop/mic_control/install/audio_play:/home/roamio42/Desktop/mic_control/install/audio_capture:/opt/ros/jazzy/opt/gz_sim_vendor:/opt/ros/jazzy/opt/gz_sensors_vendor:/opt/ros/jazzy/opt/gz_physics_vendor:/opt/ros/jazzy/opt/sdformat_vendor:/opt/ros/jazzy/opt/gz_gui_vendor:/opt/ros/jazzy/opt/gz_transport_vendor:/opt/ros/jazzy/opt/gz_rendering_vendor:/opt/ros/jazzy/opt/gz_plugin_vendor:/opt/ros/jazzy/opt/gz_fuel_tools_vendor:/opt/ros/jazzy/opt/gz_msgs_vendor:/opt/ros/jazzy/opt/gz_common_vendor:/opt/ros/jazzy/opt/gz_math_vendor:/opt/ros/jazzy/opt/gz_utils_vendor:/opt/ros/jazzy/opt/gz_tools_vendor:/opt/ros/jazzy/opt/gz_ogre_next_vendor:/opt/ros/jazzy/opt/gz_dartsim_vendor:/opt/ros/jazzy/opt/gz_cmake_vendor DEBUGINFOD_URLS=https://debuginfod.ubuntu.com LD_LIBRARY_PATH=/home/roamio42/Desktop/mic_control/install/audio_common_msgs/lib:/home/roamio42/Desktop/mic_control/install/audio_play/lib:/home/roamio42/Desktop/mic_control/install/audio_capture/lib:/opt/ros/jazzy/opt/gz_sim_vendor/lib:/opt/ros/jazzy/opt/gz_sensors_vendor/lib:/opt/ros/jazzy/opt/gz_physics_vendor/lib:/opt/ros/jazzy/opt/sdformat_vendor/lib:/opt/ros/jazzy/opt/rviz_ogre_vendor/lib:/opt/ros/jazzy/lib/aarch64-linux-gnu:/opt/ros/jazzy/opt/gz_gui_vendor/lib:/opt/ros/jazzy/opt/gz_transport_vendor/lib:/opt/ros/jazzy/opt/gz_rendering_vendor/lib:/opt/ros/jazzy/opt/gz_plugin_vendor/lib:/opt/ros/jazzy/opt/gz_fuel_tools_vendor/lib:/opt/ros/jazzy/opt/gz_msgs_vendor/lib:/opt/ros/jazzy/opt/gz_common_vendor/lib:/opt/ros/jazzy/opt/gz_math_vendor/lib:/opt/ros/jazzy/opt/gz_utils_vendor/lib:/opt/ros/jazzy/opt/gz_tools_vendor/lib:/opt/ros/jazzy/opt/gz_ogre_next_vendor/lib:/opt/ros/jazzy/opt/gz_dartsim_vendor/lib:/opt/ros/jazzy/opt/gz_cmake_vendor/lib:/opt/ros/jazzy/lib PYTHONPATH=/home/roamio42/Desktop/mic_control/build/respeaker_ros/prefix_override:/usr/lib/python3/dist-packages/colcon_core/task/python/colcon_distutils_commands:/home/roamio42/Desktop/mic_control/install/respeaker_ros/lib/python3.12/site-packages:/home/roamio42/Desktop/mic_control/install/audio_common_msgs/lib/python3.12/site-packages:/home/roamio42/Desktop/mic_control/install/respeaker_ros/lib/python3.12/site-packages:/home/roamio42/Desktop/mic_control/install/pixel-ring/lib/python3.12/site-packages:/home/roamio42/Desktop/mic_control/install/keyboard_control/lib/python3.12/site-packages:/home/roamio42/Desktop/mic_control/install/imu/lib/python3.12/site-packages:/opt/ros/jazzy/lib/python3.12/site-packages /usr/bin/python3 -W ignore:setup.py install is deprecated -W ignore:easy_install command is deprecated setup.py egg_info --egg-base ../../build/respeaker_ros build --build-base /home/roamio42/Desktop/mic_control/build/respeaker_ros/build install --record /home/roamio42/Desktop/mic_control/build/respeaker_ros/install.log --single-version-externally-managed install_data
[1.897s] running egg_info
[1.928s] writing ../../build/respeaker_ros/respeaker_ros.egg-info/PKG-INFO
[1.929s] writing dependency_links to ../../build/respeaker_ros/respeaker_ros.egg-info/dependency_links.txt
[1.935s] writing entry points to ../../build/respeaker_ros/respeaker_ros.egg-info/entry_points.txt
[1.936s] writing requirements to ../../build/respeaker_ros/respeaker_ros.egg-info/requires.txt
[1.937s] writing top-level names to ../../build/respeaker_ros/respeaker_ros.egg-info/top_level.txt
[2.002s] reading manifest file '../../build/respeaker_ros/respeaker_ros.egg-info/SOURCES.txt'
[2.002s] adding license file 'LICENSE'
[2.003s] writing manifest file '../../build/respeaker_ros/respeaker_ros.egg-info/SOURCES.txt'
[2.003s] running build
[2.003s] running build_py
[2.003s] copying respeaker_ros/doa_listener.py -> /home/roamio42/Desktop/mic_control/build/respeaker_ros/build/lib/respeaker_ros
[2.004s] running install
[2.014s] running install_lib
[2.045s] copying /home/roamio42/Desktop/mic_control/build/respeaker_ros/build/lib/respeaker_ros/doa_listener.py -> /home/roamio42/Desktop/mic_control/install/respeaker_ros/lib/python3.12/site-packages/respeaker_ros
[2.046s] byte-compiling /home/roamio42/Desktop/mic_control/install/respeaker_ros/lib/python3.12/site-packages/respeaker_ros/doa_listener_00.py to doa_listener_00.cpython-312.pyc
[2.048s] Sorry: IndentationError: unexpected indent (doa_listener_00.py, line 148)
[2.049s] byte-compiling /home/roamio42/Desktop/mic_control/install/respeaker_ros/lib/python3.12/site-packages/respeaker_ros/doa_listener.py to doa_listener.cpython-312.pyc
[2.052s] running install_data
[2.052s] running install_egg_info
[2.085s] removing '/home/roamio42/Desktop/mic_control/install/respeaker_ros/lib/python3.12/site-packages/respeaker_ros-1.0.0-py3.12.egg-info' (and everything under it)
[2.086s] Copying ../../build/respeaker_ros/respeaker_ros.egg-info to /home/roamio42/Desktop/mic_control/install/respeaker_ros/lib/python3.12/site-packages/respeaker_ros-1.0.0-py3.12.egg-info
[2.087s] running install_scripts
[2.293s] Installing doa_listener script to /home/roamio42/Desktop/mic_control/install/respeaker_ros/lib/respeaker_ros
[2.293s] Installing keyboard_serial script to /home/roamio42/Desktop/mic_control/install/respeaker_ros/lib/respeaker_ros
[2.300s] Installing mpu6050_driver script to /home/roamio42/Desktop/mic_control/install/respeaker_ros/lib/respeaker_ros
[2.301s] Installing respeaker_node script to /home/roamio42/Desktop/mic_control/install/respeaker_ros/lib/respeaker_ros
[2.303s] writing list of installed files to '/home/roamio42/Desktop/mic_control/build/respeaker_ros/install.log'
[2.397s] Invoked command in '/home/roamio42/Desktop/mic_control/src/respeaker_ros' returned '0': CMAKE_PREFIX_PATH=/home/roamio42/Desktop/mic_control/install/audio_common_msgs:/home/roamio42/Desktop/mic_control/install/audio_play:/home/roamio42/Desktop/mic_control/install/audio_capture:/opt/ros/jazzy/opt/gz_sim_vendor:/opt/ros/jazzy/opt/gz_sensors_vendor:/opt/ros/jazzy/opt/gz_physics_vendor:/opt/ros/jazzy/opt/sdformat_vendor:/opt/ros/jazzy/opt/gz_gui_vendor:/opt/ros/jazzy/opt/gz_transport_vendor:/opt/ros/jazzy/opt/gz_rendering_vendor:/opt/ros/jazzy/opt/gz_plugin_vendor:/opt/ros/jazzy/opt/gz_fuel_tools_vendor:/opt/ros/jazzy/opt/gz_msgs_vendor:/opt/ros/jazzy/opt/gz_common_vendor:/opt/ros/jazzy/opt/gz_math_vendor:/opt/ros/jazzy/opt/gz_utils_vendor:/opt/ros/jazzy/opt/gz_tools_vendor:/opt/ros/jazzy/opt/gz_ogre_next_vendor:/opt/ros/jazzy/opt/gz_dartsim_vendor:/opt/ros/jazzy/opt/gz_cmake_vendor DEBUGINFOD_URLS=https://debuginfod.ubuntu.com LD_LIBRARY_PATH=/home/roamio42/Desktop/mic_control/install/audio_common_msgs/lib:/home/roamio42/Desktop/mic_control/install/audio_play/lib:/home/roamio42/Desktop/mic_control/install/audio_capture/lib:/opt/ros/jazzy/opt/gz_sim_vendor/lib:/opt/ros/jazzy/opt/gz_sensors_vendor/lib:/opt/ros/jazzy/opt/gz_physics_vendor/lib:/opt/ros/jazzy/opt/sdformat_vendor/lib:/opt/ros/jazzy/opt/rviz_ogre_vendor/lib:/opt/ros/jazzy/lib/aarch64-linux-gnu:/opt/ros/jazzy/opt/gz_gui_vendor/lib:/opt/ros/jazzy/opt/gz_transport_vendor/lib:/opt/ros/jazzy/opt/gz_rendering_vendor/lib:/opt/ros/jazzy/opt/gz_plugin_vendor/lib:/opt/ros/jazzy/opt/gz_fuel_tools_vendor/lib:/opt/ros/jazzy/opt/gz_msgs_vendor/lib:/opt/ros/jazzy/opt/gz_common_vendor/lib:/opt/ros/jazzy/opt/gz_math_vendor/lib:/opt/ros/jazzy/opt/gz_utils_vendor/lib:/opt/ros/jazzy/opt/gz_tools_vendor/lib:/opt/ros/jazzy/opt/gz_ogre_next_vendor/lib:/opt/ros/jazzy/opt/gz_dartsim_vendor/lib:/opt/ros/jazzy/opt/gz_cmake_vendor/lib:/opt/ros/jazzy/lib PYTHONPATH=/home/roamio42/Desktop/mic_control/build/respeaker_ros/prefix_override:/usr/lib/python3/dist-packages/colcon_core/task/python/colcon_distutils_commands:/home/roamio42/Desktop/mic_control/install/respeaker_ros/lib/python3.12/site-packages:/home/roamio42/Desktop/mic_control/install/audio_common_msgs/lib/python3.12/site-packages:/home/roamio42/Desktop/mic_control/install/respeaker_ros/lib/python3.12/site-packages:/home/roamio42/Desktop/mic_control/install/pixel-ring/lib/python3.12/site-packages:/home/roamio42/Desktop/mic_control/install/keyboard_control/lib/python3.12/site-packages:/home/roamio42/Desktop/mic_control/install/imu/lib/python3.12/site-packages:/opt/ros/jazzy/lib/python3.12/site-packages /usr/bin/python3 -W ignore:setup.py install is deprecated -W ignore:easy_install command is deprecated setup.py egg_info --egg-base ../../build/respeaker_ros build --build-base /home/roamio42/Desktop/mic_control/build/respeaker_ros/build install --record /home/roamio42/Desktop/mic_control/build/respeaker_ros/install.log --single-version-externally-managed install_data
