[0.022s] Invoking command in '/home/roamio42/Desktop/mic_control/build/audio_common_msgs': CMAKE_PREFIX_PATH=${CMAKE_PREFIX_PATH}:/opt/ros/jazzy DEBUGINFOD_URLS=https://debuginfod.ubuntu.com /usr/bin/cmake --build /home/roamio42/Desktop/mic_control/build/audio_common_msgs -- -j4 -l4
[0.138s] [  1%] Built target audio_common_msgs__rosidl_generator_type_description
[0.162s] [  1%] Built target ament_cmake_python_copy_audio_common_msgs
[0.197s] [  3%] Built target audio_common_msgs__cpp
[0.207s] [ 24%] Built target audio_common_msgs__rosidl_generator_c
[0.288s] [ 33%] Built target audio_common_msgs__rosidl_typesupport_introspection_cpp
[0.306s] [ 42%] Built target audio_common_msgs__rosidl_typesupport_cpp
[0.321s] [ 51%] Built target audio_common_msgs__rosidl_typesupport_fastrtps_c
[0.400s] [ 61%] Built target audio_common_msgs__rosidl_typesupport_introspection_c
[0.423s] [ 70%] Built target audio_common_msgs__rosidl_typesupport_c
[0.434s] [ 79%] Built target audio_common_msgs__rosidl_typesupport_fastrtps_cpp
[0.485s] [ 79%] Built target audio_common_msgs
[0.547s] [ 81%] Built target audio_common_msgs__py
[0.618s] [ 88%] Built target audio_common_msgs__rosidl_generator_py
[0.712s] [ 92%] Built target audio_common_msgs_s__rosidl_typesupport_fastrtps_c
[0.733s] [ 96%] Built target audio_common_msgs_s__rosidl_typesupport_introspection_c
[0.737s] [100%] Built target audio_common_msgs_s__rosidl_typesupport_c
[0.760s] running egg_info
[0.788s] writing audio_common_msgs.egg-info/PKG-INFO
[0.789s] writing dependency_links to audio_common_msgs.egg-info/dependency_links.txt
[0.795s] writing top-level names to audio_common_msgs.egg-info/top_level.txt
[0.874s] reading manifest file 'audio_common_msgs.egg-info/SOURCES.txt'
[0.875s] writing manifest file 'audio_common_msgs.egg-info/SOURCES.txt'
[0.985s] [100%] Built target ament_cmake_python_build_audio_common_msgs_egg
[1.010s] Invoked command in '/home/roamio42/Desktop/mic_control/build/audio_common_msgs' returned '0': CMAKE_PREFIX_PATH=${CMAKE_PREFIX_PATH}:/opt/ros/jazzy DEBUGINFOD_URLS=https://debuginfod.ubuntu.com /usr/bin/cmake --build /home/roamio42/Desktop/mic_control/build/audio_common_msgs -- -j4 -l4
[1.032s] Invoking command in '/home/roamio42/Desktop/mic_control/build/audio_common_msgs': CMAKE_PREFIX_PATH=${CMAKE_PREFIX_PATH}:/opt/ros/jazzy DEBUGINFOD_URLS=https://debuginfod.ubuntu.com /usr/bin/cmake --install /home/roamio42/Desktop/mic_control/build/audio_common_msgs
[1.051s] -- Install configuration: ""
[1.051s] -- Up-to-date: /home/roamio42/Desktop/mic_control/install/audio_common_msgs/share/ament_index/resource_index/rosidl_interfaces/audio_common_msgs
[1.052s] -- Up-to-date: /home/roamio42/Desktop/mic_control/install/audio_common_msgs/share/audio_common_msgs/msg/AudioData.json
[1.052s] -- Up-to-date: /home/roamio42/Desktop/mic_control/install/audio_common_msgs/share/audio_common_msgs/msg/AudioDataStamped.json
[1.052s] -- Up-to-date: /home/roamio42/Desktop/mic_control/install/audio_common_msgs/share/audio_common_msgs/msg/AudioInfo.json
[1.052s] -- Up-to-date: /home/roamio42/Desktop/mic_control/install/audio_common_msgs/include/audio_common_msgs/audio_common_msgs
[1.052s] -- Up-to-date: /home/roamio42/Desktop/mic_control/install/audio_common_msgs/include/audio_common_msgs/audio_common_msgs/msg
[1.052s] -- Up-to-date: /home/roamio42/Desktop/mic_control/install/audio_common_msgs/include/audio_common_msgs/audio_common_msgs/msg/audio_data.h
[1.052s] -- Up-to-date: /home/roamio42/Desktop/mic_control/install/audio_common_msgs/include/audio_common_msgs/audio_common_msgs/msg/audio_data_stamped.h
[1.052s] -- Up-to-date: /home/roamio42/Desktop/mic_control/install/audio_common_msgs/include/audio_common_msgs/audio_common_msgs/msg/rosidl_generator_c__visibility_control.h
[1.052s] -- Up-to-date: /home/roamio42/Desktop/mic_control/install/audio_common_msgs/include/audio_common_msgs/audio_common_msgs/msg/detail
[1.052s] -- Up-to-date: /home/roamio42/Desktop/mic_control/install/audio_common_msgs/include/audio_common_msgs/audio_common_msgs/msg/detail/audio_data__functions.c
[1.052s] -- Up-to-date: /home/roamio42/Desktop/mic_control/install/audio_common_msgs/include/audio_common_msgs/audio_common_msgs/msg/detail/audio_info__description.c
[1.053s] -- Up-to-date: /home/roamio42/Desktop/mic_control/install/audio_common_msgs/include/audio_common_msgs/audio_common_msgs/msg/detail/audio_data__struct.h
[1.053s] -- Up-to-date: /home/roamio42/Desktop/mic_control/install/audio_common_msgs/include/audio_common_msgs/audio_common_msgs/msg/detail/audio_data_stamped__functions.h
[1.053s] -- Up-to-date: /home/roamio42/Desktop/mic_control/install/audio_common_msgs/include/audio_common_msgs/audio_common_msgs/msg/detail/audio_info__struct.h
[1.053s] -- Up-to-date: /home/roamio42/Desktop/mic_control/install/audio_common_msgs/include/audio_common_msgs/audio_common_msgs/msg/detail/audio_data_stamped__description.c
[1.053s] -- Up-to-date: /home/roamio42/Desktop/mic_control/install/audio_common_msgs/include/audio_common_msgs/audio_common_msgs/msg/detail/audio_data_stamped__functions.c
[1.054s] -- Up-to-date: /home/roamio42/Desktop/mic_control/install/audio_common_msgs/include/audio_common_msgs/audio_common_msgs/msg/detail/audio_data__description.c
[1.054s] -- Up-to-date: /home/roamio42/Desktop/mic_control/install/audio_common_msgs/include/audio_common_msgs/audio_common_msgs/msg/detail/audio_info__type_support.c
[1.054s] -- Up-to-date: /home/roamio42/Desktop/mic_control/install/audio_common_msgs/include/audio_common_msgs/audio_common_msgs/msg/detail/audio_info__type_support.h
[1.054s] -- Up-to-date: /home/roamio42/Desktop/mic_control/install/audio_common_msgs/include/audio_common_msgs/audio_common_msgs/msg/detail/audio_data_stamped__type_support.c
[1.054s] -- Up-to-date: /home/roamio42/Desktop/mic_control/install/audio_common_msgs/include/audio_common_msgs/audio_common_msgs/msg/detail/audio_data__type_support.h
[1.054s] -- Up-to-date: /home/roamio42/Desktop/mic_control/install/audio_common_msgs/include/audio_common_msgs/audio_common_msgs/msg/detail/audio_info__functions.h
[1.054s] -- Up-to-date: /home/roamio42/Desktop/mic_control/install/audio_common_msgs/include/audio_common_msgs/audio_common_msgs/msg/detail/audio_data__functions.h
[1.055s] -- Up-to-date: /home/roamio42/Desktop/mic_control/install/audio_common_msgs/include/audio_common_msgs/audio_common_msgs/msg/detail/audio_data_stamped__type_support.h
[1.055s] -- Up-to-date: /home/roamio42/Desktop/mic_control/install/audio_common_msgs/include/audio_common_msgs/audio_common_msgs/msg/detail/audio_info__functions.c
[1.055s] -- Up-to-date: /home/roamio42/Desktop/mic_control/install/audio_common_msgs/include/audio_common_msgs/audio_common_msgs/msg/detail/audio_data__type_support.c
[1.055s] -- Up-to-date: /home/roamio42/Desktop/mic_control/install/audio_common_msgs/include/audio_common_msgs/audio_common_msgs/msg/detail/audio_data_stamped__struct.h
[1.055s] -- Up-to-date: /home/roamio42/Desktop/mic_control/install/audio_common_msgs/include/audio_common_msgs/audio_common_msgs/msg/audio_info.h
[1.056s] -- Up-to-date: /home/roamio42/Desktop/mic_control/install/audio_common_msgs/share/audio_common_msgs/environment/library_path.sh
[1.056s] -- Up-to-date: /home/roamio42/Desktop/mic_control/install/audio_common_msgs/share/audio_common_msgs/environment/library_path.dsv
[1.056s] -- Up-to-date: /home/roamio42/Desktop/mic_control/install/audio_common_msgs/lib/libaudio_common_msgs__rosidl_generator_c.so
[1.056s] -- Up-to-date: /home/roamio42/Desktop/mic_control/install/audio_common_msgs/include/audio_common_msgs/audio_common_msgs
[1.056s] -- Up-to-date: /home/roamio42/Desktop/mic_control/install/audio_common_msgs/include/audio_common_msgs/audio_common_msgs/msg
[1.056s] -- Up-to-date: /home/roamio42/Desktop/mic_control/install/audio_common_msgs/include/audio_common_msgs/audio_common_msgs/msg/rosidl_typesupport_fastrtps_c__visibility_control.h
[1.057s] -- Up-to-date: /home/roamio42/Desktop/mic_control/install/audio_common_msgs/include/audio_common_msgs/audio_common_msgs/msg/detail
[1.057s] -- Up-to-date: /home/roamio42/Desktop/mic_control/install/audio_common_msgs/include/audio_common_msgs/audio_common_msgs/msg/detail/audio_info__rosidl_typesupport_fastrtps_c.h
[1.057s] -- Up-to-date: /home/roamio42/Desktop/mic_control/install/audio_common_msgs/include/audio_common_msgs/audio_common_msgs/msg/detail/audio_data_stamped__rosidl_typesupport_fastrtps_c.h
[1.057s] -- Up-to-date: /home/roamio42/Desktop/mic_control/install/audio_common_msgs/include/audio_common_msgs/audio_common_msgs/msg/detail/audio_data__rosidl_typesupport_fastrtps_c.h
[1.057s] -- Up-to-date: /home/roamio42/Desktop/mic_control/install/audio_common_msgs/lib/libaudio_common_msgs__rosidl_typesupport_fastrtps_c.so
[1.057s] -- Up-to-date: /home/roamio42/Desktop/mic_control/install/audio_common_msgs/include/audio_common_msgs/audio_common_msgs
[1.058s] -- Up-to-date: /home/roamio42/Desktop/mic_control/install/audio_common_msgs/include/audio_common_msgs/audio_common_msgs/msg
[1.058s] -- Up-to-date: /home/roamio42/Desktop/mic_control/install/audio_common_msgs/include/audio_common_msgs/audio_common_msgs/msg/detail
[1.058s] -- Up-to-date: /home/roamio42/Desktop/mic_control/install/audio_common_msgs/include/audio_common_msgs/audio_common_msgs/msg/detail/audio_info__rosidl_typesupport_introspection_c.h
[1.058s] -- Up-to-date: /home/roamio42/Desktop/mic_control/install/audio_common_msgs/include/audio_common_msgs/audio_common_msgs/msg/detail/audio_info__type_support.c
[1.058s] -- Up-to-date: /home/roamio42/Desktop/mic_control/install/audio_common_msgs/include/audio_common_msgs/audio_common_msgs/msg/detail/audio_data_stamped__type_support.c
[1.059s] -- Up-to-date: /home/roamio42/Desktop/mic_control/install/audio_common_msgs/include/audio_common_msgs/audio_common_msgs/msg/detail/audio_data_stamped__rosidl_typesupport_introspection_c.h
[1.059s] -- Up-to-date: /home/roamio42/Desktop/mic_control/install/audio_common_msgs/include/audio_common_msgs/audio_common_msgs/msg/detail/audio_data__rosidl_typesupport_introspection_c.h
[1.059s] -- Up-to-date: /home/roamio42/Desktop/mic_control/install/audio_common_msgs/include/audio_common_msgs/audio_common_msgs/msg/detail/audio_data__type_support.c
[1.059s] -- Up-to-date: /home/roamio42/Desktop/mic_control/install/audio_common_msgs/include/audio_common_msgs/audio_common_msgs/msg/rosidl_typesupport_introspection_c__visibility_control.h
[1.059s] -- Up-to-date: /home/roamio42/Desktop/mic_control/install/audio_common_msgs/lib/libaudio_common_msgs__rosidl_typesupport_introspection_c.so
[1.059s] -- Up-to-date: /home/roamio42/Desktop/mic_control/install/audio_common_msgs/lib/libaudio_common_msgs__rosidl_typesupport_c.so
[1.059s] -- Up-to-date: /home/roamio42/Desktop/mic_control/install/audio_common_msgs/include/audio_common_msgs/audio_common_msgs
[1.060s] -- Up-to-date: /home/roamio42/Desktop/mic_control/install/audio_common_msgs/include/audio_common_msgs/audio_common_msgs/msg
[1.060s] -- Up-to-date: /home/roamio42/Desktop/mic_control/install/audio_common_msgs/include/audio_common_msgs/audio_common_msgs/msg/audio_data.hpp
[1.060s] -- Up-to-date: /home/roamio42/Desktop/mic_control/install/audio_common_msgs/include/audio_common_msgs/audio_common_msgs/msg/detail
[1.060s] -- Up-to-date: /home/roamio42/Desktop/mic_control/install/audio_common_msgs/include/audio_common_msgs/audio_common_msgs/msg/detail/audio_data_stamped__struct.hpp
[1.060s] -- Up-to-date: /home/roamio42/Desktop/mic_control/install/audio_common_msgs/include/audio_common_msgs/audio_common_msgs/msg/detail/audio_data__builder.hpp
[1.060s] -- Up-to-date: /home/roamio42/Desktop/mic_control/install/audio_common_msgs/include/audio_common_msgs/audio_common_msgs/msg/detail/audio_info__type_support.hpp
[1.060s] -- Up-to-date: /home/roamio42/Desktop/mic_control/install/audio_common_msgs/include/audio_common_msgs/audio_common_msgs/msg/detail/audio_data_stamped__type_support.hpp
[1.061s] -- Up-to-date: /home/roamio42/Desktop/mic_control/install/audio_common_msgs/include/audio_common_msgs/audio_common_msgs/msg/detail/audio_info__struct.hpp
[1.061s] -- Up-to-date: /home/roamio42/Desktop/mic_control/install/audio_common_msgs/include/audio_common_msgs/audio_common_msgs/msg/detail/audio_data__type_support.hpp
[1.061s] -- Up-to-date: /home/roamio42/Desktop/mic_control/install/audio_common_msgs/include/audio_common_msgs/audio_common_msgs/msg/detail/audio_info__traits.hpp
[1.061s] -- Up-to-date: /home/roamio42/Desktop/mic_control/install/audio_common_msgs/include/audio_common_msgs/audio_common_msgs/msg/detail/audio_data_stamped__builder.hpp
[1.061s] -- Up-to-date: /home/roamio42/Desktop/mic_control/install/audio_common_msgs/include/audio_common_msgs/audio_common_msgs/msg/detail/audio_data__struct.hpp
[1.061s] -- Up-to-date: /home/roamio42/Desktop/mic_control/install/audio_common_msgs/include/audio_common_msgs/audio_common_msgs/msg/detail/audio_data__traits.hpp
[1.061s] -- Up-to-date: /home/roamio42/Desktop/mic_control/install/audio_common_msgs/include/audio_common_msgs/audio_common_msgs/msg/detail/audio_info__builder.hpp
[1.061s] -- Up-to-date: /home/roamio42/Desktop/mic_control/install/audio_common_msgs/include/audio_common_msgs/audio_common_msgs/msg/detail/audio_data_stamped__traits.hpp
[1.061s] -- Up-to-date: /home/roamio42/Desktop/mic_control/install/audio_common_msgs/include/audio_common_msgs/audio_common_msgs/msg/audio_data_stamped.hpp
[1.061s] -- Up-to-date: /home/roamio42/Desktop/mic_control/install/audio_common_msgs/include/audio_common_msgs/audio_common_msgs/msg/rosidl_generator_cpp__visibility_control.hpp
[1.062s] -- Up-to-date: /home/roamio42/Desktop/mic_control/install/audio_common_msgs/include/audio_common_msgs/audio_common_msgs/msg/audio_info.hpp
[1.062s] -- Up-to-date: /home/roamio42/Desktop/mic_control/install/audio_common_msgs/include/audio_common_msgs/audio_common_msgs
[1.062s] -- Up-to-date: /home/roamio42/Desktop/mic_control/install/audio_common_msgs/include/audio_common_msgs/audio_common_msgs/msg
[1.062s] -- Up-to-date: /home/roamio42/Desktop/mic_control/install/audio_common_msgs/include/audio_common_msgs/audio_common_msgs/msg/detail
[1.062s] -- Up-to-date: /home/roamio42/Desktop/mic_control/install/audio_common_msgs/include/audio_common_msgs/audio_common_msgs/msg/detail/audio_data__rosidl_typesupport_fastrtps_cpp.hpp
[1.062s] -- Up-to-date: /home/roamio42/Desktop/mic_control/install/audio_common_msgs/include/audio_common_msgs/audio_common_msgs/msg/detail/dds_fastrtps
[1.062s] -- Up-to-date: /home/roamio42/Desktop/mic_control/install/audio_common_msgs/include/audio_common_msgs/audio_common_msgs/msg/detail/audio_data_stamped__rosidl_typesupport_fastrtps_cpp.hpp
[1.062s] -- Up-to-date: /home/roamio42/Desktop/mic_control/install/audio_common_msgs/include/audio_common_msgs/audio_common_msgs/msg/detail/audio_info__rosidl_typesupport_fastrtps_cpp.hpp
[1.062s] -- Up-to-date: /home/roamio42/Desktop/mic_control/install/audio_common_msgs/include/audio_common_msgs/audio_common_msgs/msg/rosidl_typesupport_fastrtps_cpp__visibility_control.h
[1.062s] -- Up-to-date: /home/roamio42/Desktop/mic_control/install/audio_common_msgs/lib/libaudio_common_msgs__rosidl_typesupport_fastrtps_cpp.so
[1.062s] -- Up-to-date: /home/roamio42/Desktop/mic_control/install/audio_common_msgs/include/audio_common_msgs/audio_common_msgs
[1.063s] -- Up-to-date: /home/roamio42/Desktop/mic_control/install/audio_common_msgs/include/audio_common_msgs/audio_common_msgs/msg
[1.063s] -- Up-to-date: /home/roamio42/Desktop/mic_control/install/audio_common_msgs/include/audio_common_msgs/audio_common_msgs/msg/detail
[1.063s] -- Up-to-date: /home/roamio42/Desktop/mic_control/install/audio_common_msgs/include/audio_common_msgs/audio_common_msgs/msg/detail/audio_data__rosidl_typesupport_introspection_cpp.hpp
[1.063s] -- Up-to-date: /home/roamio42/Desktop/mic_control/install/audio_common_msgs/include/audio_common_msgs/audio_common_msgs/msg/detail/audio_data_stamped__rosidl_typesupport_introspection_cpp.hpp
[1.063s] -- Up-to-date: /home/roamio42/Desktop/mic_control/install/audio_common_msgs/include/audio_common_msgs/audio_common_msgs/msg/detail/audio_info__rosidl_typesupport_introspection_cpp.hpp
[1.063s] -- Up-to-date: /home/roamio42/Desktop/mic_control/install/audio_common_msgs/include/audio_common_msgs/audio_common_msgs/msg/detail/audio_info__type_support.cpp
[1.063s] -- Up-to-date: /home/roamio42/Desktop/mic_control/install/audio_common_msgs/include/audio_common_msgs/audio_common_msgs/msg/detail/audio_data_stamped__type_support.cpp
[1.063s] -- Up-to-date: /home/roamio42/Desktop/mic_control/install/audio_common_msgs/include/audio_common_msgs/audio_common_msgs/msg/detail/audio_data__type_support.cpp
[1.063s] -- Up-to-date: /home/roamio42/Desktop/mic_control/install/audio_common_msgs/lib/libaudio_common_msgs__rosidl_typesupport_introspection_cpp.so
[1.063s] -- Up-to-date: /home/roamio42/Desktop/mic_control/install/audio_common_msgs/lib/libaudio_common_msgs__rosidl_typesupport_cpp.so
[1.064s] -- Up-to-date: /home/roamio42/Desktop/mic_control/install/audio_common_msgs/share/audio_common_msgs/environment/pythonpath.sh
[1.064s] -- Up-to-date: /home/roamio42/Desktop/mic_control/install/audio_common_msgs/share/audio_common_msgs/environment/pythonpath.dsv
[1.064s] -- Up-to-date: /home/roamio42/Desktop/mic_control/install/audio_common_msgs/lib/python3.12/site-packages/audio_common_msgs-0.3.12-py3.12.egg-info
[1.064s] -- Installing: /home/roamio42/Desktop/mic_control/install/audio_common_msgs/lib/python3.12/site-packages/audio_common_msgs-0.3.12-py3.12.egg-info/dependency_links.txt
[1.064s] -- Installing: /home/roamio42/Desktop/mic_control/install/audio_common_msgs/lib/python3.12/site-packages/audio_common_msgs-0.3.12-py3.12.egg-info/PKG-INFO
[1.064s] -- Installing: /home/roamio42/Desktop/mic_control/install/audio_common_msgs/lib/python3.12/site-packages/audio_common_msgs-0.3.12-py3.12.egg-info/top_level.txt
[1.064s] -- Installing: /home/roamio42/Desktop/mic_control/install/audio_common_msgs/lib/python3.12/site-packages/audio_common_msgs-0.3.12-py3.12.egg-info/SOURCES.txt
[1.064s] -- Up-to-date: /home/roamio42/Desktop/mic_control/install/audio_common_msgs/lib/python3.12/site-packages/audio_common_msgs
[1.064s] -- Up-to-date: /home/roamio42/Desktop/mic_control/install/audio_common_msgs/lib/python3.12/site-packages/audio_common_msgs/audio_common_msgs_s__rosidl_typesupport_fastrtps_c.so
[1.064s] -- Up-to-date: /home/roamio42/Desktop/mic_control/install/audio_common_msgs/lib/python3.12/site-packages/audio_common_msgs/_audio_common_msgs_s.ep.rosidl_typesupport_fastrtps_c.c
[1.065s] -- Up-to-date: /home/roamio42/Desktop/mic_control/install/audio_common_msgs/lib/python3.12/site-packages/audio_common_msgs/__init__.py
[1.065s] -- Up-to-date: /home/roamio42/Desktop/mic_control/install/audio_common_msgs/lib/python3.12/site-packages/audio_common_msgs/msg
[1.065s] -- Up-to-date: /home/roamio42/Desktop/mic_control/install/audio_common_msgs/lib/python3.12/site-packages/audio_common_msgs/msg/_audio_info.py
[1.065s] -- Up-to-date: /home/roamio42/Desktop/mic_control/install/audio_common_msgs/lib/python3.12/site-packages/audio_common_msgs/msg/_audio_data_stamped.py
[1.065s] -- Up-to-date: /home/roamio42/Desktop/mic_control/install/audio_common_msgs/lib/python3.12/site-packages/audio_common_msgs/msg/_audio_data_s.c
[1.065s] -- Up-to-date: /home/roamio42/Desktop/mic_control/install/audio_common_msgs/lib/python3.12/site-packages/audio_common_msgs/msg/_audio_data.py
[1.065s] -- Up-to-date: /home/roamio42/Desktop/mic_control/install/audio_common_msgs/lib/python3.12/site-packages/audio_common_msgs/msg/__init__.py
[1.065s] -- Up-to-date: /home/roamio42/Desktop/mic_control/install/audio_common_msgs/lib/python3.12/site-packages/audio_common_msgs/msg/_audio_info_s.c
[1.065s] -- Up-to-date: /home/roamio42/Desktop/mic_control/install/audio_common_msgs/lib/python3.12/site-packages/audio_common_msgs/msg/_audio_data_stamped_s.c
[1.066s] -- Up-to-date: /home/roamio42/Desktop/mic_control/install/audio_common_msgs/lib/python3.12/site-packages/audio_common_msgs/_audio_common_msgs_s.ep.rosidl_typesupport_introspection_c.c
[1.066s] -- Up-to-date: /home/roamio42/Desktop/mic_control/install/audio_common_msgs/lib/python3.12/site-packages/audio_common_msgs/audio_common_msgs_s__rosidl_typesupport_introspection_c.so
[1.066s] -- Up-to-date: /home/roamio42/Desktop/mic_control/install/audio_common_msgs/lib/python3.12/site-packages/audio_common_msgs/_audio_common_msgs_s.ep.rosidl_typesupport_c.c
[1.066s] -- Up-to-date: /home/roamio42/Desktop/mic_control/install/audio_common_msgs/lib/python3.12/site-packages/audio_common_msgs/audio_common_msgs_s__rosidl_typesupport_c.so
[1.123s] Listing '/home/roamio42/Desktop/mic_control/install/audio_common_msgs/lib/python3.12/site-packages/audio_common_msgs'...
[1.123s] Listing '/home/roamio42/Desktop/mic_control/install/audio_common_msgs/lib/python3.12/site-packages/audio_common_msgs/msg'...
[1.138s] -- Up-to-date: /home/roamio42/Desktop/mic_control/install/audio_common_msgs/lib/python3.12/site-packages/audio_common_msgs/audio_common_msgs_s__rosidl_typesupport_fastrtps_c.so
[1.138s] -- Up-to-date: /home/roamio42/Desktop/mic_control/install/audio_common_msgs/lib/python3.12/site-packages/audio_common_msgs/audio_common_msgs_s__rosidl_typesupport_introspection_c.so
[1.138s] -- Up-to-date: /home/roamio42/Desktop/mic_control/install/audio_common_msgs/lib/python3.12/site-packages/audio_common_msgs/audio_common_msgs_s__rosidl_typesupport_c.so
[1.139s] -- Up-to-date: /home/roamio42/Desktop/mic_control/install/audio_common_msgs/lib/libaudio_common_msgs__rosidl_generator_py.so
[1.139s] -- Up-to-date: /home/roamio42/Desktop/mic_control/install/audio_common_msgs/share/audio_common_msgs/msg/AudioData.idl
[1.139s] -- Up-to-date: /home/roamio42/Desktop/mic_control/install/audio_common_msgs/share/audio_common_msgs/msg/AudioDataStamped.idl
[1.140s] -- Up-to-date: /home/roamio42/Desktop/mic_control/install/audio_common_msgs/share/audio_common_msgs/msg/AudioInfo.idl
[1.140s] -- Up-to-date: /home/roamio42/Desktop/mic_control/install/audio_common_msgs/share/audio_common_msgs/msg/AudioData.msg
[1.140s] -- Up-to-date: /home/roamio42/Desktop/mic_control/install/audio_common_msgs/share/audio_common_msgs/msg/AudioDataStamped.msg
[1.140s] -- Up-to-date: /home/roamio42/Desktop/mic_control/install/audio_common_msgs/share/audio_common_msgs/msg/AudioInfo.msg
[1.140s] -- Up-to-date: /home/roamio42/Desktop/mic_control/install/audio_common_msgs/share/ament_index/resource_index/package_run_dependencies/audio_common_msgs
[1.140s] -- Up-to-date: /home/roamio42/Desktop/mic_control/install/audio_common_msgs/share/ament_index/resource_index/parent_prefix_path/audio_common_msgs
[1.141s] -- Up-to-date: /home/roamio42/Desktop/mic_control/install/audio_common_msgs/share/audio_common_msgs/environment/ament_prefix_path.sh
[1.141s] -- Up-to-date: /home/roamio42/Desktop/mic_control/install/audio_common_msgs/share/audio_common_msgs/environment/ament_prefix_path.dsv
[1.142s] -- Up-to-date: /home/roamio42/Desktop/mic_control/install/audio_common_msgs/share/audio_common_msgs/environment/path.sh
[1.142s] -- Up-to-date: /home/roamio42/Desktop/mic_control/install/audio_common_msgs/share/audio_common_msgs/environment/path.dsv
[1.142s] -- Up-to-date: /home/roamio42/Desktop/mic_control/install/audio_common_msgs/share/audio_common_msgs/local_setup.bash
[1.142s] -- Up-to-date: /home/roamio42/Desktop/mic_control/install/audio_common_msgs/share/audio_common_msgs/local_setup.sh
[1.142s] -- Up-to-date: /home/roamio42/Desktop/mic_control/install/audio_common_msgs/share/audio_common_msgs/local_setup.zsh
[1.142s] -- Up-to-date: /home/roamio42/Desktop/mic_control/install/audio_common_msgs/share/audio_common_msgs/local_setup.dsv
[1.143s] -- Installing: /home/roamio42/Desktop/mic_control/install/audio_common_msgs/share/audio_common_msgs/package.dsv
[1.143s] -- Up-to-date: /home/roamio42/Desktop/mic_control/install/audio_common_msgs/share/ament_index/resource_index/packages/audio_common_msgs
[1.143s] -- Up-to-date: /home/roamio42/Desktop/mic_control/install/audio_common_msgs/share/audio_common_msgs/cmake/export_audio_common_msgs__rosidl_generator_cExport.cmake
[1.143s] -- Up-to-date: /home/roamio42/Desktop/mic_control/install/audio_common_msgs/share/audio_common_msgs/cmake/export_audio_common_msgs__rosidl_generator_cExport-noconfig.cmake
[1.143s] -- Up-to-date: /home/roamio42/Desktop/mic_control/install/audio_common_msgs/share/audio_common_msgs/cmake/export_audio_common_msgs__rosidl_typesupport_fastrtps_cExport.cmake
[1.144s] -- Up-to-date: /home/roamio42/Desktop/mic_control/install/audio_common_msgs/share/audio_common_msgs/cmake/export_audio_common_msgs__rosidl_typesupport_fastrtps_cExport-noconfig.cmake
[1.144s] -- Up-to-date: /home/roamio42/Desktop/mic_control/install/audio_common_msgs/share/audio_common_msgs/cmake/audio_common_msgs__rosidl_typesupport_introspection_cExport.cmake
[1.144s] -- Up-to-date: /home/roamio42/Desktop/mic_control/install/audio_common_msgs/share/audio_common_msgs/cmake/audio_common_msgs__rosidl_typesupport_introspection_cExport-noconfig.cmake
[1.144s] -- Up-to-date: /home/roamio42/Desktop/mic_control/install/audio_common_msgs/share/audio_common_msgs/cmake/audio_common_msgs__rosidl_typesupport_cExport.cmake
[1.144s] -- Up-to-date: /home/roamio42/Desktop/mic_control/install/audio_common_msgs/share/audio_common_msgs/cmake/audio_common_msgs__rosidl_typesupport_cExport-noconfig.cmake
[1.144s] -- Up-to-date: /home/roamio42/Desktop/mic_control/install/audio_common_msgs/share/audio_common_msgs/cmake/export_audio_common_msgs__rosidl_generator_cppExport.cmake
[1.144s] -- Up-to-date: /home/roamio42/Desktop/mic_control/install/audio_common_msgs/share/audio_common_msgs/cmake/export_audio_common_msgs__rosidl_typesupport_fastrtps_cppExport.cmake
[1.144s] -- Up-to-date: /home/roamio42/Desktop/mic_control/install/audio_common_msgs/share/audio_common_msgs/cmake/export_audio_common_msgs__rosidl_typesupport_fastrtps_cppExport-noconfig.cmake
[1.145s] -- Up-to-date: /home/roamio42/Desktop/mic_control/install/audio_common_msgs/share/audio_common_msgs/cmake/audio_common_msgs__rosidl_typesupport_introspection_cppExport.cmake
[1.145s] -- Up-to-date: /home/roamio42/Desktop/mic_control/install/audio_common_msgs/share/audio_common_msgs/cmake/audio_common_msgs__rosidl_typesupport_introspection_cppExport-noconfig.cmake
[1.145s] -- Up-to-date: /home/roamio42/Desktop/mic_control/install/audio_common_msgs/share/audio_common_msgs/cmake/audio_common_msgs__rosidl_typesupport_cppExport.cmake
[1.145s] -- Up-to-date: /home/roamio42/Desktop/mic_control/install/audio_common_msgs/share/audio_common_msgs/cmake/audio_common_msgs__rosidl_typesupport_cppExport-noconfig.cmake
[1.145s] -- Up-to-date: /home/roamio42/Desktop/mic_control/install/audio_common_msgs/share/audio_common_msgs/cmake/export_audio_common_msgs__rosidl_generator_pyExport.cmake
[1.145s] -- Up-to-date: /home/roamio42/Desktop/mic_control/install/audio_common_msgs/share/audio_common_msgs/cmake/export_audio_common_msgs__rosidl_generator_pyExport-noconfig.cmake
[1.145s] -- Up-to-date: /home/roamio42/Desktop/mic_control/install/audio_common_msgs/share/audio_common_msgs/cmake/rosidl_cmake-extras.cmake
[1.146s] -- Up-to-date: /home/roamio42/Desktop/mic_control/install/audio_common_msgs/share/audio_common_msgs/cmake/ament_cmake_export_dependencies-extras.cmake
[1.146s] -- Up-to-date: /home/roamio42/Desktop/mic_control/install/audio_common_msgs/share/audio_common_msgs/cmake/ament_cmake_export_include_directories-extras.cmake
[1.146s] -- Up-to-date: /home/roamio42/Desktop/mic_control/install/audio_common_msgs/share/audio_common_msgs/cmake/ament_cmake_export_libraries-extras.cmake
[1.146s] -- Up-to-date: /home/roamio42/Desktop/mic_control/install/audio_common_msgs/share/audio_common_msgs/cmake/ament_cmake_export_targets-extras.cmake
[1.146s] -- Up-to-date: /home/roamio42/Desktop/mic_control/install/audio_common_msgs/share/audio_common_msgs/cmake/rosidl_cmake_export_typesupport_targets-extras.cmake
[1.146s] -- Up-to-date: /home/roamio42/Desktop/mic_control/install/audio_common_msgs/share/audio_common_msgs/cmake/rosidl_cmake_export_typesupport_libraries-extras.cmake
[1.146s] -- Up-to-date: /home/roamio42/Desktop/mic_control/install/audio_common_msgs/share/audio_common_msgs/cmake/audio_common_msgsConfig.cmake
[1.147s] -- Up-to-date: /home/roamio42/Desktop/mic_control/install/audio_common_msgs/share/audio_common_msgs/cmake/audio_common_msgsConfig-version.cmake
[1.147s] -- Up-to-date: /home/roamio42/Desktop/mic_control/install/audio_common_msgs/share/audio_common_msgs/package.xml
[1.149s] Invoked command in '/home/roamio42/Desktop/mic_control/build/audio_common_msgs' returned '0': CMAKE_PREFIX_PATH=${CMAKE_PREFIX_PATH}:/opt/ros/jazzy DEBUGINFOD_URLS=https://debuginfod.ubuntu.com /usr/bin/cmake --install /home/roamio42/Desktop/mic_control/build/audio_common_msgs
